[ 2018-09-07T03:06:00+08:00 ] 123.126.113.132 /index.php/Home/Product/prodisplay/pid/102.html
INFO: [ app_init ] --START--
INFO: Run Behavior\BuildLiteBehavior [ RunTime:0.000000s ]
INFO: [ app_init ] --END-- [ RunTime:0.000000s ]
INFO: [ app_begin ] --START--
INFO: Run Behavior\ReadHtmlCacheBehavior [ RunTime:0.015625s ]
INFO: Run Behavior\CheckLangBehavior [ RunTime:0.015625s ]
INFO: [ app_begin ] --END-- [ RunTime:0.031250s ]
SQL: SHOW COLUMNS FROM `dn_cate` [ RunTime:0.0000s ]
SQL: SELECT * FROM `dn_cate` WHERE ( c_cate='列表页' ) ORDER BY c_pai desc,c_id desc  [ RunTime:0.0000s ]
SQL: select * from dn_cate as c join dn_product as p on p.c_id=c.c_id where p.p_id=102 [ RunTime:0.0156s ]
SQL: SHOW COLUMNS FROM `dn_lianxi` [ RunTime:0.0156s ]
SQL: SELECT * FROM `dn_lianxi` WHERE ( l_id=1 ) LIMIT 1   [ RunTime:0.0000s ]
SQL: SHOW COLUMNS FROM `dn_product` [ RunTime:0.0000s ]
SQL: UPDATE `dn_product` SET `p_click`='156' WHERE ( p_id=102 ) [ RunTime:0.0469s ]
SQL: SHOW COLUMNS FROM `dn_news` [ RunTime:0.0156s ]
SQL: SELECT * FROM `dn_news` ORDER BY n_click desc LIMIT 0,6   [ RunTime:0.0000s ]
INFO: [ view_parse ] --START--
INFO: [ template_filter ] --START--
INFO: Run Behavior\ContentReplaceBehavior [ RunTime:0.000000s ]
INFO: [ template_filter ] --END-- [ RunTime:0.000000s ]
INFO: Run Behavior\ParseTemplateBehavior [ RunTime:0.093750s ]
INFO: [ view_parse ] --END-- [ RunTime:0.093750s ]
INFO: [ view_filter ] --START--
INFO: Run Behavior\WriteHtmlCacheBehavior [ RunTime:0.000000s ]
INFO: [ view_filter ] --END-- [ RunTime:0.000000s ]
INFO: [ app_end ] --START--
INFO: Run Behavior\ShowPageTraceBehavior [ RunTime:0.015625s ]
INFO: [ app_end ] --END-- [ RunTime:0.015625s ]

[ 2018-09-07T03:06:17+08:00 ] 123.126.113.132 /index.php/Home/Product/prodisplay/pid/42.html
INFO: [ app_init ] --START--
INFO: Run Behavior\BuildLiteBehavior [ RunTime:0.000000s ]
INFO: [ app_init ] --END-- [ RunTime:0.000000s ]
INFO: [ app_begin ] --START--
INFO: Run Behavior\ReadHtmlCacheBehavior [ RunTime:0.000000s ]
INFO: Run Behavior\CheckLangBehavior [ RunTime:0.000000s ]
INFO: [ app_begin ] --END-- [ RunTime:0.000000s ]
SQL: SHOW COLUMNS FROM `dn_cate` [ RunTime:0.0000s ]
SQL: SELECT * FROM `dn_cate` WHERE ( c_cate='列表页' ) ORDER BY c_pai desc,c_id desc  [ RunTime:0.0000s ]
SQL: select * from dn_cate as c join dn_product as p on p.c_id=c.c_id where p.p_id=42 [ RunTime:0.0000s ]
SQL: SHOW COLUMNS FROM `dn_lianxi` [ RunTime:0.0000s ]
SQL: SELECT * FROM `dn_lianxi` WHERE ( l_id=1 ) LIMIT 1   [ RunTime:0.0000s ]
SQL: SHOW COLUMNS FROM `dn_product` [ RunTime:0.0156s ]
SQL: UPDATE `dn_product` SET `p_click`='269' WHERE ( p_id=42 ) [ RunTime:0.0000s ]
SQL: SHOW COLUMNS FROM `dn_news` [ RunTime:0.0156s ]
SQL: SELECT * FROM `dn_news` ORDER BY n_click desc LIMIT 0,6   [ RunTime:0.0000s ]
INFO: [ view_parse ] --START--
INFO: [ template_filter ] --START--
INFO: Run Behavior\ContentReplaceBehavior [ RunTime:0.000000s ]
INFO: [ template_filter ] --END-- [ RunTime:0.000000s ]
INFO: Run Behavior\ParseTemplateBehavior [ RunTime:0.015625s ]
INFO: [ view_parse ] --END-- [ RunTime:0.015625s ]
INFO: [ view_filter ] --START--
INFO: Run Behavior\WriteHtmlCacheBehavior [ RunTime:0.000000s ]
INFO: [ view_filter ] --END-- [ RunTime:0.000000s ]
INFO: [ app_end ] --START--
INFO: Run Behavior\ShowPageTraceBehavior [ RunTime:0.000000s ]
INFO: [ app_end ] --END-- [ RunTime:0.000000s ]

[ 2018-09-07T03:06:33+08:00 ] 123.126.113.132 /index.php/Home/Product/prodisplay/pid/85.html
INFO: [ app_init ] --START--
INFO: Run Behavior\BuildLiteBehavior [ RunTime:0.000000s ]
INFO: [ app_init ] --END-- [ RunTime:0.015625s ]
INFO: [ app_begin ] --START--
INFO: Run Behavior\ReadHtmlCacheBehavior [ RunTime:0.000000s ]
INFO: Run Behavior\CheckLangBehavior [ RunTime:0.000000s ]
INFO: [ app_begin ] --END-- [ RunTime:0.000000s ]
SQL: SHOW COLUMNS FROM `dn_cate` [ RunTime:0.0000s ]
SQL: SELECT * FROM `dn_cate` WHERE ( c_cate='列表页' ) ORDER BY c_pai desc,c_id desc  [ RunTime:0.0000s ]
SQL: select * from dn_cate as c join dn_product as p on p.c_id=c.c_id where p.p_id=85 [ RunTime:0.0000s ]
SQL: SHOW COLUMNS FROM `dn_lianxi` [ RunTime:0.0156s ]
SQL: SELECT * FROM `dn_lianxi` WHERE ( l_id=1 ) LIMIT 1   [ RunTime:0.0000s ]
SQL: SHOW COLUMNS FROM `dn_product` [ RunTime:0.0000s ]
SQL: UPDATE `dn_product` SET `p_click`='149' WHERE ( p_id=85 ) [ RunTime:0.0156s ]
SQL: SHOW COLUMNS FROM `dn_news` [ RunTime:0.0000s ]
SQL: SELECT * FROM `dn_news` ORDER BY n_click desc LIMIT 0,6   [ RunTime:0.0000s ]
INFO: [ view_parse ] --START--
INFO: [ template_filter ] --START--
INFO: Run Behavior\ContentReplaceBehavior [ RunTime:0.000000s ]
INFO: [ template_filter ] --END-- [ RunTime:0.000000s ]
INFO: Run Behavior\ParseTemplateBehavior [ RunTime:0.015625s ]
INFO: [ view_parse ] --END-- [ RunTime:0.015625s ]
INFO: [ view_filter ] --START--
INFO: Run Behavior\WriteHtmlCacheBehavior [ RunTime:0.000000s ]
INFO: [ view_filter ] --END-- [ RunTime:0.000000s ]
INFO: [ app_end ] --START--
INFO: Run Behavior\ShowPageTraceBehavior [ RunTime:0.015625s ]
INFO: [ app_end ] --END-- [ RunTime:0.015625s ]

[ 2018-09-07T03:06:53+08:00 ] 123.126.113.132 /index.php/Home/Product/prodisplay/pid/69.html
INFO: [ app_init ] --START--
INFO: Run Behavior\BuildLiteBehavior [ RunTime:0.000000s ]
INFO: [ app_init ] --END-- [ RunTime:0.000000s ]
INFO: [ app_begin ] --START--
INFO: Run Behavior\ReadHtmlCacheBehavior [ RunTime:0.000000s ]
INFO: Run Behavior\CheckLangBehavior [ RunTime:0.000000s ]
INFO: [ app_begin ] --END-- [ RunTime:0.000000s ]
SQL: SHOW COLUMNS FROM `dn_cate` [ RunTime:0.0000s ]
SQL: SELECT * FROM `dn_cate` WHERE ( c_cate='列表页' ) ORDER BY c_pai desc,c_id desc  [ RunTime:0.0000s ]
SQL: select * from dn_cate as c join dn_product as p on p.c_id=c.c_id where p.p_id=69 [ RunTime:0.0000s ]
SQL: SHOW COLUMNS FROM `dn_lianxi` [ RunTime:0.0000s ]
SQL: SELECT * FROM `dn_lianxi` WHERE ( l_id=1 ) LIMIT 1   [ RunTime:0.0000s ]
SQL: SHOW COLUMNS FROM `dn_product` [ RunTime:0.0156s ]
SQL: UPDATE `dn_product` SET `p_click`='166' WHERE ( p_id=69 ) [ RunTime:0.0000s ]
SQL: SHOW COLUMNS FROM `dn_news` [ RunTime:0.0156s ]
SQL: SELECT * FROM `dn_news` ORDER BY n_click desc LIMIT 0,6   [ RunTime:0.0000s ]
INFO: [ view_parse ] --START--
INFO: [ template_filter ] --START--
INFO: Run Behavior\ContentReplaceBehavior [ RunTime:0.000000s ]
INFO: [ template_filter ] --END-- [ RunTime:0.000000s ]
INFO: Run Behavior\ParseTemplateBehavior [ RunTime:0.015625s ]
INFO: [ view_parse ] --END-- [ RunTime:0.015625s ]
INFO: [ view_filter ] --START--
INFO: Run Behavior\WriteHtmlCacheBehavior [ RunTime:0.000000s ]
INFO: [ view_filter ] --END-- [ RunTime:0.000000s ]
INFO: [ app_end ] --START--
INFO: Run Behavior\ShowPageTraceBehavior [ RunTime:0.000000s ]
INFO: [ app_end ] --END-- [ RunTime:0.000000s ]

[ 2018-09-07T05:10:14+08:00 ] 127.0.0.1 /
INFO: [ app_init ] --START--
INFO: Run Behavior\BuildLiteBehavior [ RunTime:0.000000s ]
INFO: [ app_init ] --END-- [ RunTime:0.000000s ]
INFO: [ app_begin ] --START--
INFO: Run Behavior\ReadHtmlCacheBehavior [ RunTime:0.015625s ]
INFO: Run Behavior\CheckLangBehavior [ RunTime:0.000000s ]
INFO: [ app_begin ] --END-- [ RunTime:0.015625s ]
SQL: SHOW COLUMNS FROM `dn_banner` [ RunTime:0.0000s ]
SQL: SELECT * FROM `dn_banner` ORDER BY b_pai desc LIMIT 0,5   [ RunTime:0.0000s ]
SQL: SHOW COLUMNS FROM `dn_gaishu` [ RunTime:0.0000s ]
SQL: SELECT * FROM `dn_gaishu`  [ RunTime:0.0156s ]
SQL: select * from dn_product as p join dn_cate as c on c.c_id=p.c_id where c.c_name='检测设备' order by p_pai desc,p_id desc limit 0,8 [ RunTime:0.0000s ]
SQL: select * from dn_product as p join dn_cate as c on c.c_id=p.c_id where c.c_name='生产研发' order by p_pai desc,p_id desc limit 0,8 [ RunTime:0.0000s ]
SQL: SHOW COLUMNS FROM `dn_lianxi` [ RunTime:0.0156s ]
SQL: SELECT * FROM `dn_lianxi` WHERE ( l_id=1 ) LIMIT 1   [ RunTime:0.0000s ]
SQL: SHOW COLUMNS FROM `dn_news` [ RunTime:0.0156s ]
SQL: SELECT * FROM `dn_news` WHERE ( n_cate='公司新闻' ) ORDER BY n_pai desc,n_id desc LIMIT 0,7   [ RunTime:0.0000s ]
SQL: SELECT * FROM `dn_news` WHERE ( n_cate='行业新闻' ) ORDER BY n_pai desc,n_id desc LIMIT 0,7   [ RunTime:0.0000s ]
SQL: SHOW COLUMNS FROM `dn_cooperation` [ RunTime:0.0000s ]
SQL: SELECT * FROM `dn_cooperation` ORDER BY co_pai desc,co_id desc  [ RunTime:0.0000s ]
INFO: [ view_parse ] --START--
INFO: [ template_filter ] --START--
INFO: Run Behavior\ContentReplaceBehavior [ RunTime:0.000000s ]
INFO: [ template_filter ] --END-- [ RunTime:0.000000s ]
NOTIC: [8] Undefined variable: video D:\wwwroot\bjhtx\wwwroot\Application\Runtime\Cache\Home\2a94b8bda04ff446dcedd42276fc99ee.php 第 133 行.
INFO: Run Behavior\ParseTemplateBehavior [ RunTime:0.078125s ]
INFO: [ view_parse ] --END-- [ RunTime:0.078125s ]
INFO: [ view_filter ] --START--
INFO: Run Behavior\WriteHtmlCacheBehavior [ RunTime:0.015625s ]
INFO: [ view_filter ] --END-- [ RunTime:0.015625s ]
INFO: [ app_end ] --START--
INFO: Run Behavior\ShowPageTraceBehavior [ RunTime:0.000000s ]
INFO: [ app_end ] --END-- [ RunTime:0.000000s ]

[ 2018-09-07T06:32:43+08:00 ] 127.0.0.1 /
INFO: [ app_init ] --START--
INFO: Run Behavior\BuildLiteBehavior [ RunTime:0.000000s ]
INFO: [ app_init ] --END-- [ RunTime:0.000000s ]
INFO: [ app_begin ] --START--
INFO: Run Behavior\ReadHtmlCacheBehavior [ RunTime:0.000000s ]
INFO: Run Behavior\CheckLangBehavior [ RunTime:0.000000s ]
INFO: [ app_begin ] --END-- [ RunTime:0.000000s ]
SQL: SHOW COLUMNS FROM `dn_banner` [ RunTime:0.0000s ]
SQL: SELECT * FROM `dn_banner` ORDER BY b_pai desc LIMIT 0,5   [ RunTime:0.0000s ]
SQL: SHOW COLUMNS FROM `dn_gaishu` [ RunTime:0.0156s ]
SQL: SELECT * FROM `dn_gaishu`  [ RunTime:0.0000s ]
SQL: select * from dn_product as p join dn_cate as c on c.c_id=p.c_id where c.c_name='检测设备' order by p_pai desc,p_id desc limit 0,8 [ RunTime:0.0000s ]
SQL: select * from dn_product as p join dn_cate as c on c.c_id=p.c_id where c.c_name='生产研发' order by p_pai desc,p_id desc limit 0,8 [ RunTime:0.0000s ]
SQL: SHOW COLUMNS FROM `dn_lianxi` [ RunTime:0.0000s ]
SQL: SELECT * FROM `dn_lianxi` WHERE ( l_id=1 ) LIMIT 1   [ RunTime:0.0000s ]
SQL: SHOW COLUMNS FROM `dn_news` [ RunTime:0.0000s ]
SQL: SELECT * FROM `dn_news` WHERE ( n_cate='公司新闻' ) ORDER BY n_pai desc,n_id desc LIMIT 0,7   [ RunTime:0.0156s ]
SQL: SELECT * FROM `dn_news` WHERE ( n_cate='行业新闻' ) ORDER BY n_pai desc,n_id desc LIMIT 0,7   [ RunTime:0.0000s ]
SQL: SHOW COLUMNS FROM `dn_cooperation` [ RunTime:0.0000s ]
SQL: SELECT * FROM `dn_cooperation` ORDER BY co_pai desc,co_id desc  [ RunTime:0.0000s ]
INFO: [ view_parse ] --START--
INFO: [ template_filter ] --START--
INFO: Run Behavior\ContentReplaceBehavior [ RunTime:0.000000s ]
INFO: [ template_filter ] --END-- [ RunTime:0.000000s ]
NOTIC: [8] Undefined variable: video D:\wwwroot\bjhtx\wwwroot\Application\Runtime\Cache\Home\2a94b8bda04ff446dcedd42276fc99ee.php 第 133 行.
INFO: Run Behavior\ParseTemplateBehavior [ RunTime:0.046875s ]
INFO: [ view_parse ] --END-- [ RunTime:0.046875s ]
INFO: [ view_filter ] --START--
INFO: Run Behavior\WriteHtmlCacheBehavior [ RunTime:0.000000s ]
INFO: [ view_filter ] --END-- [ RunTime:0.000000s ]
INFO: [ app_end ] --START--
INFO: Run Behavior\ShowPageTraceBehavior [ RunTime:0.000000s ]
INFO: [ app_end ] --END-- [ RunTime:0.000000s ]

[ 2018-09-07T08:20:30+08:00 ] 127.0.0.1 /
INFO: [ app_init ] --START--
INFO: Run Behavior\BuildLiteBehavior [ RunTime:0.000000s ]
INFO: [ app_init ] --END-- [ RunTime:0.000000s ]
INFO: [ app_begin ] --START--
INFO: Run Behavior\ReadHtmlCacheBehavior [ RunTime:0.000000s ]
INFO: Run Behavior\CheckLangBehavior [ RunTime:0.015625s ]
INFO: [ app_begin ] --END-- [ RunTime:0.015625s ]
SQL: SHOW COLUMNS FROM `dn_banner` [ RunTime:0.0000s ]
SQL: SELECT * FROM `dn_banner` ORDER BY b_pai desc LIMIT 0,5   [ RunTime:0.0000s ]
SQL: SHOW COLUMNS FROM `dn_gaishu` [ RunTime:0.0000s ]
SQL: SELECT * FROM `dn_gaishu`  [ RunTime:0.0000s ]
SQL: select * from dn_product as p join dn_cate as c on c.c_id=p.c_id where c.c_name='检测设备' order by p_pai desc,p_id desc limit 0,8 [ RunTime:0.0000s ]
SQL: select * from dn_product as p join dn_cate as c on c.c_id=p.c_id where c.c_name='生产研发' order by p_pai desc,p_id desc limit 0,8 [ RunTime:0.0156s ]
SQL: SHOW COLUMNS FROM `dn_lianxi` [ RunTime:0.0000s ]
SQL: SELECT * FROM `dn_lianxi` WHERE ( l_id=1 ) LIMIT 1   [ RunTime:0.0000s ]
SQL: SHOW COLUMNS FROM `dn_news` [ RunTime:0.0000s ]
SQL: SELECT * FROM `dn_news` WHERE ( n_cate='公司新闻' ) ORDER BY n_pai desc,n_id desc LIMIT 0,7   [ RunTime:0.0000s ]
SQL: SELECT * FROM `dn_news` WHERE ( n_cate='行业新闻' ) ORDER BY n_pai desc,n_id desc LIMIT 0,7   [ RunTime:0.0000s ]
SQL: SHOW COLUMNS FROM `dn_cooperation` [ RunTime:0.0156s ]
SQL: SELECT * FROM `dn_cooperation` ORDER BY co_pai desc,co_id desc  [ RunTime:0.0000s ]
INFO: [ view_parse ] --START--
INFO: [ template_filter ] --START--
INFO: Run Behavior\ContentReplaceBehavior [ RunTime:0.000000s ]
INFO: [ template_filter ] --END-- [ RunTime:0.000000s ]
NOTIC: [8] Undefined variable: video D:\wwwroot\bjhtx\wwwroot\Application\Runtime\Cache\Home\2a94b8bda04ff446dcedd42276fc99ee.php 第 133 行.
INFO: Run Behavior\ParseTemplateBehavior [ RunTime:0.078125s ]
INFO: [ view_parse ] --END-- [ RunTime:0.078125s ]
INFO: [ view_filter ] --START--
INFO: Run Behavior\WriteHtmlCacheBehavior [ RunTime:0.000000s ]
INFO: [ view_filter ] --END-- [ RunTime:0.000000s ]

[ 2018-09-07T08:20:32+08:00 ] 127.0.0.1 /
INFO: [ app_init ] --START--
INFO: Run Behavior\BuildLiteBehavior [ RunTime:0.000000s ]
INFO: [ app_init ] --END-- [ RunTime:0.000000s ]
INFO: [ app_begin ] --START--
INFO: Run Behavior\ReadHtmlCacheBehavior [ RunTime:0.000000s ]
INFO: Run Behavior\CheckLangBehavior [ RunTime:0.000000s ]
INFO: [ app_begin ] --END-- [ RunTime:0.000000s ]
SQL: SHOW COLUMNS FROM `dn_banner` [ RunTime:0.0000s ]
SQL: SELECT * FROM `dn_banner` ORDER BY b_pai desc LIMIT 0,5   [ RunTime:0.0000s ]
SQL: SHOW COLUMNS FROM `dn_gaishu` [ RunTime:0.0000s ]
SQL: SELECT * FROM `dn_gaishu`  [ RunTime:0.0156s ]
SQL: select * from dn_product as p join dn_cate as c on c.c_id=p.c_id where c.c_name='检测设备' order by p_pai desc,p_id desc limit 0,8 [ RunTime:0.0000s ]
SQL: select * from dn_product as p join dn_cate as c on c.c_id=p.c_id where c.c_name='生产研发' order by p_pai desc,p_id desc limit 0,8 [ RunTime:0.0000s ]
SQL: SHOW COLUMNS FROM `dn_lianxi` [ RunTime:0.0000s ]
SQL: SELECT * FROM `dn_lianxi` WHERE ( l_id=1 ) LIMIT 1   [ RunTime:0.0000s ]
SQL: SHOW COLUMNS FROM `dn_news` [ RunTime:0.0000s ]
SQL: SELECT * FROM `dn_news` WHERE ( n_cate='公司新闻' ) ORDER BY n_pai desc,n_id desc LIMIT 0,7   [ RunTime:0.0000s ]
SQL: SELECT * FROM `dn_news` WHERE ( n_cate='行业新闻' ) ORDER BY n_pai desc,n_id desc LIMIT 0,7   [ RunTime:0.0000s ]
SQL: SHOW COLUMNS FROM `dn_cooperation` [ RunTime:0.0000s ]
SQL: SELECT * FROM `dn_cooperation` ORDER BY co_pai desc,co_id desc  [ RunTime:0.0000s ]
INFO: [ view_parse ] --START--
INFO: [ template_filter ] --START--
INFO: Run Behavior\ContentReplaceBehavior [ RunTime:0.000000s ]
INFO: [ template_filter ] --END-- [ RunTime:0.000000s ]
NOTIC: [8] Undefined variable: video D:\wwwroot\bjhtx\wwwroot\Application\Runtime\Cache\Home\2a94b8bda04ff446dcedd42276fc99ee.php 第 133 行.
INFO: Run Behavior\ParseTemplateBehavior [ RunTime:0.031250s ]
INFO: [ view_parse ] --END-- [ RunTime:0.031250s ]
INFO: [ view_filter ] --START--
INFO: Run Behavior\WriteHtmlCacheBehavior [ RunTime:0.015625s ]
INFO: [ view_filter ] --END-- [ RunTime:0.015625s ]

[ 2018-09-07T08:24:22+08:00 ] 123.125.71.75 /index.php/Home/News/detail/nid/3.html
INFO: [ app_init ] --START--
INFO: Run Behavior\BuildLiteBehavior [ RunTime:0.000000s ]
INFO: [ app_init ] --END-- [ RunTime:0.000000s ]
INFO: [ app_begin ] --START--
INFO: Run Behavior\ReadHtmlCacheBehavior [ RunTime:0.000000s ]
INFO: Run Behavior\CheckLangBehavior [ RunTime:0.000000s ]
INFO: [ app_begin ] --END-- [ RunTime:0.000000s ]
SQL: SHOW COLUMNS FROM `dn_news` [ RunTime:0.0000s ]
SQL: SHOW COLUMNS FROM `dn_lianxi` [ RunTime:0.0156s ]
SQL: SELECT * FROM `dn_lianxi` WHERE ( l_id=1 ) LIMIT 1   [ RunTime:0.0000s ]
SQL: SELECT * FROM `dn_news` WHERE ( n_id=3 ) LIMIT 1   [ RunTime:0.0000s ]
SQL: UPDATE `dn_news` SET `n_click`='505' WHERE ( n_id=3 ) [ RunTime:0.0156s ]
SQL: SELECT * FROM `dn_news` ORDER BY n_click desc LIMIT 0,6   [ RunTime:0.0000s ]
INFO: [ view_parse ] --START--
INFO: [ template_filter ] --START--
INFO: Run Behavior\ContentReplaceBehavior [ RunTime:0.000000s ]
INFO: [ template_filter ] --END-- [ RunTime:0.000000s ]
NOTIC: [8] Undefined index: n_kyes D:\wwwroot\bjhtx\wwwroot\Application\Runtime\Cache\Home\aca8b289ff6c2c7180f304ffd37940b8.php 第 6 行.
INFO: Run Behavior\ParseTemplateBehavior [ RunTime:0.031250s ]
INFO: [ view_parse ] --END-- [ RunTime:0.031250s ]
INFO: [ view_filter ] --START--
INFO: Run Behavior\WriteHtmlCacheBehavior [ RunTime:0.000000s ]
INFO: [ view_filter ] --END-- [ RunTime:0.000000s ]
INFO: [ app_end ] --START--
INFO: Run Behavior\ShowPageTraceBehavior [ RunTime:0.015625s ]
INFO: [ app_end ] --END-- [ RunTime:0.015625s ]

[ 2018-09-07T10:33:34+08:00 ] 110.254.245.58 /index.php/Home/Index/index.html
INFO: [ app_init ] --START--
INFO: Run Behavior\BuildLiteBehavior [ RunTime:0.000000s ]
INFO: [ app_init ] --END-- [ RunTime:0.000000s ]
INFO: [ app_begin ] --START--
INFO: Run Behavior\ReadHtmlCacheBehavior [ RunTime:0.000000s ]
INFO: Run Behavior\CheckLangBehavior [ RunTime:0.000000s ]
INFO: [ app_begin ] --END-- [ RunTime:0.000000s ]
SQL: SHOW COLUMNS FROM `dn_banner` [ RunTime:0.0000s ]
SQL: SELECT * FROM `dn_banner` ORDER BY b_pai desc LIMIT 0,5   [ RunTime:0.0000s ]
SQL: SHOW COLUMNS FROM `dn_gaishu` [ RunTime:0.0000s ]
SQL: SELECT * FROM `dn_gaishu`  [ RunTime:0.0156s ]
SQL: select * from dn_product as p join dn_cate as c on c.c_id=p.c_id where c.c_name='检测设备' order by p_pai desc,p_id desc limit 0,8 [ RunTime:0.0313s ]
SQL: select * from dn_product as p join dn_cate as c on c.c_id=p.c_id where c.c_name='生产研发' order by p_pai desc,p_id desc limit 0,8 [ RunTime:0.0000s ]
SQL: SHOW COLUMNS FROM `dn_lianxi` [ RunTime:0.0000s ]
SQL: SELECT * FROM `dn_lianxi` WHERE ( l_id=1 ) LIMIT 1   [ RunTime:0.0000s ]
SQL: SHOW COLUMNS FROM `dn_news` [ RunTime:0.0156s ]
SQL: SELECT * FROM `dn_news` WHERE ( n_cate='公司新闻' ) ORDER BY n_pai desc,n_id desc LIMIT 0,7   [ RunTime:0.0000s ]
SQL: SELECT * FROM `dn_news` WHERE ( n_cate='行业新闻' ) ORDER BY n_pai desc,n_id desc LIMIT 0,7   [ RunTime:0.0000s ]
SQL: SHOW COLUMNS FROM `dn_cooperation` [ RunTime:0.0000s ]
SQL: SELECT * FROM `dn_cooperation` ORDER BY co_pai desc,co_id desc  [ RunTime:0.0000s ]
INFO: [ view_parse ] --START--
INFO: [ template_filter ] --START--
INFO: Run Behavior\ContentReplaceBehavior [ RunTime:0.000000s ]
INFO: [ template_filter ] --END-- [ RunTime:0.000000s ]
NOTIC: [8] Undefined variable: video D:\wwwroot\bjhtx\wwwroot\Application\Runtime\Cache\Home\2a94b8bda04ff446dcedd42276fc99ee.php 第 133 行.
INFO: Run Behavior\ParseTemplateBehavior [ RunTime:0.031250s ]
INFO: [ view_parse ] --END-- [ RunTime:0.031250s ]
INFO: [ view_filter ] --START--
INFO: Run Behavior\WriteHtmlCacheBehavior [ RunTime:0.000000s ]
INFO: [ view_filter ] --END-- [ RunTime:0.000000s ]
INFO: [ app_end ] --START--
INFO: Run Behavior\ShowPageTraceBehavior [ RunTime:0.000000s ]
INFO: [ app_end ] --END-- [ RunTime:0.000000s ]

[ 2018-09-07T11:39:06+08:00 ] 180.163.220.5 /index.php/Home/Index/index.html
INFO: [ app_init ] --START--
INFO: Run Behavior\BuildLiteBehavior [ RunTime:0.000000s ]
INFO: [ app_init ] --END-- [ RunTime:0.000000s ]
INFO: [ app_begin ] --START--
INFO: Run Behavior\ReadHtmlCacheBehavior [ RunTime:0.000000s ]
INFO: Run Behavior\CheckLangBehavior [ RunTime:0.000000s ]
INFO: [ app_begin ] --END-- [ RunTime:0.000000s ]
SQL: SHOW COLUMNS FROM `dn_banner` [ RunTime:0.0000s ]
SQL: SELECT * FROM `dn_banner` ORDER BY b_pai desc LIMIT 0,5   [ RunTime:0.0000s ]
SQL: SHOW COLUMNS FROM `dn_gaishu` [ RunTime:0.0000s ]
SQL: SELECT * FROM `dn_gaishu`  [ RunTime:0.0000s ]
SQL: select * from dn_product as p join dn_cate as c on c.c_id=p.c_id where c.c_name='检测设备' order by p_pai desc,p_id desc limit 0,8 [ RunTime:0.0000s ]
SQL: select * from dn_product as p join dn_cate as c on c.c_id=p.c_id where c.c_name='生产研发' order by p_pai desc,p_id desc limit 0,8 [ RunTime:0.0000s ]
SQL: SHOW COLUMNS FROM `dn_lianxi` [ RunTime:0.0156s ]
SQL: SELECT * FROM `dn_lianxi` WHERE ( l_id=1 ) LIMIT 1   [ RunTime:0.0000s ]
SQL: SHOW COLUMNS FROM `dn_news` [ RunTime:0.0156s ]
SQL: SELECT * FROM `dn_news` WHERE ( n_cate='公司新闻' ) ORDER BY n_pai desc,n_id desc LIMIT 0,7   [ RunTime:0.0000s ]
SQL: SELECT * FROM `dn_news` WHERE ( n_cate='行业新闻' ) ORDER BY n_pai desc,n_id desc LIMIT 0,7   [ RunTime:0.0000s ]
SQL: SHOW COLUMNS FROM `dn_cooperation` [ RunTime:0.0000s ]
SQL: SELECT * FROM `dn_cooperation` ORDER BY co_pai desc,co_id desc  [ RunTime:0.0000s ]
INFO: [ view_parse ] --START--
INFO: [ template_filter ] --START--
INFO: Run Behavior\ContentReplaceBehavior [ RunTime:0.000000s ]
INFO: [ template_filter ] --END-- [ RunTime:0.000000s ]
NOTIC: [8] Undefined variable: video D:\wwwroot\bjhtx\wwwroot\Application\Runtime\Cache\Home\2a94b8bda04ff446dcedd42276fc99ee.php 第 133 行.
INFO: Run Behavior\ParseTemplateBehavior [ RunTime:0.046875s ]
INFO: [ view_parse ] --END-- [ RunTime:0.046875s ]
INFO: [ view_filter ] --START--
INFO: Run Behavior\WriteHtmlCacheBehavior [ RunTime:0.000000s ]
INFO: [ view_filter ] --END-- [ RunTime:0.000000s ]
INFO: [ app_end ] --START--
INFO: Run Behavior\ShowPageTraceBehavior [ RunTime:0.000000s ]
INFO: [ app_end ] --END-- [ RunTime:0.000000s ]

[ 2018-09-07T11:57:49+08:00 ] 127.0.0.1 /
INFO: [ app_init ] --START--
INFO: Run Behavior\BuildLiteBehavior [ RunTime:0.000000s ]
INFO: [ app_init ] --END-- [ RunTime:0.000000s ]
INFO: [ app_begin ] --START--
INFO: Run Behavior\ReadHtmlCacheBehavior [ RunTime:0.000000s ]
INFO: Run Behavior\CheckLangBehavior [ RunTime:0.000000s ]
INFO: [ app_begin ] --END-- [ RunTime:0.000000s ]
SQL: SHOW COLUMNS FROM `dn_banner` [ RunTime:0.0000s ]
SQL: SELECT * FROM `dn_banner` ORDER BY b_pai desc LIMIT 0,5   [ RunTime:0.0000s ]
SQL: SHOW COLUMNS FROM `dn_gaishu` [ RunTime:0.0000s ]
SQL: SELECT * FROM `dn_gaishu`  [ RunTime:0.0000s ]
SQL: select * from dn_product as p join dn_cate as c on c.c_id=p.c_id where c.c_name='检测设备' order by p_pai desc,p_id desc limit 0,8 [ RunTime:0.0000s ]
SQL: select * from dn_product as p join dn_cate as c on c.c_id=p.c_id where c.c_name='生产研发' order by p_pai desc,p_id desc limit 0,8 [ RunTime:0.0000s ]
SQL: SHOW COLUMNS FROM `dn_lianxi` [ RunTime:0.0000s ]
SQL: SELECT * FROM `dn_lianxi` WHERE ( l_id=1 ) LIMIT 1   [ RunTime:0.0000s ]
SQL: SHOW COLUMNS FROM `dn_news` [ RunTime:0.0156s ]
SQL: SELECT * FROM `dn_news` WHERE ( n_cate='公司新闻' ) ORDER BY n_pai desc,n_id desc LIMIT 0,7   [ RunTime:0.0000s ]
SQL: SELECT * FROM `dn_news` WHERE ( n_cate='行业新闻' ) ORDER BY n_pai desc,n_id desc LIMIT 0,7   [ RunTime:0.0000s ]
SQL: SHOW COLUMNS FROM `dn_cooperation` [ RunTime:0.0000s ]
SQL: SELECT * FROM `dn_cooperation` ORDER BY co_pai desc,co_id desc  [ RunTime:0.0000s ]
INFO: [ view_parse ] --START--
INFO: [ template_filter ] --START--
INFO: Run Behavior\ContentReplaceBehavior [ RunTime:0.000000s ]
INFO: [ template_filter ] --END-- [ RunTime:0.000000s ]
NOTIC: [8] Undefined variable: video D:\wwwroot\bjhtx\wwwroot\Application\Runtime\Cache\Home\2a94b8bda04ff446dcedd42276fc99ee.php 第 133 行.
INFO: Run Behavior\ParseTemplateBehavior [ RunTime:0.046875s ]
INFO: [ view_parse ] --END-- [ RunTime:0.046875s ]
INFO: [ view_filter ] --START--
INFO: Run Behavior\WriteHtmlCacheBehavior [ RunTime:0.000000s ]
INFO: [ view_filter ] --END-- [ RunTime:0.000000s ]
INFO: [ app_end ] --START--
INFO: Run Behavior\ShowPageTraceBehavior [ RunTime:0.000000s ]
INFO: [ app_end ] --END-- [ RunTime:0.000000s ]

[ 2018-09-07T12:50:21+08:00 ] 220.181.108.161 /index.php/Home/News/index/n_cate/hangye.html
INFO: [ app_init ] --START--
INFO: Run Behavior\BuildLiteBehavior [ RunTime:0.000000s ]
INFO: [ app_init ] --END-- [ RunTime:0.000000s ]
INFO: [ app_begin ] --START--
INFO: Run Behavior\ReadHtmlCacheBehavior [ RunTime:0.000000s ]
INFO: Run Behavior\CheckLangBehavior [ RunTime:0.015625s ]
INFO: [ app_begin ] --END-- [ RunTime:0.015625s ]
SQL: SHOW COLUMNS FROM `dn_news` [ RunTime:0.0156s ]
SQL: SELECT COUNT(*) AS tp_count FROM `dn_news` WHERE ( n_cate='行业新闻' ) LIMIT 1   [ RunTime:0.0000s ]
SQL: SELECT * FROM `dn_news` WHERE ( n_cate='行业新闻' ) ORDER BY n_pai desc,n_id desc LIMIT 0,6   [ RunTime:0.0000s ]
SQL: SHOW COLUMNS FROM `dn_lianxi` [ RunTime:0.0313s ]
SQL: SELECT * FROM `dn_lianxi` WHERE ( l_id=1 ) LIMIT 1   [ RunTime:0.0000s ]
SQL: SELECT * FROM `dn_news` ORDER BY n_click desc LIMIT 0,6   [ RunTime:0.0000s ]
INFO: [ view_parse ] --START--
INFO: [ template_filter ] --START--
INFO: Run Behavior\ContentReplaceBehavior [ RunTime:0.000000s ]
INFO: [ template_filter ] --END-- [ RunTime:0.000000s ]
NOTIC: [8] Undefined variable: think D:\wwwroot\bjhtx\wwwroot\Application\Runtime\Cache\Home\3e24b471de08a8366f7660bb176a5e74.php 第 120 行.
INFO: Run Behavior\ParseTemplateBehavior [ RunTime:0.031250s ]
INFO: [ view_parse ] --END-- [ RunTime:0.031250s ]
INFO: [ view_filter ] --START--
INFO: Run Behavior\WriteHtmlCacheBehavior [ RunTime:0.015625s ]
INFO: [ view_filter ] --END-- [ RunTime:0.015625s ]
INFO: [ app_end ] --START--
INFO: Run Behavior\ShowPageTraceBehavior [ RunTime:0.000000s ]
INFO: [ app_end ] --END-- [ RunTime:0.000000s ]

[ 2018-09-07T13:13:53+08:00 ] 220.181.108.168 /index.php/Home/News/detail/nid/2.html
INFO: [ app_init ] --START--
INFO: Run Behavior\BuildLiteBehavior [ RunTime:0.000000s ]
INFO: [ app_init ] --END-- [ RunTime:0.000000s ]
INFO: [ app_begin ] --START--
INFO: Run Behavior\ReadHtmlCacheBehavior [ RunTime:0.015625s ]
INFO: Run Behavior\CheckLangBehavior [ RunTime:0.000000s ]
INFO: [ app_begin ] --END-- [ RunTime:0.015625s ]
SQL: SHOW COLUMNS FROM `dn_news` [ RunTime:0.0000s ]
SQL: SHOW COLUMNS FROM `dn_lianxi` [ RunTime:0.0000s ]
SQL: SELECT * FROM `dn_lianxi` WHERE ( l_id=1 ) LIMIT 1   [ RunTime:0.0000s ]
SQL: SELECT * FROM `dn_news` WHERE ( n_id=2 ) LIMIT 1   [ RunTime:0.0000s ]
SQL: UPDATE `dn_news` SET `n_click`='613' WHERE ( n_id=2 ) [ RunTime:0.0156s ]
SQL: SELECT * FROM `dn_news` ORDER BY n_click desc LIMIT 0,6   [ RunTime:0.0000s ]
INFO: [ view_parse ] --START--
INFO: [ template_filter ] --START--
INFO: Run Behavior\ContentReplaceBehavior [ RunTime:0.000000s ]
INFO: [ template_filter ] --END-- [ RunTime:0.000000s ]
NOTIC: [8] Undefined index: n_kyes D:\wwwroot\bjhtx\wwwroot\Application\Runtime\Cache\Home\aca8b289ff6c2c7180f304ffd37940b8.php 第 6 行.
INFO: Run Behavior\ParseTemplateBehavior [ RunTime:0.046875s ]
INFO: [ view_parse ] --END-- [ RunTime:0.046875s ]
INFO: [ view_filter ] --START--
INFO: Run Behavior\WriteHtmlCacheBehavior [ RunTime:0.000000s ]
INFO: [ view_filter ] --END-- [ RunTime:0.000000s ]
INFO: [ app_end ] --START--
INFO: Run Behavior\ShowPageTraceBehavior [ RunTime:0.000000s ]
INFO: [ app_end ] --END-- [ RunTime:0.000000s ]

[ 2018-09-07T13:35:41+08:00 ] 123.126.113.132 /index.php/Product/index/cid/9.html
INFO: [ app_init ] --START--
INFO: Run Behavior\BuildLiteBehavior [ RunTime:0.000000s ]
INFO: [ app_init ] --END-- [ RunTime:0.000000s ]
INFO: [ app_begin ] --START--
INFO: Run Behavior\ReadHtmlCacheBehavior [ RunTime:0.000000s ]
INFO: Run Behavior\CheckLangBehavior [ RunTime:0.000000s ]
INFO: [ app_begin ] --END-- [ RunTime:0.000000s ]
SQL: SHOW COLUMNS FROM `dn_news` [ RunTime:0.0000s ]
SQL: SHOW COLUMNS FROM `dn_product` [ RunTime:0.0000s ]
SQL: SHOW COLUMNS FROM `dn_cate` [ RunTime:0.0000s ]
SQL: SELECT * FROM `dn_cate` ORDER BY c_pai desc,c_id desc  [ RunTime:0.0000s ]
SQL: SHOW COLUMNS FROM `dn_product` [ RunTime:0.0156s ]
SQL: SELECT COUNT(*) AS tp_count FROM `dn_product` WHERE ( c_id=9 ) LIMIT 1   [ RunTime:0.0000s ]
SQL: select * from dn_cate as c join dn_product as p on c.c_id=p.c_id where c.c_id=9 order by p_pai desc,p_id desc limit 0,15 [ RunTime:0.0000s ]
SQL: SHOW COLUMNS FROM `dn_lianxi` [ RunTime:0.0156s ]
SQL: SELECT * FROM `dn_lianxi` WHERE ( l_id=1 ) LIMIT 1   [ RunTime:0.0000s ]
SQL: SELECT * FROM `dn_news` ORDER BY n_click desc LIMIT 0,6   [ RunTime:0.0000s ]
INFO: [ view_parse ] --START--
INFO: [ template_filter ] --START--
INFO: Run Behavior\ContentReplaceBehavior [ RunTime:0.000000s ]
INFO: [ template_filter ] --END-- [ RunTime:0.000000s ]
INFO: Run Behavior\ParseTemplateBehavior [ RunTime:0.031250s ]
INFO: [ view_parse ] --END-- [ RunTime:0.031250s ]
INFO: [ view_filter ] --START--
INFO: Run Behavior\WriteHtmlCacheBehavior [ RunTime:0.000000s ]
INFO: [ view_filter ] --END-- [ RunTime:0.000000s ]
INFO: [ app_end ] --START--
INFO: Run Behavior\ShowPageTraceBehavior [ RunTime:0.000000s ]
INFO: [ app_end ] --END-- [ RunTime:0.000000s ]

[ 2018-09-07T13:35:51+08:00 ] 123.126.113.132 /index.php/Product/index/cid/7.html
INFO: [ app_init ] --START--
INFO: Run Behavior\BuildLiteBehavior [ RunTime:0.000000s ]
INFO: [ app_init ] --END-- [ RunTime:0.000000s ]
INFO: [ app_begin ] --START--
INFO: Run Behavior\ReadHtmlCacheBehavior [ RunTime:0.000000s ]
INFO: Run Behavior\CheckLangBehavior [ RunTime:0.015625s ]
INFO: [ app_begin ] --END-- [ RunTime:0.015625s ]
SQL: SHOW COLUMNS FROM `dn_news` [ RunTime:0.0000s ]
SQL: SHOW COLUMNS FROM `dn_product` [ RunTime:0.0000s ]
SQL: SHOW COLUMNS FROM `dn_cate` [ RunTime:0.0156s ]
SQL: SELECT * FROM `dn_cate` ORDER BY c_pai desc,c_id desc  [ RunTime:0.0000s ]
SQL: SHOW COLUMNS FROM `dn_product` [ RunTime:0.0000s ]
SQL: SELECT COUNT(*) AS tp_count FROM `dn_product` WHERE ( c_id=7 ) LIMIT 1   [ RunTime:0.0000s ]
SQL: select * from dn_cate as c join dn_product as p on c.c_id=p.c_id where c.c_id=7 order by p_pai desc,p_id desc limit 0,15 [ RunTime:0.0000s ]
SQL: SHOW COLUMNS FROM `dn_lianxi` [ RunTime:0.0000s ]
SQL: SELECT * FROM `dn_lianxi` WHERE ( l_id=1 ) LIMIT 1   [ RunTime:0.0156s ]
SQL: SELECT * FROM `dn_news` ORDER BY n_click desc LIMIT 0,6   [ RunTime:0.0000s ]
INFO: [ view_parse ] --START--
INFO: [ template_filter ] --START--
INFO: Run Behavior\ContentReplaceBehavior [ RunTime:0.000000s ]
INFO: [ template_filter ] --END-- [ RunTime:0.000000s ]
INFO: Run Behavior\ParseTemplateBehavior [ RunTime:0.015625s ]
INFO: [ view_parse ] --END-- [ RunTime:0.015625s ]
INFO: [ view_filter ] --START--
INFO: Run Behavior\WriteHtmlCacheBehavior [ RunTime:0.000000s ]
INFO: [ view_filter ] --END-- [ RunTime:0.000000s ]
INFO: [ app_end ] --START--
INFO: Run Behavior\ShowPageTraceBehavior [ RunTime:0.000000s ]
INFO: [ app_end ] --END-- [ RunTime:0.000000s ]

[ 2018-09-07T13:36:01+08:00 ] 123.126.113.132 /index.php/Product/index/cid/6.html
INFO: [ app_init ] --START--
INFO: Run Behavior\BuildLiteBehavior [ RunTime:0.000000s ]
INFO: [ app_init ] --END-- [ RunTime:0.000000s ]
INFO: [ app_begin ] --START--
INFO: Run Behavior\ReadHtmlCacheBehavior [ RunTime:0.000000s ]
INFO: Run Behavior\CheckLangBehavior [ RunTime:0.000000s ]
INFO: [ app_begin ] --END-- [ RunTime:0.000000s ]
SQL: SHOW COLUMNS FROM `dn_news` [ RunTime:0.0000s ]
SQL: SHOW COLUMNS FROM `dn_product` [ RunTime:0.0156s ]
SQL: SHOW COLUMNS FROM `dn_cate` [ RunTime:0.0000s ]
SQL: SELECT * FROM `dn_cate` ORDER BY c_pai desc,c_id desc  [ RunTime:0.0000s ]
SQL: SHOW COLUMNS FROM `dn_product` [ RunTime:0.0156s ]
SQL: SELECT COUNT(*) AS tp_count FROM `dn_product` WHERE ( c_id=6 ) LIMIT 1   [ RunTime:0.0000s ]
SQL: select * from dn_cate as c join dn_product as p on c.c_id=p.c_id where c.c_id=6 order by p_pai desc,p_id desc limit 0,15 [ RunTime:0.0000s ]
SQL: SHOW COLUMNS FROM `dn_lianxi` [ RunTime:0.0000s ]
SQL: SELECT * FROM `dn_lianxi` WHERE ( l_id=1 ) LIMIT 1   [ RunTime:0.0000s ]
SQL: SELECT * FROM `dn_news` ORDER BY n_click desc LIMIT 0,6   [ RunTime:0.0000s ]
INFO: [ view_parse ] --START--
INFO: [ template_filter ] --START--
INFO: Run Behavior\ContentReplaceBehavior [ RunTime:0.000000s ]
INFO: [ template_filter ] --END-- [ RunTime:0.000000s ]
INFO: Run Behavior\ParseTemplateBehavior [ RunTime:0.031250s ]
INFO: [ view_parse ] --END-- [ RunTime:0.031250s ]
INFO: [ view_filter ] --START--
INFO: Run Behavior\WriteHtmlCacheBehavior [ RunTime:0.000000s ]
INFO: [ view_filter ] --END-- [ RunTime:0.000000s ]
INFO: [ app_end ] --START--
INFO: Run Behavior\ShowPageTraceBehavior [ RunTime:0.000000s ]
INFO: [ app_end ] --END-- [ RunTime:0.000000s ]

[ 2018-09-07T13:36:11+08:00 ] 123.126.113.132 /index.php/Product/index/cid/12.html
INFO: [ app_init ] --START--
INFO: Run Behavior\BuildLiteBehavior [ RunTime:0.000000s ]
INFO: [ app_init ] --END-- [ RunTime:0.000000s ]
INFO: [ app_begin ] --START--
INFO: Run Behavior\ReadHtmlCacheBehavior [ RunTime:0.000000s ]
INFO: Run Behavior\CheckLangBehavior [ RunTime:0.000000s ]
INFO: [ app_begin ] --END-- [ RunTime:0.000000s ]
SQL: SHOW COLUMNS FROM `dn_news` [ RunTime:0.0000s ]
SQL: SHOW COLUMNS FROM `dn_product` [ RunTime:0.0000s ]
SQL: SHOW COLUMNS FROM `dn_cate` [ RunTime:0.0156s ]
SQL: SELECT * FROM `dn_cate` ORDER BY c_pai desc,c_id desc  [ RunTime:0.0000s ]
SQL: SHOW COLUMNS FROM `dn_product` [ RunTime:0.0156s ]
SQL: SELECT COUNT(*) AS tp_count FROM `dn_product` WHERE ( c_id=12 ) LIMIT 1   [ RunTime:0.0000s ]
SQL: select * from dn_cate as c join dn_product as p on c.c_id=p.c_id where c.c_id=12 order by p_pai desc,p_id desc limit 0,15 [ RunTime:0.0000s ]
SQL: SHOW COLUMNS FROM `dn_lianxi` [ RunTime:0.0156s ]
SQL: SELECT * FROM `dn_lianxi` WHERE ( l_id=1 ) LIMIT 1   [ RunTime:0.0000s ]
SQL: SELECT * FROM `dn_news` ORDER BY n_click desc LIMIT 0,6   [ RunTime:0.0000s ]
INFO: [ view_parse ] --START--
INFO: [ template_filter ] --START--
INFO: Run Behavior\ContentReplaceBehavior [ RunTime:0.000000s ]
INFO: [ template_filter ] --END-- [ RunTime:0.000000s ]
INFO: Run Behavior\ParseTemplateBehavior [ RunTime:0.015625s ]
INFO: [ view_parse ] --END-- [ RunTime:0.015625s ]
INFO: [ view_filter ] --START--
INFO: Run Behavior\WriteHtmlCacheBehavior [ RunTime:0.000000s ]
INFO: [ view_filter ] --END-- [ RunTime:0.000000s ]
INFO: [ app_end ] --START--
INFO: Run Behavior\ShowPageTraceBehavior [ RunTime:0.000000s ]
INFO: [ app_end ] --END-- [ RunTime:0.000000s ]

[ 2018-09-07T17:07:23+08:00 ] 127.0.0.1 /
INFO: [ app_init ] --START--
INFO: Run Behavior\BuildLiteBehavior [ RunTime:0.000000s ]
INFO: [ app_init ] --END-- [ RunTime:0.015625s ]
INFO: [ app_begin ] --START--
INFO: Run Behavior\ReadHtmlCacheBehavior [ RunTime:0.015625s ]
INFO: Run Behavior\CheckLangBehavior [ RunTime:0.000000s ]
INFO: [ app_begin ] --END-- [ RunTime:0.015625s ]
SQL: SHOW COLUMNS FROM `dn_banner` [ RunTime:0.0156s ]
SQL: SELECT * FROM `dn_banner` ORDER BY b_pai desc LIMIT 0,5   [ RunTime:0.0000s ]
SQL: SHOW COLUMNS FROM `dn_gaishu` [ RunTime:0.0313s ]
SQL: SELECT * FROM `dn_gaishu`  [ RunTime:0.0000s ]
SQL: select * from dn_product as p join dn_cate as c on c.c_id=p.c_id where c.c_name='检测设备' order by p_pai desc,p_id desc limit 0,8 [ RunTime:0.0000s ]
SQL: select * from dn_product as p join dn_cate as c on c.c_id=p.c_id where c.c_name='生产研发' order by p_pai desc,p_id desc limit 0,8 [ RunTime:0.0156s ]
SQL: SHOW COLUMNS FROM `dn_lianxi` [ RunTime:0.0000s ]
SQL: SELECT * FROM `dn_lianxi` WHERE ( l_id=1 ) LIMIT 1   [ RunTime:0.0000s ]
SQL: SHOW COLUMNS FROM `dn_news` [ RunTime:0.0000s ]
SQL: SELECT * FROM `dn_news` WHERE ( n_cate='公司新闻' ) ORDER BY n_pai desc,n_id desc LIMIT 0,7   [ RunTime:0.0156s ]
SQL: SELECT * FROM `dn_news` WHERE ( n_cate='行业新闻' ) ORDER BY n_pai desc,n_id desc LIMIT 0,7   [ RunTime:0.0000s ]
SQL: SHOW COLUMNS FROM `dn_cooperation` [ RunTime:0.0156s ]
SQL: SELECT * FROM `dn_cooperation` ORDER BY co_pai desc,co_id desc  [ RunTime:0.0156s ]
INFO: [ view_parse ] --START--
INFO: [ template_filter ] --START--
INFO: Run Behavior\ContentReplaceBehavior [ RunTime:0.000000s ]
INFO: [ template_filter ] --END-- [ RunTime:0.000000s ]
NOTIC: [8] Undefined variable: video D:\wwwroot\bjhtx\wwwroot\Application\Runtime\Cache\Home\2a94b8bda04ff446dcedd42276fc99ee.php 第 133 行.
INFO: Run Behavior\ParseTemplateBehavior [ RunTime:0.093750s ]
INFO: [ view_parse ] --END-- [ RunTime:0.093750s ]
INFO: [ view_filter ] --START--
INFO: Run Behavior\WriteHtmlCacheBehavior [ RunTime:0.015625s ]
INFO: [ view_filter ] --END-- [ RunTime:0.015625s ]
INFO: [ app_end ] --START--
INFO: Run Behavior\ShowPageTraceBehavior [ RunTime:0.000000s ]
INFO: [ app_end ] --END-- [ RunTime:0.000000s ]

[ 2018-09-07T17:07:35+08:00 ] 92.38.129.232 /index.php/Home/Index/index.html
INFO: [ app_init ] --START--
INFO: Run Behavior\BuildLiteBehavior [ RunTime:0.000000s ]
INFO: [ app_init ] --END-- [ RunTime:0.000000s ]
INFO: [ app_begin ] --START--
INFO: Run Behavior\ReadHtmlCacheBehavior [ RunTime:0.000000s ]
INFO: Run Behavior\CheckLangBehavior [ RunTime:0.000000s ]
INFO: [ app_begin ] --END-- [ RunTime:0.000000s ]
SQL: SHOW COLUMNS FROM `dn_banner` [ RunTime:0.0000s ]
SQL: SELECT * FROM `dn_banner` ORDER BY b_pai desc LIMIT 0,5   [ RunTime:0.0156s ]
SQL: SHOW COLUMNS FROM `dn_gaishu` [ RunTime:0.0000s ]
SQL: SELECT * FROM `dn_gaishu`  [ RunTime:0.0000s ]
SQL: select * from dn_product as p join dn_cate as c on c.c_id=p.c_id where c.c_name='检测设备' order by p_pai desc,p_id desc limit 0,8 [ RunTime:0.0000s ]
SQL: select * from dn_product as p join dn_cate as c on c.c_id=p.c_id where c.c_name='生产研发' order by p_pai desc,p_id desc limit 0,8 [ RunTime:0.0000s ]
SQL: SHOW COLUMNS FROM `dn_lianxi` [ RunTime:0.0156s ]
SQL: SELECT * FROM `dn_lianxi` WHERE ( l_id=1 ) LIMIT 1   [ RunTime:0.0000s ]
SQL: SHOW COLUMNS FROM `dn_news` [ RunTime:0.0000s ]
SQL: SELECT * FROM `dn_news` WHERE ( n_cate='公司新闻' ) ORDER BY n_pai desc,n_id desc LIMIT 0,7   [ RunTime:0.0000s ]
SQL: SELECT * FROM `dn_news` WHERE ( n_cate='行业新闻' ) ORDER BY n_pai desc,n_id desc LIMIT 0,7   [ RunTime:0.0000s ]
SQL: SHOW COLUMNS FROM `dn_cooperation` [ RunTime:0.0156s ]
SQL: SELECT * FROM `dn_cooperation` ORDER BY co_pai desc,co_id desc  [ RunTime:0.0000s ]
INFO: [ view_parse ] --START--
INFO: [ template_filter ] --START--
INFO: Run Behavior\ContentReplaceBehavior [ RunTime:0.000000s ]
INFO: [ template_filter ] --END-- [ RunTime:0.000000s ]
NOTIC: [8] Undefined variable: video D:\wwwroot\bjhtx\wwwroot\Application\Runtime\Cache\Home\2a94b8bda04ff446dcedd42276fc99ee.php 第 133 行.
INFO: Run Behavior\ParseTemplateBehavior [ RunTime:0.031250s ]
INFO: [ view_parse ] --END-- [ RunTime:0.031250s ]
INFO: [ view_filter ] --START--
INFO: Run Behavior\WriteHtmlCacheBehavior [ RunTime:0.000000s ]
INFO: [ view_filter ] --END-- [ RunTime:0.000000s ]
INFO: [ app_end ] --START--
INFO: Run Behavior\ShowPageTraceBehavior [ RunTime:0.000000s ]
INFO: [ app_end ] --END-- [ RunTime:0.000000s ]

[ 2018-09-07T17:11:39+08:00 ] 92.38.129.232 /index.php/Home/Company/index.html
INFO: [ app_init ] --START--
INFO: Run Behavior\BuildLiteBehavior [ RunTime:0.000000s ]
INFO: [ app_init ] --END-- [ RunTime:0.000000s ]
INFO: [ app_begin ] --START--
INFO: Run Behavior\ReadHtmlCacheBehavior [ RunTime:0.000000s ]
INFO: Run Behavior\CheckLangBehavior [ RunTime:0.000000s ]
INFO: [ app_begin ] --END-- [ RunTime:0.000000s ]
SQL: SHOW COLUMNS FROM `dn_company` [ RunTime:0.0000s ]
SQL: SELECT * FROM `dn_company` ORDER BY cm_pai desc,cm_id desc  [ RunTime:0.0000s ]
SQL: SHOW COLUMNS FROM `dn_lianxi` [ RunTime:0.0000s ]
SQL: SELECT * FROM `dn_lianxi` WHERE ( l_id=1 ) LIMIT 1   [ RunTime:0.0156s ]
SQL: SHOW COLUMNS FROM `dn_news` [ RunTime:0.0000s ]
SQL: SELECT * FROM `dn_news` ORDER BY n_click desc LIMIT 0,6   [ RunTime:0.0000s ]
SQL: SELECT * FROM `dn_company` WHERE ( cm_name='公司简介' ) LIMIT 1   [ RunTime:0.0000s ]
INFO: [ view_parse ] --START--
INFO: [ template_filter ] --START--
INFO: Run Behavior\ContentReplaceBehavior [ RunTime:0.000000s ]
INFO: [ template_filter ] --END-- [ RunTime:0.000000s ]
INFO: Run Behavior\ParseTemplateBehavior [ RunTime:0.031250s ]
INFO: [ view_parse ] --END-- [ RunTime:0.031250s ]
INFO: [ view_filter ] --START--
INFO: Run Behavior\WriteHtmlCacheBehavior [ RunTime:0.000000s ]
INFO: [ view_filter ] --END-- [ RunTime:0.000000s ]
INFO: [ app_end ] --START--
INFO: Run Behavior\ShowPageTraceBehavior [ RunTime:0.000000s ]
INFO: [ app_end ] --END-- [ RunTime:0.000000s ]

[ 2018-09-07T17:16:11+08:00 ] 92.38.129.232 /index.php/Home/News/index.html
INFO: [ app_init ] --START--
INFO: Run Behavior\BuildLiteBehavior [ RunTime:0.000000s ]
INFO: [ app_init ] --END-- [ RunTime:0.000000s ]
INFO: [ app_begin ] --START--
INFO: Run Behavior\ReadHtmlCacheBehavior [ RunTime:0.000000s ]
INFO: Run Behavior\CheckLangBehavior [ RunTime:0.000000s ]
INFO: [ app_begin ] --END-- [ RunTime:0.000000s ]
SQL: SHOW COLUMNS FROM `dn_news` [ RunTime:0.0000s ]
SQL: SELECT COUNT(*) AS tp_count FROM `dn_news` WHERE ( n_cate='公司新闻' ) LIMIT 1   [ RunTime:0.0000s ]
SQL: SELECT * FROM `dn_news` WHERE ( n_cate='公司新闻' ) ORDER BY n_pai desc,n_id desc LIMIT 0,6   [ RunTime:0.0000s ]
SQL: SHOW COLUMNS FROM `dn_lianxi` [ RunTime:0.0156s ]
SQL: SELECT * FROM `dn_lianxi` WHERE ( l_id=1 ) LIMIT 1   [ RunTime:0.0000s ]
SQL: SELECT * FROM `dn_news` ORDER BY n_click desc LIMIT 0,6   [ RunTime:0.0000s ]
INFO: [ view_parse ] --START--
INFO: [ template_filter ] --START--
INFO: Run Behavior\ContentReplaceBehavior [ RunTime:0.000000s ]
INFO: [ template_filter ] --END-- [ RunTime:0.000000s ]
NOTIC: [8] Undefined variable: think D:\wwwroot\bjhtx\wwwroot\Application\Runtime\Cache\Home\3e24b471de08a8366f7660bb176a5e74.php 第 120 行.
INFO: Run Behavior\ParseTemplateBehavior [ RunTime:0.015625s ]
INFO: [ view_parse ] --END-- [ RunTime:0.015625s ]
INFO: [ view_filter ] --START--
INFO: Run Behavior\WriteHtmlCacheBehavior [ RunTime:0.000000s ]
INFO: [ view_filter ] --END-- [ RunTime:0.000000s ]
INFO: [ app_end ] --START--
INFO: Run Behavior\ShowPageTraceBehavior [ RunTime:0.000000s ]
INFO: [ app_end ] --END-- [ RunTime:0.000000s ]

[ 2018-09-07T17:16:22+08:00 ] 92.38.129.232 /index.php/Home/Product/index/cid/8.html
INFO: [ app_init ] --START--
INFO: Run Behavior\BuildLiteBehavior [ RunTime:0.000000s ]
INFO: [ app_init ] --END-- [ RunTime:0.000000s ]
INFO: [ app_begin ] --START--
INFO: Run Behavior\ReadHtmlCacheBehavior [ RunTime:0.000000s ]
INFO: Run Behavior\CheckLangBehavior [ RunTime:0.000000s ]
INFO: [ app_begin ] --END-- [ RunTime:0.000000s ]
SQL: SHOW COLUMNS FROM `dn_news` [ RunTime:0.0000s ]
SQL: SHOW COLUMNS FROM `dn_product` [ RunTime:0.0156s ]
SQL: SHOW COLUMNS FROM `dn_cate` [ RunTime:0.0000s ]
SQL: SELECT * FROM `dn_cate` ORDER BY c_pai desc,c_id desc  [ RunTime:0.0000s ]
SQL: SHOW COLUMNS FROM `dn_product` [ RunTime:0.0000s ]
SQL: SELECT COUNT(*) AS tp_count FROM `dn_product` WHERE ( c_id=8 ) LIMIT 1   [ RunTime:0.0000s ]
SQL: select * from dn_cate as c join dn_product as p on c.c_id=p.c_id where c.c_id=8 order by p_pai desc,p_id desc limit 0,15 [ RunTime:0.0000s ]
SQL: SHOW COLUMNS FROM `dn_lianxi` [ RunTime:0.0000s ]
SQL: SELECT * FROM `dn_lianxi` WHERE ( l_id=1 ) LIMIT 1   [ RunTime:0.0000s ]
SQL: SELECT * FROM `dn_news` ORDER BY n_click desc LIMIT 0,6   [ RunTime:0.0000s ]
INFO: [ view_parse ] --START--
INFO: [ template_filter ] --START--
INFO: Run Behavior\ContentReplaceBehavior [ RunTime:0.000000s ]
INFO: [ template_filter ] --END-- [ RunTime:0.000000s ]
INFO: Run Behavior\ParseTemplateBehavior [ RunTime:0.015625s ]
INFO: [ view_parse ] --END-- [ RunTime:0.015625s ]
INFO: [ view_filter ] --START--
INFO: Run Behavior\WriteHtmlCacheBehavior [ RunTime:0.000000s ]
INFO: [ view_filter ] --END-- [ RunTime:0.000000s ]
INFO: [ app_end ] --START--
INFO: Run Behavior\ShowPageTraceBehavior [ RunTime:0.015625s ]
INFO: [ app_end ] --END-- [ RunTime:0.015625s ]

[ 2018-09-07T17:16:33+08:00 ] 92.38.129.232 /index.php/Home/Product/index/cid/12.html
INFO: [ app_init ] --START--
INFO: Run Behavior\BuildLiteBehavior [ RunTime:0.000000s ]
INFO: [ app_init ] --END-- [ RunTime:0.000000s ]
INFO: [ app_begin ] --START--
INFO: Run Behavior\ReadHtmlCacheBehavior [ RunTime:0.000000s ]
INFO: Run Behavior\CheckLangBehavior [ RunTime:0.015625s ]
INFO: [ app_begin ] --END-- [ RunTime:0.015625s ]
SQL: SHOW COLUMNS FROM `dn_news` [ RunTime:0.0000s ]
SQL: SHOW COLUMNS FROM `dn_product` [ RunTime:0.0000s ]
SQL: SHOW COLUMNS FROM `dn_cate` [ RunTime:0.0156s ]
SQL: SELECT * FROM `dn_cate` ORDER BY c_pai desc,c_id desc  [ RunTime:0.0000s ]
SQL: SHOW COLUMNS FROM `dn_product` [ RunTime:0.0000s ]
SQL: SELECT COUNT(*) AS tp_count FROM `dn_product` WHERE ( c_id=12 ) LIMIT 1   [ RunTime:0.0000s ]
SQL: select * from dn_cate as c join dn_product as p on c.c_id=p.c_id where c.c_id=12 order by p_pai desc,p_id desc limit 0,15 [ RunTime:0.0156s ]
SQL: SHOW COLUMNS FROM `dn_lianxi` [ RunTime:0.0000s ]
SQL: SELECT * FROM `dn_lianxi` WHERE ( l_id=1 ) LIMIT 1   [ RunTime:0.0000s ]
SQL: SELECT * FROM `dn_news` ORDER BY n_click desc LIMIT 0,6   [ RunTime:0.0000s ]
INFO: [ view_parse ] --START--
INFO: [ template_filter ] --START--
INFO: Run Behavior\ContentReplaceBehavior [ RunTime:0.000000s ]
INFO: [ template_filter ] --END-- [ RunTime:0.000000s ]
INFO: Run Behavior\ParseTemplateBehavior [ RunTime:0.015625s ]
INFO: [ view_parse ] --END-- [ RunTime:0.015625s ]
INFO: [ view_filter ] --START--
INFO: Run Behavior\WriteHtmlCacheBehavior [ RunTime:0.015625s ]
INFO: [ view_filter ] --END-- [ RunTime:0.015625s ]
INFO: [ app_end ] --START--
INFO: Run Behavior\ShowPageTraceBehavior [ RunTime:0.000000s ]
INFO: [ app_end ] --END-- [ RunTime:0.000000s ]

[ 2018-09-07T17:16:33+08:00 ] 92.38.129.232 /index.php/Home/Product/index/cid/6.html
INFO: [ app_init ] --START--
INFO: Run Behavior\BuildLiteBehavior [ RunTime:0.000000s ]
INFO: [ app_init ] --END-- [ RunTime:0.000000s ]
INFO: [ app_begin ] --START--
INFO: Run Behavior\ReadHtmlCacheBehavior [ RunTime:0.000000s ]
INFO: Run Behavior\CheckLangBehavior [ RunTime:0.000000s ]
INFO: [ app_begin ] --END-- [ RunTime:0.000000s ]
SQL: SHOW COLUMNS FROM `dn_news` [ RunTime:0.0000s ]
SQL: SHOW COLUMNS FROM `dn_product` [ RunTime:0.0156s ]
SQL: SHOW COLUMNS FROM `dn_cate` [ RunTime:0.0000s ]
SQL: SELECT * FROM `dn_cate` ORDER BY c_pai desc,c_id desc  [ RunTime:0.0000s ]
SQL: SHOW COLUMNS FROM `dn_product` [ RunTime:0.0000s ]
SQL: SELECT COUNT(*) AS tp_count FROM `dn_product` WHERE ( c_id=6 ) LIMIT 1   [ RunTime:0.0000s ]
SQL: select * from dn_cate as c join dn_product as p on c.c_id=p.c_id where c.c_id=6 order by p_pai desc,p_id desc limit 0,15 [ RunTime:0.0000s ]
SQL: SHOW COLUMNS FROM `dn_lianxi` [ RunTime:0.0156s ]
SQL: SELECT * FROM `dn_lianxi` WHERE ( l_id=1 ) LIMIT 1   [ RunTime:0.0000s ]
SQL: SELECT * FROM `dn_news` ORDER BY n_click desc LIMIT 0,6   [ RunTime:0.0000s ]
INFO: [ view_parse ] --START--
INFO: [ template_filter ] --START--
INFO: Run Behavior\ContentReplaceBehavior [ RunTime:0.000000s ]
INFO: [ template_filter ] --END-- [ RunTime:0.000000s ]
INFO: Run Behavior\ParseTemplateBehavior [ RunTime:0.015625s ]
INFO: [ view_parse ] --END-- [ RunTime:0.015625s ]
INFO: [ view_filter ] --START--
INFO: Run Behavior\WriteHtmlCacheBehavior [ RunTime:0.000000s ]
INFO: [ view_filter ] --END-- [ RunTime:0.000000s ]
INFO: [ app_end ] --START--
INFO: Run Behavior\ShowPageTraceBehavior [ RunTime:0.000000s ]
INFO: [ app_end ] --END-- [ RunTime:0.000000s ]

[ 2018-09-07T17:17:47+08:00 ] 92.38.129.232 /index.php/Home/Product/index/cid/6.html
INFO: [ app_init ] --START--
INFO: Run Behavior\BuildLiteBehavior [ RunTime:0.000000s ]
INFO: [ app_init ] --END-- [ RunTime:0.000000s ]
INFO: [ app_begin ] --START--
INFO: Run Behavior\ReadHtmlCacheBehavior [ RunTime:0.000000s ]
INFO: Run Behavior\CheckLangBehavior [ RunTime:0.000000s ]
INFO: [ app_begin ] --END-- [ RunTime:0.000000s ]
SQL: SHOW COLUMNS FROM `dn_news` [ RunTime:0.0000s ]
SQL: SHOW COLUMNS FROM `dn_product` [ RunTime:0.0000s ]
SQL: SHOW COLUMNS FROM `dn_cate` [ RunTime:0.0156s ]
SQL: SELECT * FROM `dn_cate` ORDER BY c_pai desc,c_id desc  [ RunTime:0.0000s ]
SQL: SHOW COLUMNS FROM `dn_product` [ RunTime:0.0000s ]
SQL: SELECT COUNT(*) AS tp_count FROM `dn_product` WHERE ( c_id=6 ) LIMIT 1   [ RunTime:0.0000s ]
SQL: select * from dn_cate as c join dn_product as p on c.c_id=p.c_id where c.c_id=6 order by p_pai desc,p_id desc limit 0,15 [ RunTime:0.0000s ]
SQL: SHOW COLUMNS FROM `dn_lianxi` [ RunTime:0.0156s ]
SQL: SELECT * FROM `dn_lianxi` WHERE ( l_id=1 ) LIMIT 1   [ RunTime:0.0000s ]
SQL: SELECT * FROM `dn_news` ORDER BY n_click desc LIMIT 0,6   [ RunTime:0.0000s ]
INFO: [ view_parse ] --START--
INFO: [ template_filter ] --START--
INFO: Run Behavior\ContentReplaceBehavior [ RunTime:0.000000s ]
INFO: [ template_filter ] --END-- [ RunTime:0.000000s ]
INFO: Run Behavior\ParseTemplateBehavior [ RunTime:0.015625s ]
INFO: [ view_parse ] --END-- [ RunTime:0.015625s ]
INFO: [ view_filter ] --START--
INFO: Run Behavior\WriteHtmlCacheBehavior [ RunTime:0.000000s ]
INFO: [ view_filter ] --END-- [ RunTime:0.000000s ]
INFO: [ app_end ] --START--
INFO: Run Behavior\ShowPageTraceBehavior [ RunTime:0.015625s ]
INFO: [ app_end ] --END-- [ RunTime:0.015625s ]

[ 2018-09-07T17:17:53+08:00 ] 92.38.129.232 /index.php/Home/Product/index/cid/8.html
INFO: [ app_init ] --START--
INFO: Run Behavior\BuildLiteBehavior [ RunTime:0.000000s ]
INFO: [ app_init ] --END-- [ RunTime:0.000000s ]
INFO: [ app_begin ] --START--
INFO: Run Behavior\ReadHtmlCacheBehavior [ RunTime:0.000000s ]
INFO: Run Behavior\CheckLangBehavior [ RunTime:0.000000s ]
INFO: [ app_begin ] --END-- [ RunTime:0.000000s ]
SQL: SHOW COLUMNS FROM `dn_news` [ RunTime:0.0000s ]
SQL: SHOW COLUMNS FROM `dn_product` [ RunTime:0.0000s ]
SQL: SHOW COLUMNS FROM `dn_cate` [ RunTime:0.0000s ]
SQL: SELECT * FROM `dn_cate` ORDER BY c_pai desc,c_id desc  [ RunTime:0.0000s ]
SQL: SHOW COLUMNS FROM `dn_product` [ RunTime:0.0000s ]
SQL: SELECT COUNT(*) AS tp_count FROM `dn_product` WHERE ( c_id=8 ) LIMIT 1   [ RunTime:0.0000s ]
SQL: select * from dn_cate as c join dn_product as p on c.c_id=p.c_id where c.c_id=8 order by p_pai desc,p_id desc limit 0,15 [ RunTime:0.0000s ]
SQL: SHOW COLUMNS FROM `dn_lianxi` [ RunTime:0.0156s ]
SQL: SELECT * FROM `dn_lianxi` WHERE ( l_id=1 ) LIMIT 1   [ RunTime:0.0000s ]
SQL: SELECT * FROM `dn_news` ORDER BY n_click desc LIMIT 0,6   [ RunTime:0.0000s ]
INFO: [ view_parse ] --START--
INFO: [ template_filter ] --START--
INFO: Run Behavior\ContentReplaceBehavior [ RunTime:0.000000s ]
INFO: [ template_filter ] --END-- [ RunTime:0.000000s ]
INFO: Run Behavior\ParseTemplateBehavior [ RunTime:0.015625s ]
INFO: [ view_parse ] --END-- [ RunTime:0.015625s ]
INFO: [ view_filter ] --START--
INFO: Run Behavior\WriteHtmlCacheBehavior [ RunTime:0.000000s ]
INFO: [ view_filter ] --END-- [ RunTime:0.000000s ]
INFO: [ app_end ] --START--
INFO: Run Behavior\ShowPageTraceBehavior [ RunTime:0.015625s ]
INFO: [ app_end ] --END-- [ RunTime:0.015625s ]

[ 2018-09-07T17:17:54+08:00 ] 92.38.129.232 /index.php/Home/Product/index/cid/7.html
INFO: [ app_init ] --START--
INFO: Run Behavior\BuildLiteBehavior [ RunTime:0.000000s ]
INFO: [ app_init ] --END-- [ RunTime:0.000000s ]
INFO: [ app_begin ] --START--
INFO: Run Behavior\ReadHtmlCacheBehavior [ RunTime:0.015625s ]
INFO: Run Behavior\CheckLangBehavior [ RunTime:0.000000s ]
INFO: [ app_begin ] --END-- [ RunTime:0.015625s ]
SQL: SHOW COLUMNS FROM `dn_news` [ RunTime:0.0000s ]
SQL: SHOW COLUMNS FROM `dn_product` [ RunTime:0.0000s ]
SQL: SHOW COLUMNS FROM `dn_cate` [ RunTime:0.0156s ]
SQL: SELECT * FROM `dn_cate` ORDER BY c_pai desc,c_id desc  [ RunTime:0.0000s ]
SQL: SHOW COLUMNS FROM `dn_product` [ RunTime:0.0000s ]
SQL: SELECT COUNT(*) AS tp_count FROM `dn_product` WHERE ( c_id=7 ) LIMIT 1   [ RunTime:0.0000s ]
SQL: select * from dn_cate as c join dn_product as p on c.c_id=p.c_id where c.c_id=7 order by p_pai desc,p_id desc limit 0,15 [ RunTime:0.0000s ]
SQL: SHOW COLUMNS FROM `dn_lianxi` [ RunTime:0.0156s ]
SQL: SELECT * FROM `dn_lianxi` WHERE ( l_id=1 ) LIMIT 1   [ RunTime:0.0000s ]
SQL: SELECT * FROM `dn_news` ORDER BY n_click desc LIMIT 0,6   [ RunTime:0.0000s ]
INFO: [ view_parse ] --START--
INFO: [ template_filter ] --START--
INFO: Run Behavior\ContentReplaceBehavior [ RunTime:0.000000s ]
INFO: [ template_filter ] --END-- [ RunTime:0.000000s ]
INFO: Run Behavior\ParseTemplateBehavior [ RunTime:0.015625s ]
INFO: [ view_parse ] --END-- [ RunTime:0.015625s ]
INFO: [ view_filter ] --START--
INFO: Run Behavior\WriteHtmlCacheBehavior [ RunTime:0.000000s ]
INFO: [ view_filter ] --END-- [ RunTime:0.000000s ]
INFO: [ app_end ] --START--
INFO: Run Behavior\ShowPageTraceBehavior [ RunTime:0.000000s ]
INFO: [ app_end ] --END-- [ RunTime:0.000000s ]

[ 2018-09-07T17:17:55+08:00 ] 92.38.129.232 /index.php/Home/Product/index/cid/13.html
INFO: [ app_init ] --START--
INFO: Run Behavior\BuildLiteBehavior [ RunTime:0.000000s ]
INFO: [ app_init ] --END-- [ RunTime:0.000000s ]
INFO: [ app_begin ] --START--
INFO: Run Behavior\ReadHtmlCacheBehavior [ RunTime:0.015625s ]
INFO: Run Behavior\CheckLangBehavior [ RunTime:0.000000s ]
INFO: [ app_begin ] --END-- [ RunTime:0.015625s ]
SQL: SHOW COLUMNS FROM `dn_news` [ RunTime:0.0000s ]
SQL: SHOW COLUMNS FROM `dn_product` [ RunTime:0.0156s ]
SQL: SHOW COLUMNS FROM `dn_cate` [ RunTime:0.0000s ]
SQL: SELECT * FROM `dn_cate` ORDER BY c_pai desc,c_id desc  [ RunTime:0.0000s ]
SQL: SHOW COLUMNS FROM `dn_product` [ RunTime:0.0000s ]
SQL: SELECT COUNT(*) AS tp_count FROM `dn_product` WHERE ( c_id=13 ) LIMIT 1   [ RunTime:0.0000s ]
SQL: select * from dn_cate as c join dn_product as p on c.c_id=p.c_id where c.c_id=13 order by p_pai desc,p_id desc limit 0,15 [ RunTime:0.0000s ]
SQL: SHOW COLUMNS FROM `dn_lianxi` [ RunTime:0.0000s ]
SQL: SELECT * FROM `dn_lianxi` WHERE ( l_id=1 ) LIMIT 1   [ RunTime:0.0000s ]
SQL: SELECT * FROM `dn_news` ORDER BY n_click desc LIMIT 0,6   [ RunTime:0.0000s ]
INFO: [ view_parse ] --START--
INFO: [ template_filter ] --START--
INFO: Run Behavior\ContentReplaceBehavior [ RunTime:0.000000s ]
INFO: [ template_filter ] --END-- [ RunTime:0.000000s ]
INFO: Run Behavior\ParseTemplateBehavior [ RunTime:0.015625s ]
INFO: [ view_parse ] --END-- [ RunTime:0.015625s ]
INFO: [ view_filter ] --START--
INFO: Run Behavior\WriteHtmlCacheBehavior [ RunTime:0.000000s ]
INFO: [ view_filter ] --END-- [ RunTime:0.000000s ]
INFO: [ app_end ] --START--
INFO: Run Behavior\ShowPageTraceBehavior [ RunTime:0.015625s ]
INFO: [ app_end ] --END-- [ RunTime:0.015625s ]

[ 2018-09-07T17:17:58+08:00 ] 92.38.129.232 /index.php/Home/Product/index/cid/13.html
INFO: [ app_init ] --START--
INFO: Run Behavior\BuildLiteBehavior [ RunTime:0.000000s ]
INFO: [ app_init ] --END-- [ RunTime:0.015625s ]
INFO: [ app_begin ] --START--
INFO: Run Behavior\ReadHtmlCacheBehavior [ RunTime:0.000000s ]
INFO: Run Behavior\CheckLangBehavior [ RunTime:0.000000s ]
INFO: [ app_begin ] --END-- [ RunTime:0.000000s ]
SQL: SHOW COLUMNS FROM `dn_news` [ RunTime:0.0000s ]
SQL: SHOW COLUMNS FROM `dn_product` [ RunTime:0.0000s ]
SQL: SHOW COLUMNS FROM `dn_cate` [ RunTime:0.0000s ]
SQL: SELECT * FROM `dn_cate` ORDER BY c_pai desc,c_id desc  [ RunTime:0.0000s ]
SQL: SHOW COLUMNS FROM `dn_product` [ RunTime:0.0000s ]
SQL: SELECT COUNT(*) AS tp_count FROM `dn_product` WHERE ( c_id=13 ) LIMIT 1   [ RunTime:0.0000s ]
SQL: select * from dn_cate as c join dn_product as p on c.c_id=p.c_id where c.c_id=13 order by p_pai desc,p_id desc limit 0,15 [ RunTime:0.0000s ]
SQL: SHOW COLUMNS FROM `dn_lianxi` [ RunTime:0.0000s ]
SQL: SELECT * FROM `dn_lianxi` WHERE ( l_id=1 ) LIMIT 1   [ RunTime:0.0000s ]
SQL: SELECT * FROM `dn_news` ORDER BY n_click desc LIMIT 0,6   [ RunTime:0.0000s ]
INFO: [ view_parse ] --START--
INFO: [ template_filter ] --START--
INFO: Run Behavior\ContentReplaceBehavior [ RunTime:0.000000s ]
INFO: [ template_filter ] --END-- [ RunTime:0.000000s ]
INFO: Run Behavior\ParseTemplateBehavior [ RunTime:0.015625s ]
INFO: [ view_parse ] --END-- [ RunTime:0.015625s ]
INFO: [ view_filter ] --START--
INFO: Run Behavior\WriteHtmlCacheBehavior [ RunTime:0.000000s ]
INFO: [ view_filter ] --END-- [ RunTime:0.000000s ]
INFO: [ app_end ] --START--
INFO: Run Behavior\ShowPageTraceBehavior [ RunTime:0.015625s ]
INFO: [ app_end ] --END-- [ RunTime:0.015625s ]

[ 2018-09-07T17:18:01+08:00 ] 92.38.129.232 /index.php/Home/Product/index/cid/3.html
INFO: [ app_init ] --START--
INFO: Run Behavior\BuildLiteBehavior [ RunTime:0.000000s ]
INFO: [ app_init ] --END-- [ RunTime:0.015625s ]
INFO: [ app_begin ] --START--
INFO: Run Behavior\ReadHtmlCacheBehavior [ RunTime:0.000000s ]
INFO: Run Behavior\CheckLangBehavior [ RunTime:0.000000s ]
INFO: [ app_begin ] --END-- [ RunTime:0.000000s ]
SQL: SHOW COLUMNS FROM `dn_news` [ RunTime:0.0000s ]
SQL: SHOW COLUMNS FROM `dn_product` [ RunTime:0.0000s ]
SQL: SHOW COLUMNS FROM `dn_cate` [ RunTime:0.0156s ]
SQL: SELECT * FROM `dn_cate` ORDER BY c_pai desc,c_id desc  [ RunTime:0.0000s ]
SQL: SHOW COLUMNS FROM `dn_product` [ RunTime:0.0000s ]
SQL: SELECT COUNT(*) AS tp_count FROM `dn_product` WHERE ( c_id=3 ) LIMIT 1   [ RunTime:0.0000s ]
SQL: select * from dn_cate as c join dn_product as p on c.c_id=p.c_id where c.c_id=3 order by p_pai desc,p_id desc limit 0,15 [ RunTime:0.0000s ]
SQL: SHOW COLUMNS FROM `dn_lianxi` [ RunTime:0.0156s ]
SQL: SELECT * FROM `dn_lianxi` WHERE ( l_id=1 ) LIMIT 1   [ RunTime:0.0000s ]
SQL: SELECT * FROM `dn_news` ORDER BY n_click desc LIMIT 0,6   [ RunTime:0.0000s ]
INFO: [ view_parse ] --START--
INFO: [ template_filter ] --START--
INFO: Run Behavior\ContentReplaceBehavior [ RunTime:0.000000s ]
INFO: [ template_filter ] --END-- [ RunTime:0.000000s ]
INFO: Run Behavior\ParseTemplateBehavior [ RunTime:0.015625s ]
INFO: [ view_parse ] --END-- [ RunTime:0.015625s ]
INFO: [ view_filter ] --START--
INFO: Run Behavior\WriteHtmlCacheBehavior [ RunTime:0.000000s ]
INFO: [ view_filter ] --END-- [ RunTime:0.000000s ]
INFO: [ app_end ] --START--
INFO: Run Behavior\ShowPageTraceBehavior [ RunTime:0.000000s ]
INFO: [ app_end ] --END-- [ RunTime:0.000000s ]

[ 2018-09-07T17:18:05+08:00 ] 92.38.129.232 /index.php/Home/Product/index/cid/3.html
INFO: [ app_init ] --START--
INFO: Run Behavior\BuildLiteBehavior [ RunTime:0.000000s ]
INFO: [ app_init ] --END-- [ RunTime:0.000000s ]
INFO: [ app_begin ] --START--
INFO: Run Behavior\ReadHtmlCacheBehavior [ RunTime:0.000000s ]
INFO: Run Behavior\CheckLangBehavior [ RunTime:0.000000s ]
INFO: [ app_begin ] --END-- [ RunTime:0.000000s ]
SQL: SHOW COLUMNS FROM `dn_news` [ RunTime:0.0000s ]
SQL: SHOW COLUMNS FROM `dn_product` [ RunTime:0.0000s ]
SQL: SHOW COLUMNS FROM `dn_cate` [ RunTime:0.0156s ]
SQL: SELECT * FROM `dn_cate` ORDER BY c_pai desc,c_id desc  [ RunTime:0.0000s ]
SQL: SHOW COLUMNS FROM `dn_product` [ RunTime:0.0000s ]
SQL: SELECT COUNT(*) AS tp_count FROM `dn_product` WHERE ( c_id=3 ) LIMIT 1   [ RunTime:0.0000s ]
SQL: select * from dn_cate as c join dn_product as p on c.c_id=p.c_id where c.c_id=3 order by p_pai desc,p_id desc limit 0,15 [ RunTime:0.0000s ]
SQL: SHOW COLUMNS FROM `dn_lianxi` [ RunTime:0.0156s ]
SQL: SELECT * FROM `dn_lianxi` WHERE ( l_id=1 ) LIMIT 1   [ RunTime:0.0000s ]
SQL: SELECT * FROM `dn_news` ORDER BY n_click desc LIMIT 0,6   [ RunTime:0.0000s ]
INFO: [ view_parse ] --START--
INFO: [ template_filter ] --START--
INFO: Run Behavior\ContentReplaceBehavior [ RunTime:0.000000s ]
INFO: [ template_filter ] --END-- [ RunTime:0.000000s ]
INFO: Run Behavior\ParseTemplateBehavior [ RunTime:0.015625s ]
INFO: [ view_parse ] --END-- [ RunTime:0.015625s ]
INFO: [ view_filter ] --START--
INFO: Run Behavior\WriteHtmlCacheBehavior [ RunTime:0.015625s ]
INFO: [ view_filter ] --END-- [ RunTime:0.015625s ]
INFO: [ app_end ] --START--
INFO: Run Behavior\ShowPageTraceBehavior [ RunTime:0.000000s ]
INFO: [ app_end ] --END-- [ RunTime:0.000000s ]

[ 2018-09-07T17:18:20+08:00 ] 92.38.129.232 /index.php/Home/Product/index/cid/9.html
INFO: [ app_init ] --START--
INFO: Run Behavior\BuildLiteBehavior [ RunTime:0.000000s ]
INFO: [ app_init ] --END-- [ RunTime:0.000000s ]
INFO: [ app_begin ] --START--
INFO: Run Behavior\ReadHtmlCacheBehavior [ RunTime:0.000000s ]
INFO: Run Behavior\CheckLangBehavior [ RunTime:0.000000s ]
INFO: [ app_begin ] --END-- [ RunTime:0.000000s ]
SQL: SHOW COLUMNS FROM `dn_news` [ RunTime:0.0000s ]
SQL: SHOW COLUMNS FROM `dn_product` [ RunTime:0.0000s ]
SQL: SHOW COLUMNS FROM `dn_cate` [ RunTime:0.0000s ]
SQL: SELECT * FROM `dn_cate` ORDER BY c_pai desc,c_id desc  [ RunTime:0.0000s ]
SQL: SHOW COLUMNS FROM `dn_product` [ RunTime:0.0156s ]
SQL: SELECT COUNT(*) AS tp_count FROM `dn_product` WHERE ( c_id=9 ) LIMIT 1   [ RunTime:0.0000s ]
SQL: select * from dn_cate as c join dn_product as p on c.c_id=p.c_id where c.c_id=9 order by p_pai desc,p_id desc limit 0,15 [ RunTime:0.0000s ]
SQL: SHOW COLUMNS FROM `dn_lianxi` [ RunTime:0.0000s ]
SQL: SELECT * FROM `dn_lianxi` WHERE ( l_id=1 ) LIMIT 1   [ RunTime:0.0000s ]
SQL: SELECT * FROM `dn_news` ORDER BY n_click desc LIMIT 0,6   [ RunTime:0.0000s ]
INFO: [ view_parse ] --START--
INFO: [ template_filter ] --START--
INFO: Run Behavior\ContentReplaceBehavior [ RunTime:0.000000s ]
INFO: [ template_filter ] --END-- [ RunTime:0.000000s ]
INFO: Run Behavior\ParseTemplateBehavior [ RunTime:0.031250s ]
INFO: [ view_parse ] --END-- [ RunTime:0.031250s ]
INFO: [ view_filter ] --START--
INFO: Run Behavior\WriteHtmlCacheBehavior [ RunTime:0.000000s ]
INFO: [ view_filter ] --END-- [ RunTime:0.000000s ]
INFO: [ app_end ] --START--
INFO: Run Behavior\ShowPageTraceBehavior [ RunTime:0.000000s ]
INFO: [ app_end ] --END-- [ RunTime:0.000000s ]

[ 2018-09-07T17:18:26+08:00 ] 92.38.129.232 /index.php/Home/Product/index/cid/13.html
INFO: [ app_init ] --START--
INFO: Run Behavior\BuildLiteBehavior [ RunTime:0.000000s ]
INFO: [ app_init ] --END-- [ RunTime:0.000000s ]
INFO: [ app_begin ] --START--
INFO: Run Behavior\ReadHtmlCacheBehavior [ RunTime:0.000000s ]
INFO: Run Behavior\CheckLangBehavior [ RunTime:0.000000s ]
INFO: [ app_begin ] --END-- [ RunTime:0.000000s ]
SQL: SHOW COLUMNS FROM `dn_news` [ RunTime:0.0000s ]
SQL: SHOW COLUMNS FROM `dn_product` [ RunTime:0.0000s ]
SQL: SHOW COLUMNS FROM `dn_cate` [ RunTime:0.0156s ]
SQL: SELECT * FROM `dn_cate` ORDER BY c_pai desc,c_id desc  [ RunTime:0.0000s ]
SQL: SHOW COLUMNS FROM `dn_product` [ RunTime:0.0000s ]
SQL: SELECT COUNT(*) AS tp_count FROM `dn_product` WHERE ( c_id=13 ) LIMIT 1   [ RunTime:0.0000s ]
SQL: select * from dn_cate as c join dn_product as p on c.c_id=p.c_id where c.c_id=13 order by p_pai desc,p_id desc limit 0,15 [ RunTime:0.0000s ]
SQL: SHOW COLUMNS FROM `dn_lianxi` [ RunTime:0.0156s ]
SQL: SELECT * FROM `dn_lianxi` WHERE ( l_id=1 ) LIMIT 1   [ RunTime:0.0000s ]
SQL: SELECT * FROM `dn_news` ORDER BY n_click desc LIMIT 0,6   [ RunTime:0.0000s ]
INFO: [ view_parse ] --START--
INFO: [ template_filter ] --START--
INFO: Run Behavior\ContentReplaceBehavior [ RunTime:0.000000s ]
INFO: [ template_filter ] --END-- [ RunTime:0.000000s ]
INFO: Run Behavior\ParseTemplateBehavior [ RunTime:0.015625s ]
INFO: [ view_parse ] --END-- [ RunTime:0.015625s ]
INFO: [ view_filter ] --START--
INFO: Run Behavior\WriteHtmlCacheBehavior [ RunTime:0.015625s ]
INFO: [ view_filter ] --END-- [ RunTime:0.015625s ]
INFO: [ app_end ] --START--
INFO: Run Behavior\ShowPageTraceBehavior [ RunTime:0.000000s ]
INFO: [ app_end ] --END-- [ RunTime:0.000000s ]

[ 2018-09-07T17:18:30+08:00 ] 92.38.129.232 /index.php/Home/Product/index/cid/7.html
INFO: [ app_init ] --START--
INFO: Run Behavior\BuildLiteBehavior [ RunTime:0.000000s ]
INFO: [ app_init ] --END-- [ RunTime:0.000000s ]
INFO: [ app_begin ] --START--
INFO: Run Behavior\ReadHtmlCacheBehavior [ RunTime:0.000000s ]
INFO: Run Behavior\CheckLangBehavior [ RunTime:0.000000s ]
INFO: [ app_begin ] --END-- [ RunTime:0.000000s ]
SQL: SHOW COLUMNS FROM `dn_news` [ RunTime:0.0156s ]
SQL: SHOW COLUMNS FROM `dn_product` [ RunTime:0.0000s ]
SQL: SHOW COLUMNS FROM `dn_cate` [ RunTime:0.0156s ]
SQL: SELECT * FROM `dn_cate` ORDER BY c_pai desc,c_id desc  [ RunTime:0.0000s ]
SQL: SHOW COLUMNS FROM `dn_product` [ RunTime:0.0000s ]
SQL: SELECT COUNT(*) AS tp_count FROM `dn_product` WHERE ( c_id=7 ) LIMIT 1   [ RunTime:0.0000s ]
SQL: select * from dn_cate as c join dn_product as p on c.c_id=p.c_id where c.c_id=7 order by p_pai desc,p_id desc limit 0,15 [ RunTime:0.0000s ]
SQL: SHOW COLUMNS FROM `dn_lianxi` [ RunTime:0.0000s ]
SQL: SELECT * FROM `dn_lianxi` WHERE ( l_id=1 ) LIMIT 1   [ RunTime:0.0000s ]
SQL: SELECT * FROM `dn_news` ORDER BY n_click desc LIMIT 0,6   [ RunTime:0.0000s ]
INFO: [ view_parse ] --START--
INFO: [ template_filter ] --START--
INFO: Run Behavior\ContentReplaceBehavior [ RunTime:0.000000s ]
INFO: [ template_filter ] --END-- [ RunTime:0.000000s ]
INFO: Run Behavior\ParseTemplateBehavior [ RunTime:0.031250s ]
INFO: [ view_parse ] --END-- [ RunTime:0.031250s ]
INFO: [ view_filter ] --START--
INFO: Run Behavior\WriteHtmlCacheBehavior [ RunTime:0.000000s ]
INFO: [ view_filter ] --END-- [ RunTime:0.000000s ]
INFO: [ app_end ] --START--
INFO: Run Behavior\ShowPageTraceBehavior [ RunTime:0.000000s ]
INFO: [ app_end ] --END-- [ RunTime:0.000000s ]

[ 2018-09-07T17:18:34+08:00 ] 92.38.129.232 /index.php/Home/Product/index/cid/8.html
INFO: [ app_init ] --START--
INFO: Run Behavior\BuildLiteBehavior [ RunTime:0.000000s ]
INFO: [ app_init ] --END-- [ RunTime:0.000000s ]
INFO: [ app_begin ] --START--
INFO: Run Behavior\ReadHtmlCacheBehavior [ RunTime:0.000000s ]
INFO: Run Behavior\CheckLangBehavior [ RunTime:0.000000s ]
INFO: [ app_begin ] --END-- [ RunTime:0.000000s ]
SQL: SHOW COLUMNS FROM `dn_news` [ RunTime:0.0000s ]
SQL: SHOW COLUMNS FROM `dn_product` [ RunTime:0.0000s ]
SQL: SHOW COLUMNS FROM `dn_cate` [ RunTime:0.0156s ]
SQL: SELECT * FROM `dn_cate` ORDER BY c_pai desc,c_id desc  [ RunTime:0.0000s ]
SQL: SHOW COLUMNS FROM `dn_product` [ RunTime:0.0000s ]
SQL: SELECT COUNT(*) AS tp_count FROM `dn_product` WHERE ( c_id=8 ) LIMIT 1   [ RunTime:0.0000s ]
SQL: select * from dn_cate as c join dn_product as p on c.c_id=p.c_id where c.c_id=8 order by p_pai desc,p_id desc limit 0,15 [ RunTime:0.0000s ]
SQL: SHOW COLUMNS FROM `dn_lianxi` [ RunTime:0.0156s ]
SQL: SELECT * FROM `dn_lianxi` WHERE ( l_id=1 ) LIMIT 1   [ RunTime:0.0000s ]
SQL: SELECT * FROM `dn_news` ORDER BY n_click desc LIMIT 0,6   [ RunTime:0.0000s ]
INFO: [ view_parse ] --START--
INFO: [ template_filter ] --START--
INFO: Run Behavior\ContentReplaceBehavior [ RunTime:0.000000s ]
INFO: [ template_filter ] --END-- [ RunTime:0.000000s ]
INFO: Run Behavior\ParseTemplateBehavior [ RunTime:0.031250s ]
INFO: [ view_parse ] --END-- [ RunTime:0.031250s ]
INFO: [ view_filter ] --START--
INFO: Run Behavior\WriteHtmlCacheBehavior [ RunTime:0.000000s ]
INFO: [ view_filter ] --END-- [ RunTime:0.000000s ]
INFO: [ app_end ] --START--
INFO: Run Behavior\ShowPageTraceBehavior [ RunTime:0.000000s ]
INFO: [ app_end ] --END-- [ RunTime:0.000000s ]

[ 2018-09-07T17:20:06+08:00 ] 92.38.129.232 /index.php/Home/Product/index/cid/14.html
INFO: [ app_init ] --START--
INFO: Run Behavior\BuildLiteBehavior [ RunTime:0.000000s ]
INFO: [ app_init ] --END-- [ RunTime:0.000000s ]
INFO: [ app_begin ] --START--
INFO: Run Behavior\ReadHtmlCacheBehavior [ RunTime:0.000000s ]
INFO: Run Behavior\CheckLangBehavior [ RunTime:0.000000s ]
INFO: [ app_begin ] --END-- [ RunTime:0.000000s ]
SQL: SHOW COLUMNS FROM `dn_news` [ RunTime:0.0000s ]
SQL: SHOW COLUMNS FROM `dn_product` [ RunTime:0.0000s ]
SQL: SHOW COLUMNS FROM `dn_cate` [ RunTime:0.0000s ]
SQL: SELECT * FROM `dn_cate` ORDER BY c_pai desc,c_id desc  [ RunTime:0.0000s ]
SQL: SHOW COLUMNS FROM `dn_product` [ RunTime:0.0000s ]
SQL: SELECT COUNT(*) AS tp_count FROM `dn_product` WHERE ( c_id=14 ) LIMIT 1   [ RunTime:0.0000s ]
ERR: 1064:You have an error in your SQL syntax; check the manual that corresponds to your MySQL server version for the right syntax to use near '-15,15' at line 1
 [ SQL语句 ] : select * from dn_cate as c join dn_product as p on c.c_id=p.c_id where c.c_id=14 order by p_pai desc,p_id desc limit -15,15
ERR: 1064:You have an error in your SQL syntax; check the manual that corresponds to your MySQL server version for the right syntax to use near '-15,15' at line 1
 [ SQL语句 ] : select * from dn_cate as c join dn_product as p on c.c_id=p.c_id where c.c_id=14 order by p_pai desc,p_id desc limit -15,15

[ 2018-09-07T17:20:31+08:00 ] 127.0.0.1 /
INFO: [ app_init ] --START--
INFO: Run Behavior\BuildLiteBehavior [ RunTime:0.000000s ]
INFO: [ app_init ] --END-- [ RunTime:0.000000s ]
INFO: [ app_begin ] --START--
INFO: Run Behavior\ReadHtmlCacheBehavior [ RunTime:0.000000s ]
INFO: Run Behavior\CheckLangBehavior [ RunTime:0.000000s ]
INFO: [ app_begin ] --END-- [ RunTime:0.000000s ]
SQL: SHOW COLUMNS FROM `dn_banner` [ RunTime:0.0000s ]
SQL: SELECT * FROM `dn_banner` ORDER BY b_pai desc LIMIT 0,5   [ RunTime:0.0000s ]
SQL: SHOW COLUMNS FROM `dn_gaishu` [ RunTime:0.0156s ]
SQL: SELECT * FROM `dn_gaishu`  [ RunTime:0.0000s ]
SQL: select * from dn_product as p join dn_cate as c on c.c_id=p.c_id where c.c_name='检测设备' order by p_pai desc,p_id desc limit 0,8 [ RunTime:0.0000s ]
SQL: select * from dn_product as p join dn_cate as c on c.c_id=p.c_id where c.c_name='生产研发' order by p_pai desc,p_id desc limit 0,8 [ RunTime:0.0000s ]
SQL: SHOW COLUMNS FROM `dn_lianxi` [ RunTime:0.0000s ]
SQL: SELECT * FROM `dn_lianxi` WHERE ( l_id=1 ) LIMIT 1   [ RunTime:0.0000s ]
SQL: SHOW COLUMNS FROM `dn_news` [ RunTime:0.0000s ]
SQL: SELECT * FROM `dn_news` WHERE ( n_cate='公司新闻' ) ORDER BY n_pai desc,n_id desc LIMIT 0,7   [ RunTime:0.0000s ]
SQL: SELECT * FROM `dn_news` WHERE ( n_cate='行业新闻' ) ORDER BY n_pai desc,n_id desc LIMIT 0,7   [ RunTime:0.0000s ]
SQL: SHOW COLUMNS FROM `dn_cooperation` [ RunTime:0.0156s ]
SQL: SELECT * FROM `dn_cooperation` ORDER BY co_pai desc,co_id desc  [ RunTime:0.0000s ]
INFO: [ view_parse ] --START--
INFO: [ template_filter ] --START--
INFO: Run Behavior\ContentReplaceBehavior [ RunTime:0.000000s ]
INFO: [ template_filter ] --END-- [ RunTime:0.000000s ]
NOTIC: [8] Undefined variable: video D:\wwwroot\bjhtx\wwwroot\Application\Runtime\Cache\Home\2a94b8bda04ff446dcedd42276fc99ee.php 第 133 行.
INFO: Run Behavior\ParseTemplateBehavior [ RunTime:0.031250s ]
INFO: [ view_parse ] --END-- [ RunTime:0.031250s ]
INFO: [ view_filter ] --START--
INFO: Run Behavior\WriteHtmlCacheBehavior [ RunTime:0.000000s ]
INFO: [ view_filter ] --END-- [ RunTime:0.000000s ]
INFO: [ app_end ] --START--
INFO: Run Behavior\ShowPageTraceBehavior [ RunTime:0.015625s ]
INFO: [ app_end ] --END-- [ RunTime:0.015625s ]

[ 2018-09-07T17:20:36+08:00 ] 92.38.129.232 /index.php/Home/Sale/index.html
INFO: [ app_init ] --START--
INFO: Run Behavior\BuildLiteBehavior [ RunTime:0.000000s ]
INFO: [ app_init ] --END-- [ RunTime:0.000000s ]
INFO: [ app_begin ] --START--
INFO: Run Behavior\ReadHtmlCacheBehavior [ RunTime:0.000000s ]
INFO: Run Behavior\CheckLangBehavior [ RunTime:0.000000s ]
INFO: [ app_begin ] --END-- [ RunTime:0.000000s ]
SQL: SHOW COLUMNS FROM `dn_cate` [ RunTime:0.0000s ]
SQL: SELECT * FROM `dn_cate` ORDER BY c_pai desc,c_id desc  [ RunTime:0.0000s ]
SQL: SHOW COLUMNS FROM `dn_lianxi` [ RunTime:0.0156s ]
SQL: SELECT * FROM `dn_lianxi` WHERE ( l_id=1 ) LIMIT 1   [ RunTime:0.0000s ]
SQL: SHOW COLUMNS FROM `dn_qita` [ RunTime:0.0156s ]
SQL: SELECT * FROM `dn_qita` WHERE ( q_name='销售网络' ) LIMIT 1   [ RunTime:0.0000s ]
SQL: SHOW COLUMNS FROM `dn_news` [ RunTime:0.0156s ]
SQL: SELECT * FROM `dn_news` ORDER BY n_click desc LIMIT 0,6   [ RunTime:0.0000s ]
INFO: [ view_parse ] --START--
INFO: [ template_filter ] --START--
INFO: Run Behavior\ContentReplaceBehavior [ RunTime:0.000000s ]
INFO: [ template_filter ] --END-- [ RunTime:0.000000s ]
INFO: Run Behavior\ParseTemplateBehavior [ RunTime:0.031250s ]
INFO: [ view_parse ] --END-- [ RunTime:0.031250s ]
INFO: [ view_filter ] --START--
INFO: Run Behavior\WriteHtmlCacheBehavior [ RunTime:0.000000s ]
INFO: [ view_filter ] --END-- [ RunTime:0.000000s ]
INFO: [ app_end ] --START--
INFO: Run Behavior\ShowPageTraceBehavior [ RunTime:0.015625s ]
INFO: [ app_end ] --END-- [ RunTime:0.015625s ]

[ 2018-09-07T17:21:13+08:00 ] 92.38.129.232 /index.php/Home/Sale/index.html
INFO: [ app_init ] --START--
INFO: Run Behavior\BuildLiteBehavior [ RunTime:0.000000s ]
INFO: [ app_init ] --END-- [ RunTime:0.000000s ]
INFO: [ app_begin ] --START--
INFO: Run Behavior\ReadHtmlCacheBehavior [ RunTime:0.000000s ]
INFO: Run Behavior\CheckLangBehavior [ RunTime:0.000000s ]
INFO: [ app_begin ] --END-- [ RunTime:0.000000s ]
SQL: SHOW COLUMNS FROM `dn_cate` [ RunTime:0.0000s ]
SQL: SELECT * FROM `dn_cate` ORDER BY c_pai desc,c_id desc  [ RunTime:0.0000s ]
SQL: SHOW COLUMNS FROM `dn_lianxi` [ RunTime:0.0156s ]
SQL: SELECT * FROM `dn_lianxi` WHERE ( l_id=1 ) LIMIT 1   [ RunTime:0.0000s ]
SQL: SHOW COLUMNS FROM `dn_qita` [ RunTime:0.0000s ]
SQL: SELECT * FROM `dn_qita` WHERE ( q_name='销售网络' ) LIMIT 1   [ RunTime:0.0000s ]
SQL: SHOW COLUMNS FROM `dn_news` [ RunTime:0.0156s ]
SQL: SELECT * FROM `dn_news` ORDER BY n_click desc LIMIT 0,6   [ RunTime:0.0000s ]
INFO: [ view_parse ] --START--
INFO: [ template_filter ] --START--
INFO: Run Behavior\ContentReplaceBehavior [ RunTime:0.000000s ]
INFO: [ template_filter ] --END-- [ RunTime:0.000000s ]
INFO: Run Behavior\ParseTemplateBehavior [ RunTime:0.015625s ]
INFO: [ view_parse ] --END-- [ RunTime:0.015625s ]
INFO: [ view_filter ] --START--
INFO: Run Behavior\WriteHtmlCacheBehavior [ RunTime:0.000000s ]
INFO: [ view_filter ] --END-- [ RunTime:0.000000s ]
INFO: [ app_end ] --START--
INFO: Run Behavior\ShowPageTraceBehavior [ RunTime:0.000000s ]
INFO: [ app_end ] --END-- [ RunTime:0.000000s ]

[ 2018-09-07T17:21:44+08:00 ] 92.38.129.232 /index.php/Home/Emyployee/index.html
INFO: [ app_init ] --START--
INFO: Run Behavior\BuildLiteBehavior [ RunTime:0.000000s ]
INFO: [ app_init ] --END-- [ RunTime:0.000000s ]
INFO: [ app_begin ] --START--
INFO: Run Behavior\ReadHtmlCacheBehavior [ RunTime:0.000000s ]
INFO: Run Behavior\CheckLangBehavior [ RunTime:0.000000s ]
INFO: [ app_begin ] --END-- [ RunTime:0.000000s ]
SQL: SHOW COLUMNS FROM `dn_qita` [ RunTime:0.0000s ]
SQL: SELECT * FROM `dn_qita` WHERE ( q_name='人才理念' ) LIMIT 1   [ RunTime:0.0000s ]
SQL: SHOW COLUMNS FROM `dn_lianxi` [ RunTime:0.0156s ]
SQL: SELECT * FROM `dn_lianxi` WHERE ( l_id=1 ) LIMIT 1   [ RunTime:0.0000s ]
SQL: SHOW COLUMNS FROM `dn_job` [ RunTime:0.0156s ]
SQL: SELECT * FROM `dn_job` ORDER BY j_pai desc  [ RunTime:0.0000s ]
SQL: SHOW COLUMNS FROM `dn_news` [ RunTime:0.0156s ]
SQL: SELECT * FROM `dn_news` ORDER BY n_click desc LIMIT 0,6   [ RunTime:0.0000s ]
INFO: [ view_parse ] --START--
INFO: [ template_filter ] --START--
INFO: Run Behavior\ContentReplaceBehavior [ RunTime:0.000000s ]
INFO: [ template_filter ] --END-- [ RunTime:0.000000s ]
INFO: Run Behavior\ParseTemplateBehavior [ RunTime:0.031250s ]
INFO: [ view_parse ] --END-- [ RunTime:0.031250s ]
INFO: [ view_filter ] --START--
INFO: Run Behavior\WriteHtmlCacheBehavior [ RunTime:0.000000s ]
INFO: [ view_filter ] --END-- [ RunTime:0.000000s ]
INFO: [ app_end ] --START--
INFO: Run Behavior\ShowPageTraceBehavior [ RunTime:0.000000s ]
INFO: [ app_end ] --END-- [ RunTime:0.000000s ]

[ 2018-09-07T17:21:59+08:00 ] 92.38.129.232 /index.php/Home/Contact/index.html
INFO: [ app_init ] --START--
INFO: Run Behavior\BuildLiteBehavior [ RunTime:0.000000s ]
INFO: [ app_init ] --END-- [ RunTime:0.000000s ]
INFO: [ app_begin ] --START--
INFO: Run Behavior\ReadHtmlCacheBehavior [ RunTime:0.000000s ]
INFO: Run Behavior\CheckLangBehavior [ RunTime:0.000000s ]
INFO: [ app_begin ] --END-- [ RunTime:0.000000s ]
SQL: SHOW COLUMNS FROM `dn_lianxi` [ RunTime:0.0000s ]
SQL: SHOW COLUMNS FROM `dn_news` [ RunTime:0.0156s ]
SQL: SELECT * FROM `dn_lianxi` WHERE ( l_id=1 ) LIMIT 1   [ RunTime:0.0000s ]
SQL: SELECT * FROM `dn_news` ORDER BY n_click desc LIMIT 0,6   [ RunTime:0.0000s ]
INFO: [ view_parse ] --START--
INFO: [ template_filter ] --START--
INFO: Run Behavior\ContentReplaceBehavior [ RunTime:0.000000s ]
INFO: [ template_filter ] --END-- [ RunTime:0.000000s ]
INFO: Run Behavior\ParseTemplateBehavior [ RunTime:0.031250s ]
INFO: [ view_parse ] --END-- [ RunTime:0.031250s ]
INFO: [ view_filter ] --START--
INFO: Run Behavior\WriteHtmlCacheBehavior [ RunTime:0.000000s ]
INFO: [ view_filter ] --END-- [ RunTime:0.000000s ]
INFO: [ app_end ] --START--
INFO: Run Behavior\ShowPageTraceBehavior [ RunTime:0.015625s ]
INFO: [ app_end ] --END-- [ RunTime:0.015625s ]

[ 2018-09-07T17:22:01+08:00 ] 92.38.129.232 /index.php/Home/Contact/index.html
INFO: [ app_init ] --START--
INFO: Run Behavior\BuildLiteBehavior [ RunTime:0.000000s ]
INFO: [ app_init ] --END-- [ RunTime:0.000000s ]
INFO: [ app_begin ] --START--
INFO: Run Behavior\ReadHtmlCacheBehavior [ RunTime:0.000000s ]
INFO: Run Behavior\CheckLangBehavior [ RunTime:0.015625s ]
INFO: [ app_begin ] --END-- [ RunTime:0.015625s ]
SQL: SHOW COLUMNS FROM `dn_lianxi` [ RunTime:0.0000s ]
SQL: SHOW COLUMNS FROM `dn_news` [ RunTime:0.0156s ]
SQL: SELECT * FROM `dn_lianxi` WHERE ( l_id=1 ) LIMIT 1   [ RunTime:0.0000s ]
SQL: SELECT * FROM `dn_news` ORDER BY n_click desc LIMIT 0,6   [ RunTime:0.0000s ]
INFO: [ view_parse ] --START--
INFO: [ template_filter ] --START--
INFO: Run Behavior\ContentReplaceBehavior [ RunTime:0.000000s ]
INFO: [ template_filter ] --END-- [ RunTime:0.000000s ]
INFO: Run Behavior\ParseTemplateBehavior [ RunTime:0.015625s ]
INFO: [ view_parse ] --END-- [ RunTime:0.015625s ]
INFO: [ view_filter ] --START--
INFO: Run Behavior\WriteHtmlCacheBehavior [ RunTime:0.015625s ]
INFO: [ view_filter ] --END-- [ RunTime:0.015625s ]
INFO: [ app_end ] --START--
INFO: Run Behavior\ShowPageTraceBehavior [ RunTime:0.000000s ]
INFO: [ app_end ] --END-- [ RunTime:0.000000s ]

[ 2018-09-07T18:23:43+08:00 ] 127.0.0.1 /
INFO: [ app_init ] --START--
INFO: Run Behavior\BuildLiteBehavior [ RunTime:0.000000s ]
INFO: [ app_init ] --END-- [ RunTime:0.000000s ]
INFO: [ app_begin ] --START--
INFO: Run Behavior\ReadHtmlCacheBehavior [ RunTime:0.000000s ]
INFO: Run Behavior\CheckLangBehavior [ RunTime:0.000000s ]
INFO: [ app_begin ] --END-- [ RunTime:0.000000s ]
SQL: SHOW COLUMNS FROM `dn_banner` [ RunTime:0.0000s ]
SQL: SELECT * FROM `dn_banner` ORDER BY b_pai desc LIMIT 0,5   [ RunTime:0.0000s ]
SQL: SHOW COLUMNS FROM `dn_gaishu` [ RunTime:0.0156s ]
SQL: SELECT * FROM `dn_gaishu`  [ RunTime:0.0000s ]
SQL: select * from dn_product as p join dn_cate as c on c.c_id=p.c_id where c.c_name='检测设备' order by p_pai desc,p_id desc limit 0,8 [ RunTime:0.0000s ]
SQL: select * from dn_product as p join dn_cate as c on c.c_id=p.c_id where c.c_name='生产研发' order by p_pai desc,p_id desc limit 0,8 [ RunTime:0.0000s ]
SQL: SHOW COLUMNS FROM `dn_lianxi` [ RunTime:0.0000s ]
SQL: SELECT * FROM `dn_lianxi` WHERE ( l_id=1 ) LIMIT 1   [ RunTime:0.0000s ]
SQL: SHOW COLUMNS FROM `dn_news` [ RunTime:0.0156s ]
SQL: SELECT * FROM `dn_news` WHERE ( n_cate='公司新闻' ) ORDER BY n_pai desc,n_id desc LIMIT 0,7   [ RunTime:0.0000s ]
SQL: SELECT * FROM `dn_news` WHERE ( n_cate='行业新闻' ) ORDER BY n_pai desc,n_id desc LIMIT 0,7   [ RunTime:0.0000s ]
SQL: SHOW COLUMNS FROM `dn_cooperation` [ RunTime:0.0000s ]
SQL: SELECT * FROM `dn_cooperation` ORDER BY co_pai desc,co_id desc  [ RunTime:0.0000s ]
INFO: [ view_parse ] --START--
INFO: [ template_filter ] --START--
INFO: Run Behavior\ContentReplaceBehavior [ RunTime:0.000000s ]
INFO: [ template_filter ] --END-- [ RunTime:0.000000s ]
NOTIC: [8] Undefined variable: video D:\wwwroot\bjhtx\wwwroot\Application\Runtime\Cache\Home\2a94b8bda04ff446dcedd42276fc99ee.php 第 133 行.
INFO: Run Behavior\ParseTemplateBehavior [ RunTime:0.046875s ]
INFO: [ view_parse ] --END-- [ RunTime:0.046875s ]
INFO: [ view_filter ] --START--
INFO: Run Behavior\WriteHtmlCacheBehavior [ RunTime:0.015625s ]
INFO: [ view_filter ] --END-- [ RunTime:0.015625s ]
INFO: [ app_end ] --START--
INFO: Run Behavior\ShowPageTraceBehavior [ RunTime:0.000000s ]
INFO: [ app_end ] --END-- [ RunTime:0.000000s ]

[ 2018-09-07T18:55:33+08:00 ] 180.163.220.68 /index.php/Home/Company/index.html
INFO: [ app_init ] --START--
INFO: Run Behavior\BuildLiteBehavior [ RunTime:0.000000s ]
INFO: [ app_init ] --END-- [ RunTime:0.015625s ]
INFO: [ app_begin ] --START--
INFO: Run Behavior\ReadHtmlCacheBehavior [ RunTime:0.000000s ]
INFO: Run Behavior\CheckLangBehavior [ RunTime:0.000000s ]
INFO: [ app_begin ] --END-- [ RunTime:0.000000s ]
SQL: SHOW COLUMNS FROM `dn_company` [ RunTime:0.0000s ]
SQL: SELECT * FROM `dn_company` ORDER BY cm_pai desc,cm_id desc  [ RunTime:0.0000s ]
SQL: SHOW COLUMNS FROM `dn_lianxi` [ RunTime:0.0000s ]
SQL: SELECT * FROM `dn_lianxi` WHERE ( l_id=1 ) LIMIT 1   [ RunTime:0.0156s ]
SQL: SHOW COLUMNS FROM `dn_news` [ RunTime:0.0000s ]
SQL: SELECT * FROM `dn_news` ORDER BY n_click desc LIMIT 0,6   [ RunTime:0.0156s ]
SQL: SELECT * FROM `dn_company` WHERE ( cm_name='公司简介' ) LIMIT 1   [ RunTime:0.0000s ]
INFO: [ view_parse ] --START--
INFO: [ template_filter ] --START--
INFO: Run Behavior\ContentReplaceBehavior [ RunTime:0.000000s ]
INFO: [ template_filter ] --END-- [ RunTime:0.000000s ]
INFO: Run Behavior\ParseTemplateBehavior [ RunTime:0.015625s ]
INFO: [ view_parse ] --END-- [ RunTime:0.015625s ]
INFO: [ view_filter ] --START--
INFO: Run Behavior\WriteHtmlCacheBehavior [ RunTime:0.000000s ]
INFO: [ view_filter ] --END-- [ RunTime:0.000000s ]
INFO: [ app_end ] --START--
INFO: Run Behavior\ShowPageTraceBehavior [ RunTime:0.000000s ]
INFO: [ app_end ] --END-- [ RunTime:0.000000s ]

[ 2018-09-07T19:01:59+08:00 ] 42.236.10.124 /index.php/Home/Product/index/cid/6.html
INFO: [ app_init ] --START--
INFO: Run Behavior\BuildLiteBehavior [ RunTime:0.000000s ]
INFO: [ app_init ] --END-- [ RunTime:0.000000s ]
INFO: [ app_begin ] --START--
INFO: Run Behavior\ReadHtmlCacheBehavior [ RunTime:0.000000s ]
INFO: Run Behavior\CheckLangBehavior [ RunTime:0.000000s ]
INFO: [ app_begin ] --END-- [ RunTime:0.000000s ]
SQL: SHOW COLUMNS FROM `dn_news` [ RunTime:0.0000s ]
SQL: SHOW COLUMNS FROM `dn_product` [ RunTime:0.0000s ]
SQL: SHOW COLUMNS FROM `dn_cate` [ RunTime:0.0156s ]
SQL: SELECT * FROM `dn_cate` ORDER BY c_pai desc,c_id desc  [ RunTime:0.0000s ]
SQL: SHOW COLUMNS FROM `dn_product` [ RunTime:0.0000s ]
SQL: SELECT COUNT(*) AS tp_count FROM `dn_product` WHERE ( c_id=6 ) LIMIT 1   [ RunTime:0.0000s ]
SQL: select * from dn_cate as c join dn_product as p on c.c_id=p.c_id where c.c_id=6 order by p_pai desc,p_id desc limit 0,15 [ RunTime:0.0156s ]
SQL: SHOW COLUMNS FROM `dn_lianxi` [ RunTime:0.0000s ]
SQL: SELECT * FROM `dn_lianxi` WHERE ( l_id=1 ) LIMIT 1   [ RunTime:0.0000s ]
SQL: SELECT * FROM `dn_news` ORDER BY n_click desc LIMIT 0,6   [ RunTime:0.0000s ]
INFO: [ view_parse ] --START--
INFO: [ template_filter ] --START--
INFO: Run Behavior\ContentReplaceBehavior [ RunTime:0.000000s ]
INFO: [ template_filter ] --END-- [ RunTime:0.000000s ]
INFO: Run Behavior\ParseTemplateBehavior [ RunTime:0.031250s ]
INFO: [ view_parse ] --END-- [ RunTime:0.031250s ]
INFO: [ view_filter ] --START--
INFO: Run Behavior\WriteHtmlCacheBehavior [ RunTime:0.000000s ]
INFO: [ view_filter ] --END-- [ RunTime:0.000000s ]
INFO: [ app_end ] --START--
INFO: Run Behavior\ShowPageTraceBehavior [ RunTime:0.000000s ]
INFO: [ app_end ] --END-- [ RunTime:0.000000s ]

[ 2018-09-07T20:29:10+08:00 ] 180.163.220.5 /index.php/Home/Product/index/cid/12.html
INFO: [ app_init ] --START--
INFO: Run Behavior\BuildLiteBehavior [ RunTime:0.000000s ]
INFO: [ app_init ] --END-- [ RunTime:0.000000s ]
INFO: [ app_begin ] --START--
INFO: Run Behavior\ReadHtmlCacheBehavior [ RunTime:0.000000s ]
INFO: Run Behavior\CheckLangBehavior [ RunTime:0.000000s ]
INFO: [ app_begin ] --END-- [ RunTime:0.000000s ]
SQL: SHOW COLUMNS FROM `dn_news` [ RunTime:0.0156s ]
SQL: SHOW COLUMNS FROM `dn_product` [ RunTime:0.0000s ]
SQL: SHOW COLUMNS FROM `dn_cate` [ RunTime:0.0156s ]
SQL: SELECT * FROM `dn_cate` ORDER BY c_pai desc,c_id desc  [ RunTime:0.0000s ]
SQL: SHOW COLUMNS FROM `dn_product` [ RunTime:0.0000s ]
SQL: SELECT COUNT(*) AS tp_count FROM `dn_product` WHERE ( c_id=12 ) LIMIT 1   [ RunTime:0.0000s ]
SQL: select * from dn_cate as c join dn_product as p on c.c_id=p.c_id where c.c_id=12 order by p_pai desc,p_id desc limit 0,15 [ RunTime:0.0000s ]
SQL: SHOW COLUMNS FROM `dn_lianxi` [ RunTime:0.0000s ]
SQL: SELECT * FROM `dn_lianxi` WHERE ( l_id=1 ) LIMIT 1   [ RunTime:0.0000s ]
SQL: SELECT * FROM `dn_news` ORDER BY n_click desc LIMIT 0,6   [ RunTime:0.0000s ]
INFO: [ view_parse ] --START--
INFO: [ template_filter ] --START--
INFO: Run Behavior\ContentReplaceBehavior [ RunTime:0.000000s ]
INFO: [ template_filter ] --END-- [ RunTime:0.000000s ]
INFO: Run Behavior\ParseTemplateBehavior [ RunTime:0.031250s ]
INFO: [ view_parse ] --END-- [ RunTime:0.031250s ]
INFO: [ view_filter ] --START--
INFO: Run Behavior\WriteHtmlCacheBehavior [ RunTime:0.000000s ]
INFO: [ view_filter ] --END-- [ RunTime:0.000000s ]
INFO: [ app_end ] --START--
INFO: Run Behavior\ShowPageTraceBehavior [ RunTime:0.015625s ]
INFO: [ app_end ] --END-- [ RunTime:0.015625s ]

[ 2018-09-07T20:32:52+08:00 ] 127.0.0.1 /
INFO: [ app_init ] --START--
INFO: Run Behavior\BuildLiteBehavior [ RunTime:0.000000s ]
INFO: [ app_init ] --END-- [ RunTime:0.000000s ]
INFO: [ app_begin ] --START--
INFO: Run Behavior\ReadHtmlCacheBehavior [ RunTime:0.000000s ]
INFO: Run Behavior\CheckLangBehavior [ RunTime:0.015625s ]
INFO: [ app_begin ] --END-- [ RunTime:0.015625s ]
SQL: SHOW COLUMNS FROM `dn_banner` [ RunTime:0.0000s ]
SQL: SELECT * FROM `dn_banner` ORDER BY b_pai desc LIMIT 0,5   [ RunTime:0.0000s ]
SQL: SHOW COLUMNS FROM `dn_gaishu` [ RunTime:0.0000s ]
SQL: SELECT * FROM `dn_gaishu`  [ RunTime:0.0000s ]
SQL: select * from dn_product as p join dn_cate as c on c.c_id=p.c_id where c.c_name='检测设备' order by p_pai desc,p_id desc limit 0,8 [ RunTime:0.0156s ]
SQL: select * from dn_product as p join dn_cate as c on c.c_id=p.c_id where c.c_name='生产研发' order by p_pai desc,p_id desc limit 0,8 [ RunTime:0.0000s ]
SQL: SHOW COLUMNS FROM `dn_lianxi` [ RunTime:0.0000s ]
SQL: SELECT * FROM `dn_lianxi` WHERE ( l_id=1 ) LIMIT 1   [ RunTime:0.0000s ]
SQL: SHOW COLUMNS FROM `dn_news` [ RunTime:0.0000s ]
SQL: SELECT * FROM `dn_news` WHERE ( n_cate='公司新闻' ) ORDER BY n_pai desc,n_id desc LIMIT 0,7   [ RunTime:0.0000s ]
SQL: SELECT * FROM `dn_news` WHERE ( n_cate='行业新闻' ) ORDER BY n_pai desc,n_id desc LIMIT 0,7   [ RunTime:0.0000s ]
SQL: SHOW COLUMNS FROM `dn_cooperation` [ RunTime:0.0000s ]
SQL: SELECT * FROM `dn_cooperation` ORDER BY co_pai desc,co_id desc  [ RunTime:0.0156s ]
INFO: [ view_parse ] --START--
INFO: [ template_filter ] --START--
INFO: Run Behavior\ContentReplaceBehavior [ RunTime:0.000000s ]
INFO: [ template_filter ] --END-- [ RunTime:0.000000s ]
NOTIC: [8] Undefined variable: video D:\wwwroot\bjhtx\wwwroot\Application\Runtime\Cache\Home\2a94b8bda04ff446dcedd42276fc99ee.php 第 133 行.
INFO: Run Behavior\ParseTemplateBehavior [ RunTime:0.015625s ]
INFO: [ view_parse ] --END-- [ RunTime:0.015625s ]
INFO: [ view_filter ] --START--
INFO: Run Behavior\WriteHtmlCacheBehavior [ RunTime:0.000000s ]
INFO: [ view_filter ] --END-- [ RunTime:0.000000s ]
INFO: [ app_end ] --START--
INFO: Run Behavior\ShowPageTraceBehavior [ RunTime:0.000000s ]
INFO: [ app_end ] --END-- [ RunTime:0.000000s ]

[ 2018-09-07T21:07:03+08:00 ] 180.163.220.3 /index.php/Home/Product/index/cid/9.html
INFO: [ app_init ] --START--
INFO: Run Behavior\BuildLiteBehavior [ RunTime:0.000000s ]
INFO: [ app_init ] --END-- [ RunTime:0.000000s ]
INFO: [ app_begin ] --START--
INFO: Run Behavior\ReadHtmlCacheBehavior [ RunTime:0.000000s ]
INFO: Run Behavior\CheckLangBehavior [ RunTime:0.000000s ]
INFO: [ app_begin ] --END-- [ RunTime:0.000000s ]
SQL: SHOW COLUMNS FROM `dn_news` [ RunTime:0.0000s ]
SQL: SHOW COLUMNS FROM `dn_product` [ RunTime:0.0000s ]
SQL: SHOW COLUMNS FROM `dn_cate` [ RunTime:0.0000s ]
SQL: SELECT * FROM `dn_cate` ORDER BY c_pai desc,c_id desc  [ RunTime:0.0000s ]
SQL: SHOW COLUMNS FROM `dn_product` [ RunTime:0.0156s ]
SQL: SELECT COUNT(*) AS tp_count FROM `dn_product` WHERE ( c_id=9 ) LIMIT 1   [ RunTime:0.0000s ]
SQL: select * from dn_cate as c join dn_product as p on c.c_id=p.c_id where c.c_id=9 order by p_pai desc,p_id desc limit 0,15 [ RunTime:0.0000s ]
SQL: SHOW COLUMNS FROM `dn_lianxi` [ RunTime:0.0000s ]
SQL: SELECT * FROM `dn_lianxi` WHERE ( l_id=1 ) LIMIT 1   [ RunTime:0.0000s ]
SQL: SELECT * FROM `dn_news` ORDER BY n_click desc LIMIT 0,6   [ RunTime:0.0000s ]
INFO: [ view_parse ] --START--
INFO: [ template_filter ] --START--
INFO: Run Behavior\ContentReplaceBehavior [ RunTime:0.000000s ]
INFO: [ template_filter ] --END-- [ RunTime:0.000000s ]
INFO: Run Behavior\ParseTemplateBehavior [ RunTime:0.015625s ]
INFO: [ view_parse ] --END-- [ RunTime:0.015625s ]
INFO: [ view_filter ] --START--
INFO: Run Behavior\WriteHtmlCacheBehavior [ RunTime:0.000000s ]
INFO: [ view_filter ] --END-- [ RunTime:0.000000s ]
INFO: [ app_end ] --START--
INFO: Run Behavior\ShowPageTraceBehavior [ RunTime:0.000000s ]
INFO: [ app_end ] --END-- [ RunTime:0.000000s ]

[ 2018-09-07T21:16:40+08:00 ] 180.163.220.5 /index.php/Home/Product/index/cid/14.html
INFO: [ app_init ] --START--
INFO: Run Behavior\BuildLiteBehavior [ RunTime:0.000000s ]
INFO: [ app_init ] --END-- [ RunTime:0.000000s ]
INFO: [ app_begin ] --START--
INFO: Run Behavior\ReadHtmlCacheBehavior [ RunTime:0.015625s ]
INFO: Run Behavior\CheckLangBehavior [ RunTime:0.000000s ]
INFO: [ app_begin ] --END-- [ RunTime:0.015625s ]
SQL: SHOW COLUMNS FROM `dn_news` [ RunTime:0.0000s ]
SQL: SHOW COLUMNS FROM `dn_product` [ RunTime:0.0000s ]
SQL: SHOW COLUMNS FROM `dn_cate` [ RunTime:0.0156s ]
SQL: SELECT * FROM `dn_cate` ORDER BY c_pai desc,c_id desc  [ RunTime:0.0000s ]
SQL: SHOW COLUMNS FROM `dn_product` [ RunTime:0.0000s ]
SQL: SELECT COUNT(*) AS tp_count FROM `dn_product` WHERE ( c_id=14 ) LIMIT 1   [ RunTime:0.0000s ]
ERR: 1064:You have an error in your SQL syntax; check the manual that corresponds to your MySQL server version for the right syntax to use near '-15,15' at line 1
 [ SQL语句 ] : select * from dn_cate as c join dn_product as p on c.c_id=p.c_id where c.c_id=14 order by p_pai desc,p_id desc limit -15,15
ERR: 1064:You have an error in your SQL syntax; check the manual that corresponds to your MySQL server version for the right syntax to use near '-15,15' at line 1
 [ SQL语句 ] : select * from dn_cate as c join dn_product as p on c.c_id=p.c_id where c.c_id=14 order by p_pai desc,p_id desc limit -15,15

[ 2018-09-07T22:32:02+08:00 ] 180.163.220.4 /index.php/Home/Product/index/cid/7.html
INFO: [ app_init ] --START--
INFO: Run Behavior\BuildLiteBehavior [ RunTime:0.000000s ]
INFO: [ app_init ] --END-- [ RunTime:0.000000s ]
INFO: [ app_begin ] --START--
INFO: Run Behavior\ReadHtmlCacheBehavior [ RunTime:0.000000s ]
INFO: Run Behavior\CheckLangBehavior [ RunTime:0.015625s ]
INFO: [ app_begin ] --END-- [ RunTime:0.015625s ]
SQL: SHOW COLUMNS FROM `dn_news` [ RunTime:0.0000s ]
SQL: SHOW COLUMNS FROM `dn_product` [ RunTime:0.0000s ]
SQL: SHOW COLUMNS FROM `dn_cate` [ RunTime:0.0156s ]
SQL: SELECT * FROM `dn_cate` ORDER BY c_pai desc,c_id desc  [ RunTime:0.0000s ]
SQL: SHOW COLUMNS FROM `dn_product` [ RunTime:0.0000s ]
SQL: SELECT COUNT(*) AS tp_count FROM `dn_product` WHERE ( c_id=7 ) LIMIT 1   [ RunTime:0.0000s ]
SQL: select * from dn_cate as c join dn_product as p on c.c_id=p.c_id where c.c_id=7 order by p_pai desc,p_id desc limit 0,15 [ RunTime:0.0000s ]
SQL: SHOW COLUMNS FROM `dn_lianxi` [ RunTime:0.0000s ]
SQL: SELECT * FROM `dn_lianxi` WHERE ( l_id=1 ) LIMIT 1   [ RunTime:0.0000s ]
SQL: SELECT * FROM `dn_news` ORDER BY n_click desc LIMIT 0,6   [ RunTime:0.0000s ]
INFO: [ view_parse ] --START--
INFO: [ template_filter ] --START--
INFO: Run Behavior\ContentReplaceBehavior [ RunTime:0.000000s ]
INFO: [ template_filter ] --END-- [ RunTime:0.000000s ]
INFO: Run Behavior\ParseTemplateBehavior [ RunTime:0.062500s ]
INFO: [ view_parse ] --END-- [ RunTime:0.062500s ]
INFO: [ view_filter ] --START--
INFO: Run Behavior\WriteHtmlCacheBehavior [ RunTime:0.000000s ]
INFO: [ view_filter ] --END-- [ RunTime:0.000000s ]
INFO: [ app_end ] --START--
INFO: Run Behavior\ShowPageTraceBehavior [ RunTime:0.000000s ]
INFO: [ app_end ] --END-- [ RunTime:0.000000s ]

[ 2018-09-07T22:41:27+08:00 ] 180.163.220.66 /index.php/Home/Product/index/cid/13.html
INFO: [ app_init ] --START--
INFO: Run Behavior\BuildLiteBehavior [ RunTime:0.000000s ]
INFO: [ app_init ] --END-- [ RunTime:0.000000s ]
INFO: [ app_begin ] --START--
INFO: Run Behavior\ReadHtmlCacheBehavior [ RunTime:0.000000s ]
INFO: Run Behavior\CheckLangBehavior [ RunTime:0.000000s ]
INFO: [ app_begin ] --END-- [ RunTime:0.000000s ]
SQL: SHOW COLUMNS FROM `dn_news` [ RunTime:0.0000s ]
SQL: SHOW COLUMNS FROM `dn_product` [ RunTime:0.0000s ]
SQL: SHOW COLUMNS FROM `dn_cate` [ RunTime:0.0156s ]
SQL: SELECT * FROM `dn_cate` ORDER BY c_pai desc,c_id desc  [ RunTime:0.0000s ]
SQL: SHOW COLUMNS FROM `dn_product` [ RunTime:0.0000s ]
SQL: SELECT COUNT(*) AS tp_count FROM `dn_product` WHERE ( c_id=13 ) LIMIT 1   [ RunTime:0.0000s ]
SQL: select * from dn_cate as c join dn_product as p on c.c_id=p.c_id where c.c_id=13 order by p_pai desc,p_id desc limit 0,15 [ RunTime:0.0000s ]
SQL: SHOW COLUMNS FROM `dn_lianxi` [ RunTime:0.0000s ]
SQL: SELECT * FROM `dn_lianxi` WHERE ( l_id=1 ) LIMIT 1   [ RunTime:0.0000s ]
SQL: SELECT * FROM `dn_news` ORDER BY n_click desc LIMIT 0,6   [ RunTime:0.0000s ]
INFO: [ view_parse ] --START--
INFO: [ template_filter ] --START--
INFO: Run Behavior\ContentReplaceBehavior [ RunTime:0.000000s ]
INFO: [ template_filter ] --END-- [ RunTime:0.000000s ]
INFO: Run Behavior\ParseTemplateBehavior [ RunTime:0.015625s ]
INFO: [ view_parse ] --END-- [ RunTime:0.015625s ]
INFO: [ view_filter ] --START--
INFO: Run Behavior\WriteHtmlCacheBehavior [ RunTime:0.000000s ]
INFO: [ view_filter ] --END-- [ RunTime:0.000000s ]
INFO: [ app_end ] --START--
INFO: Run Behavior\ShowPageTraceBehavior [ RunTime:0.000000s ]
INFO: [ app_end ] --END-- [ RunTime:0.000000s ]

[ 2018-09-07T22:42:41+08:00 ] 180.163.220.3 /index.php/Home/Product/index/cid/8.html
INFO: [ app_init ] --START--
INFO: Run Behavior\BuildLiteBehavior [ RunTime:0.000000s ]
INFO: [ app_init ] --END-- [ RunTime:0.000000s ]
INFO: [ app_begin ] --START--
INFO: Run Behavior\ReadHtmlCacheBehavior [ RunTime:0.000000s ]
INFO: Run Behavior\CheckLangBehavior [ RunTime:0.000000s ]
INFO: [ app_begin ] --END-- [ RunTime:0.000000s ]
SQL: SHOW COLUMNS FROM `dn_news` [ RunTime:0.0000s ]
SQL: SHOW COLUMNS FROM `dn_product` [ RunTime:0.0000s ]
SQL: SHOW COLUMNS FROM `dn_cate` [ RunTime:0.0156s ]
SQL: SELECT * FROM `dn_cate` ORDER BY c_pai desc,c_id desc  [ RunTime:0.0000s ]
SQL: SHOW COLUMNS FROM `dn_product` [ RunTime:0.0000s ]
SQL: SELECT COUNT(*) AS tp_count FROM `dn_product` WHERE ( c_id=8 ) LIMIT 1   [ RunTime:0.0000s ]
SQL: select * from dn_cate as c join dn_product as p on c.c_id=p.c_id where c.c_id=8 order by p_pai desc,p_id desc limit 0,15 [ RunTime:0.0000s ]
SQL: SHOW COLUMNS FROM `dn_lianxi` [ RunTime:0.0000s ]
SQL: SELECT * FROM `dn_lianxi` WHERE ( l_id=1 ) LIMIT 1   [ RunTime:0.0000s ]
SQL: SELECT * FROM `dn_news` ORDER BY n_click desc LIMIT 0,6   [ RunTime:0.0000s ]
INFO: [ view_parse ] --START--
INFO: [ template_filter ] --START--
INFO: Run Behavior\ContentReplaceBehavior [ RunTime:0.000000s ]
INFO: [ template_filter ] --END-- [ RunTime:0.000000s ]
INFO: Run Behavior\ParseTemplateBehavior [ RunTime:0.031250s ]
INFO: [ view_parse ] --END-- [ RunTime:0.031250s ]
INFO: [ view_filter ] --START--
INFO: Run Behavior\WriteHtmlCacheBehavior [ RunTime:0.000000s ]
INFO: [ view_filter ] --END-- [ RunTime:0.000000s ]
INFO: [ app_end ] --START--
INFO: Run Behavior\ShowPageTraceBehavior [ RunTime:0.000000s ]
INFO: [ app_end ] --END-- [ RunTime:0.000000s ]

[ 2018-09-07T23:04:55+08:00 ] 123.126.113.132 /index.php/Home/Product/index/cid/14.html
INFO: [ app_init ] --START--
INFO: Run Behavior\BuildLiteBehavior [ RunTime:0.000000s ]
INFO: [ app_init ] --END-- [ RunTime:0.000000s ]
INFO: [ app_begin ] --START--
INFO: Run Behavior\ReadHtmlCacheBehavior [ RunTime:0.000000s ]
INFO: Run Behavior\CheckLangBehavior [ RunTime:0.000000s ]
INFO: [ app_begin ] --END-- [ RunTime:0.000000s ]
SQL: SHOW COLUMNS FROM `dn_news` [ RunTime:0.0000s ]
SQL: SHOW COLUMNS FROM `dn_product` [ RunTime:0.0156s ]
SQL: SHOW COLUMNS FROM `dn_cate` [ RunTime:0.0000s ]
SQL: SELECT * FROM `dn_cate` ORDER BY c_pai desc,c_id desc  [ RunTime:0.0000s ]
SQL: SHOW COLUMNS FROM `dn_product` [ RunTime:0.0000s ]
SQL: SELECT COUNT(*) AS tp_count FROM `dn_product` WHERE ( c_id=14 ) LIMIT 1   [ RunTime:0.0156s ]
ERR: 1064:You have an error in your SQL syntax; check the manual that corresponds to your MySQL server version for the right syntax to use near '-15,15' at line 1
 [ SQL语句 ] : select * from dn_cate as c join dn_product as p on c.c_id=p.c_id where c.c_id=14 order by p_pai desc,p_id desc limit -15,15
ERR: 1064:You have an error in your SQL syntax; check the manual that corresponds to your MySQL server version for the right syntax to use near '-15,15' at line 1
 [ SQL语句 ] : select * from dn_cate as c join dn_product as p on c.c_id=p.c_id where c.c_id=14 order by p_pai desc,p_id desc limit -15,15

