[ 2018-07-08T00:42:48+08:00 ] 127.0.0.1 /
INFO: [ app_init ] --START--
INFO: Run Behavior\BuildLiteBehavior [ RunTime:0.000000s ]
INFO: [ app_init ] --END-- [ RunTime:0.000000s ]
INFO: [ app_begin ] --START--
INFO: Run Behavior\ReadHtmlCacheBehavior [ RunTime:0.000000s ]
INFO: Run Behavior\CheckLangBehavior [ RunTime:0.000000s ]
INFO: [ app_begin ] --END-- [ RunTime:0.000000s ]
SQL: SHOW COLUMNS FROM `dn_banner` [ RunTime:0.0000s ]
SQL: SELECT * FROM `dn_banner` ORDER BY b_pai desc LIMIT 0,5   [ RunTime:0.0000s ]
SQL: SHOW COLUMNS FROM `dn_gaishu` [ RunTime:0.0156s ]
SQL: SELECT * FROM `dn_gaishu`  [ RunTime:0.0000s ]
SQL: select * from dn_product as p join dn_cate as c on c.c_id=p.c_id where c.c_name='检测设备' order by p_pai desc,p_id desc limit 0,8 [ RunTime:0.0000s ]
SQL: select * from dn_product as p join dn_cate as c on c.c_id=p.c_id where c.c_name='生产研发' order by p_pai desc,p_id desc limit 0,8 [ RunTime:0.0000s ]
SQL: SHOW COLUMNS FROM `dn_lianxi` [ RunTime:0.0000s ]
SQL: SELECT * FROM `dn_lianxi` WHERE ( l_id=1 ) LIMIT 1   [ RunTime:0.0000s ]
SQL: SHOW COLUMNS FROM `dn_news` [ RunTime:0.0156s ]
SQL: SELECT * FROM `dn_news` WHERE ( n_cate='公司新闻' ) ORDER BY n_pai desc,n_id desc LIMIT 0,7   [ RunTime:0.0000s ]
SQL: SELECT * FROM `dn_news` WHERE ( n_cate='行业新闻' ) ORDER BY n_pai desc,n_id desc LIMIT 0,7   [ RunTime:0.0000s ]
SQL: SHOW COLUMNS FROM `dn_cooperation` [ RunTime:0.0000s ]
SQL: SELECT * FROM `dn_cooperation` ORDER BY co_pai desc,co_id desc  [ RunTime:0.0000s ]
INFO: [ view_parse ] --START--
INFO: [ template_filter ] --START--
INFO: Run Behavior\ContentReplaceBehavior [ RunTime:0.000000s ]
INFO: [ template_filter ] --END-- [ RunTime:0.000000s ]
NOTIC: [8] Undefined variable: video D:\wwwroot\bjhtx\wwwroot\Application\Runtime\Cache\Home\2a94b8bda04ff446dcedd42276fc99ee.php 第 133 行.
INFO: Run Behavior\ParseTemplateBehavior [ RunTime:0.781250s ]
INFO: [ view_parse ] --END-- [ RunTime:0.781250s ]
INFO: [ view_filter ] --START--
INFO: Run Behavior\WriteHtmlCacheBehavior [ RunTime:0.000000s ]
INFO: [ view_filter ] --END-- [ RunTime:0.000000s ]
INFO: [ app_end ] --START--
INFO: Run Behavior\ShowPageTraceBehavior [ RunTime:0.000000s ]
INFO: [ app_end ] --END-- [ RunTime:0.000000s ]

[ 2018-07-08T02:30:48+08:00 ] 127.0.0.1 /
INFO: [ app_init ] --START--
INFO: Run Behavior\BuildLiteBehavior [ RunTime:0.000000s ]
INFO: [ app_init ] --END-- [ RunTime:0.000000s ]
INFO: [ app_begin ] --START--
INFO: Run Behavior\ReadHtmlCacheBehavior [ RunTime:0.015625s ]
INFO: Run Behavior\CheckLangBehavior [ RunTime:0.000000s ]
INFO: [ app_begin ] --END-- [ RunTime:0.015625s ]
SQL: SHOW COLUMNS FROM `dn_banner` [ RunTime:0.0000s ]
SQL: SELECT * FROM `dn_banner` ORDER BY b_pai desc LIMIT 0,5   [ RunTime:0.0000s ]
SQL: SHOW COLUMNS FROM `dn_gaishu` [ RunTime:0.0156s ]
SQL: SELECT * FROM `dn_gaishu`  [ RunTime:0.0000s ]
SQL: select * from dn_product as p join dn_cate as c on c.c_id=p.c_id where c.c_name='检测设备' order by p_pai desc,p_id desc limit 0,8 [ RunTime:0.0000s ]
SQL: select * from dn_product as p join dn_cate as c on c.c_id=p.c_id where c.c_name='生产研发' order by p_pai desc,p_id desc limit 0,8 [ RunTime:0.0000s ]
SQL: SHOW COLUMNS FROM `dn_lianxi` [ RunTime:0.0156s ]
SQL: SELECT * FROM `dn_lianxi` WHERE ( l_id=1 ) LIMIT 1   [ RunTime:0.0000s ]
SQL: SHOW COLUMNS FROM `dn_news` [ RunTime:0.0156s ]
SQL: SELECT * FROM `dn_news` WHERE ( n_cate='公司新闻' ) ORDER BY n_pai desc,n_id desc LIMIT 0,7   [ RunTime:0.0000s ]
SQL: SELECT * FROM `dn_news` WHERE ( n_cate='行业新闻' ) ORDER BY n_pai desc,n_id desc LIMIT 0,7   [ RunTime:0.0000s ]
SQL: SHOW COLUMNS FROM `dn_cooperation` [ RunTime:0.0000s ]
SQL: SELECT * FROM `dn_cooperation` ORDER BY co_pai desc,co_id desc  [ RunTime:0.0000s ]
INFO: [ view_parse ] --START--
INFO: [ template_filter ] --START--
INFO: Run Behavior\ContentReplaceBehavior [ RunTime:0.015625s ]
INFO: [ template_filter ] --END-- [ RunTime:0.015625s ]
NOTIC: [8] Undefined variable: video D:\wwwroot\bjhtx\wwwroot\Application\Runtime\Cache\Home\2a94b8bda04ff446dcedd42276fc99ee.php 第 133 行.
INFO: Run Behavior\ParseTemplateBehavior [ RunTime:0.609375s ]
INFO: [ view_parse ] --END-- [ RunTime:0.609375s ]
INFO: [ view_filter ] --START--
INFO: Run Behavior\WriteHtmlCacheBehavior [ RunTime:0.015625s ]
INFO: [ view_filter ] --END-- [ RunTime:0.015625s ]
INFO: [ app_end ] --START--
INFO: Run Behavior\ShowPageTraceBehavior [ RunTime:0.015625s ]
INFO: [ app_end ] --END-- [ RunTime:0.015625s ]

[ 2018-07-08T08:56:25+08:00 ] 127.0.0.1 /
INFO: [ app_init ] --START--
INFO: Run Behavior\BuildLiteBehavior [ RunTime:0.000000s ]
INFO: [ app_init ] --END-- [ RunTime:0.000000s ]
INFO: [ app_begin ] --START--
INFO: Run Behavior\ReadHtmlCacheBehavior [ RunTime:0.015625s ]
INFO: Run Behavior\CheckLangBehavior [ RunTime:0.031250s ]
INFO: [ app_begin ] --END-- [ RunTime:0.046875s ]
SQL: SHOW COLUMNS FROM `dn_banner` [ RunTime:0.0625s ]
SQL: SELECT * FROM `dn_banner` ORDER BY b_pai desc LIMIT 0,5   [ RunTime:0.0000s ]
SQL: SHOW COLUMNS FROM `dn_gaishu` [ RunTime:0.0469s ]
SQL: SELECT * FROM `dn_gaishu`  [ RunTime:0.0000s ]
SQL: select * from dn_product as p join dn_cate as c on c.c_id=p.c_id where c.c_name='检测设备' order by p_pai desc,p_id desc limit 0,8 [ RunTime:0.0625s ]
SQL: select * from dn_product as p join dn_cate as c on c.c_id=p.c_id where c.c_name='生产研发' order by p_pai desc,p_id desc limit 0,8 [ RunTime:0.0156s ]
SQL: SHOW COLUMNS FROM `dn_lianxi` [ RunTime:0.0313s ]
SQL: SELECT * FROM `dn_lianxi` WHERE ( l_id=1 ) LIMIT 1   [ RunTime:0.0156s ]
SQL: SHOW COLUMNS FROM `dn_news` [ RunTime:0.0469s ]
SQL: SELECT * FROM `dn_news` WHERE ( n_cate='公司新闻' ) ORDER BY n_pai desc,n_id desc LIMIT 0,7   [ RunTime:0.0313s ]
SQL: SELECT * FROM `dn_news` WHERE ( n_cate='行业新闻' ) ORDER BY n_pai desc,n_id desc LIMIT 0,7   [ RunTime:0.0000s ]
SQL: SHOW COLUMNS FROM `dn_cooperation` [ RunTime:0.0313s ]
SQL: SELECT * FROM `dn_cooperation` ORDER BY co_pai desc,co_id desc  [ RunTime:0.0000s ]
INFO: [ view_parse ] --START--
INFO: [ template_filter ] --START--
INFO: Run Behavior\ContentReplaceBehavior [ RunTime:0.000000s ]
INFO: [ template_filter ] --END-- [ RunTime:0.000000s ]
NOTIC: [8] Undefined variable: video D:\wwwroot\bjhtx\wwwroot\Application\Runtime\Cache\Home\2a94b8bda04ff446dcedd42276fc99ee.php 第 133 行.
INFO: Run Behavior\ParseTemplateBehavior [ RunTime:0.140625s ]
INFO: [ view_parse ] --END-- [ RunTime:0.140625s ]
INFO: [ view_filter ] --START--
INFO: Run Behavior\WriteHtmlCacheBehavior [ RunTime:0.015625s ]
INFO: [ view_filter ] --END-- [ RunTime:0.015625s ]
INFO: [ app_end ] --START--
INFO: Run Behavior\ShowPageTraceBehavior [ RunTime:0.015625s ]
INFO: [ app_end ] --END-- [ RunTime:0.015625s ]

[ 2018-07-08T09:15:21+08:00 ] 127.0.0.1 /
INFO: [ app_init ] --START--
INFO: Run Behavior\BuildLiteBehavior [ RunTime:0.000000s ]
INFO: [ app_init ] --END-- [ RunTime:0.000000s ]
INFO: [ app_begin ] --START--
INFO: Run Behavior\ReadHtmlCacheBehavior [ RunTime:0.000000s ]
INFO: Run Behavior\CheckLangBehavior [ RunTime:0.000000s ]
INFO: [ app_begin ] --END-- [ RunTime:0.000000s ]
SQL: SHOW COLUMNS FROM `dn_banner` [ RunTime:0.0000s ]
SQL: SELECT * FROM `dn_banner` ORDER BY b_pai desc LIMIT 0,5   [ RunTime:0.0000s ]
SQL: SHOW COLUMNS FROM `dn_gaishu` [ RunTime:0.0156s ]
SQL: SELECT * FROM `dn_gaishu`  [ RunTime:0.0000s ]
SQL: select * from dn_product as p join dn_cate as c on c.c_id=p.c_id where c.c_name='检测设备' order by p_pai desc,p_id desc limit 0,8 [ RunTime:0.0000s ]
SQL: select * from dn_product as p join dn_cate as c on c.c_id=p.c_id where c.c_name='生产研发' order by p_pai desc,p_id desc limit 0,8 [ RunTime:0.0000s ]
SQL: SHOW COLUMNS FROM `dn_lianxi` [ RunTime:0.0000s ]
SQL: SELECT * FROM `dn_lianxi` WHERE ( l_id=1 ) LIMIT 1   [ RunTime:0.0000s ]
SQL: SHOW COLUMNS FROM `dn_news` [ RunTime:0.0000s ]
SQL: SELECT * FROM `dn_news` WHERE ( n_cate='公司新闻' ) ORDER BY n_pai desc,n_id desc LIMIT 0,7   [ RunTime:0.0000s ]
SQL: SELECT * FROM `dn_news` WHERE ( n_cate='行业新闻' ) ORDER BY n_pai desc,n_id desc LIMIT 0,7   [ RunTime:0.0000s ]
SQL: SHOW COLUMNS FROM `dn_cooperation` [ RunTime:0.0156s ]
SQL: SELECT * FROM `dn_cooperation` ORDER BY co_pai desc,co_id desc  [ RunTime:0.0000s ]
INFO: [ view_parse ] --START--
INFO: [ template_filter ] --START--
INFO: Run Behavior\ContentReplaceBehavior [ RunTime:0.000000s ]
INFO: [ template_filter ] --END-- [ RunTime:0.000000s ]
NOTIC: [8] Undefined variable: video D:\wwwroot\bjhtx\wwwroot\Application\Runtime\Cache\Home\2a94b8bda04ff446dcedd42276fc99ee.php 第 133 行.
INFO: Run Behavior\ParseTemplateBehavior [ RunTime:0.031250s ]
INFO: [ view_parse ] --END-- [ RunTime:0.031250s ]
INFO: [ view_filter ] --START--
INFO: Run Behavior\WriteHtmlCacheBehavior [ RunTime:0.000000s ]
INFO: [ view_filter ] --END-- [ RunTime:0.000000s ]
INFO: [ app_end ] --START--
INFO: Run Behavior\ShowPageTraceBehavior [ RunTime:0.000000s ]
INFO: [ app_end ] --END-- [ RunTime:0.000000s ]

[ 2018-07-08T11:35:08+08:00 ] 127.0.0.1 /
INFO: [ app_init ] --START--
INFO: Run Behavior\BuildLiteBehavior [ RunTime:0.000000s ]
INFO: [ app_init ] --END-- [ RunTime:0.000000s ]
INFO: [ app_begin ] --START--
INFO: Run Behavior\ReadHtmlCacheBehavior [ RunTime:0.000000s ]
INFO: Run Behavior\CheckLangBehavior [ RunTime:0.015625s ]
INFO: [ app_begin ] --END-- [ RunTime:0.015625s ]
SQL: SHOW COLUMNS FROM `dn_banner` [ RunTime:0.0000s ]
SQL: SELECT * FROM `dn_banner` ORDER BY b_pai desc LIMIT 0,5   [ RunTime:0.0000s ]
SQL: SHOW COLUMNS FROM `dn_gaishu` [ RunTime:0.0000s ]
SQL: SELECT * FROM `dn_gaishu`  [ RunTime:0.0000s ]
SQL: select * from dn_product as p join dn_cate as c on c.c_id=p.c_id where c.c_name='检测设备' order by p_pai desc,p_id desc limit 0,8 [ RunTime:0.0156s ]
SQL: select * from dn_product as p join dn_cate as c on c.c_id=p.c_id where c.c_name='生产研发' order by p_pai desc,p_id desc limit 0,8 [ RunTime:0.0000s ]
SQL: SHOW COLUMNS FROM `dn_lianxi` [ RunTime:0.0156s ]
SQL: SELECT * FROM `dn_lianxi` WHERE ( l_id=1 ) LIMIT 1   [ RunTime:0.0000s ]
SQL: SHOW COLUMNS FROM `dn_news` [ RunTime:0.0000s ]
SQL: SELECT * FROM `dn_news` WHERE ( n_cate='公司新闻' ) ORDER BY n_pai desc,n_id desc LIMIT 0,7   [ RunTime:0.0156s ]
SQL: SELECT * FROM `dn_news` WHERE ( n_cate='行业新闻' ) ORDER BY n_pai desc,n_id desc LIMIT 0,7   [ RunTime:0.0000s ]
SQL: SHOW COLUMNS FROM `dn_cooperation` [ RunTime:0.0000s ]
SQL: SELECT * FROM `dn_cooperation` ORDER BY co_pai desc,co_id desc  [ RunTime:0.0000s ]
INFO: [ view_parse ] --START--
INFO: [ template_filter ] --START--
INFO: Run Behavior\ContentReplaceBehavior [ RunTime:0.000000s ]
INFO: [ template_filter ] --END-- [ RunTime:0.000000s ]
NOTIC: [8] Undefined variable: video D:\wwwroot\bjhtx\wwwroot\Application\Runtime\Cache\Home\2a94b8bda04ff446dcedd42276fc99ee.php 第 133 行.
INFO: Run Behavior\ParseTemplateBehavior [ RunTime:0.046875s ]
INFO: [ view_parse ] --END-- [ RunTime:0.046875s ]
INFO: [ view_filter ] --START--
INFO: Run Behavior\WriteHtmlCacheBehavior [ RunTime:0.000000s ]
INFO: [ view_filter ] --END-- [ RunTime:0.000000s ]
INFO: [ app_end ] --START--
INFO: Run Behavior\ShowPageTraceBehavior [ RunTime:0.015625s ]
INFO: [ app_end ] --END-- [ RunTime:0.015625s ]

[ 2018-07-08T14:22:53+08:00 ] 220.181.108.155 /index.php/Home/Company/index.html
INFO: [ app_init ] --START--
INFO: Run Behavior\BuildLiteBehavior [ RunTime:0.000000s ]
INFO: [ app_init ] --END-- [ RunTime:0.000000s ]
INFO: [ app_begin ] --START--
INFO: Run Behavior\ReadHtmlCacheBehavior [ RunTime:0.000000s ]
INFO: Run Behavior\CheckLangBehavior [ RunTime:0.015625s ]
INFO: [ app_begin ] --END-- [ RunTime:0.015625s ]
SQL: SHOW COLUMNS FROM `dn_company` [ RunTime:0.0000s ]
SQL: SELECT * FROM `dn_company` ORDER BY cm_pai desc,cm_id desc  [ RunTime:0.0156s ]
SQL: SHOW COLUMNS FROM `dn_lianxi` [ RunTime:0.0000s ]
SQL: SELECT * FROM `dn_lianxi` WHERE ( l_id=1 ) LIMIT 1   [ RunTime:0.0000s ]
SQL: SHOW COLUMNS FROM `dn_news` [ RunTime:0.0156s ]
SQL: SELECT * FROM `dn_news` ORDER BY n_click desc LIMIT 0,6   [ RunTime:0.0000s ]
SQL: SELECT * FROM `dn_company` WHERE ( cm_name='公司简介' ) LIMIT 1   [ RunTime:0.0000s ]
INFO: [ view_parse ] --START--
INFO: [ template_filter ] --START--
INFO: Run Behavior\ContentReplaceBehavior [ RunTime:0.000000s ]
INFO: [ template_filter ] --END-- [ RunTime:0.000000s ]
INFO: Run Behavior\ParseTemplateBehavior [ RunTime:0.046875s ]
INFO: [ view_parse ] --END-- [ RunTime:0.046875s ]
INFO: [ view_filter ] --START--
INFO: Run Behavior\WriteHtmlCacheBehavior [ RunTime:0.000000s ]
INFO: [ view_filter ] --END-- [ RunTime:0.000000s ]
INFO: [ app_end ] --START--
INFO: Run Behavior\ShowPageTraceBehavior [ RunTime:0.000000s ]
INFO: [ app_end ] --END-- [ RunTime:0.000000s ]

[ 2018-07-08T14:22:53+08:00 ] 220.181.108.144 /index.php/Home/Company/
INFO: [ app_init ] --START--
INFO: Run Behavior\BuildLiteBehavior [ RunTime:0.000000s ]
INFO: [ app_init ] --END-- [ RunTime:0.000000s ]
INFO: [ app_begin ] --START--
INFO: Run Behavior\ReadHtmlCacheBehavior [ RunTime:0.000000s ]
INFO: Run Behavior\CheckLangBehavior [ RunTime:0.015625s ]
INFO: [ app_begin ] --END-- [ RunTime:0.015625s ]
SQL: SHOW COLUMNS FROM `dn_company` [ RunTime:0.0000s ]
SQL: SELECT * FROM `dn_company` ORDER BY cm_pai desc,cm_id desc  [ RunTime:0.0000s ]
SQL: SHOW COLUMNS FROM `dn_lianxi` [ RunTime:0.0156s ]
SQL: SELECT * FROM `dn_lianxi` WHERE ( l_id=1 ) LIMIT 1   [ RunTime:0.0000s ]
SQL: SHOW COLUMNS FROM `dn_news` [ RunTime:0.0000s ]
SQL: SELECT * FROM `dn_news` ORDER BY n_click desc LIMIT 0,6   [ RunTime:0.0000s ]
SQL: SELECT * FROM `dn_company` WHERE ( cm_name='公司简介' ) LIMIT 1   [ RunTime:0.0000s ]
INFO: [ view_parse ] --START--
INFO: [ template_filter ] --START--
INFO: Run Behavior\ContentReplaceBehavior [ RunTime:0.000000s ]
INFO: [ template_filter ] --END-- [ RunTime:0.000000s ]
INFO: Run Behavior\ParseTemplateBehavior [ RunTime:0.015625s ]
INFO: [ view_parse ] --END-- [ RunTime:0.015625s ]
INFO: [ view_filter ] --START--
INFO: Run Behavior\WriteHtmlCacheBehavior [ RunTime:0.000000s ]
INFO: [ view_filter ] --END-- [ RunTime:0.000000s ]
INFO: [ app_end ] --START--
INFO: Run Behavior\ShowPageTraceBehavior [ RunTime:0.000000s ]
INFO: [ app_end ] --END-- [ RunTime:0.000000s ]

[ 2018-07-08T16:59:31+08:00 ] 111.197.247.207 /index.php
INFO: [ app_init ] --START--
INFO: Run Behavior\BuildLiteBehavior [ RunTime:0.000000s ]
INFO: [ app_init ] --END-- [ RunTime:0.000000s ]
INFO: [ app_begin ] --START--
INFO: Run Behavior\ReadHtmlCacheBehavior [ RunTime:0.000000s ]
INFO: Run Behavior\CheckLangBehavior [ RunTime:0.015625s ]
INFO: [ app_begin ] --END-- [ RunTime:0.015625s ]
SQL: SHOW COLUMNS FROM `dn_banner` [ RunTime:0.0156s ]
SQL: SELECT * FROM `dn_banner` ORDER BY b_pai desc LIMIT 0,5   [ RunTime:0.0000s ]
SQL: SHOW COLUMNS FROM `dn_gaishu` [ RunTime:0.0156s ]
SQL: SELECT * FROM `dn_gaishu`  [ RunTime:0.0000s ]
SQL: select * from dn_product as p join dn_cate as c on c.c_id=p.c_id where c.c_name='检测设备' order by p_pai desc,p_id desc limit 0,8 [ RunTime:0.0469s ]
SQL: select * from dn_product as p join dn_cate as c on c.c_id=p.c_id where c.c_name='生产研发' order by p_pai desc,p_id desc limit 0,8 [ RunTime:0.0000s ]
SQL: SHOW COLUMNS FROM `dn_lianxi` [ RunTime:0.0156s ]
SQL: SELECT * FROM `dn_lianxi` WHERE ( l_id=1 ) LIMIT 1   [ RunTime:0.0000s ]
SQL: SHOW COLUMNS FROM `dn_news` [ RunTime:0.0156s ]
SQL: SELECT * FROM `dn_news` WHERE ( n_cate='公司新闻' ) ORDER BY n_pai desc,n_id desc LIMIT 0,7   [ RunTime:0.0000s ]
SQL: SELECT * FROM `dn_news` WHERE ( n_cate='行业新闻' ) ORDER BY n_pai desc,n_id desc LIMIT 0,7   [ RunTime:0.0000s ]
SQL: SHOW COLUMNS FROM `dn_cooperation` [ RunTime:0.0156s ]
SQL: SELECT * FROM `dn_cooperation` ORDER BY co_pai desc,co_id desc  [ RunTime:0.0000s ]
INFO: [ view_parse ] --START--
INFO: [ template_filter ] --START--
INFO: Run Behavior\ContentReplaceBehavior [ RunTime:0.000000s ]
INFO: [ template_filter ] --END-- [ RunTime:0.000000s ]
NOTIC: [8] Undefined variable: video D:\wwwroot\bjhtx\wwwroot\Application\Runtime\Cache\Home\2a94b8bda04ff446dcedd42276fc99ee.php 第 133 行.
INFO: Run Behavior\ParseTemplateBehavior [ RunTime:0.718750s ]
INFO: [ view_parse ] --END-- [ RunTime:0.718750s ]
INFO: [ view_filter ] --START--
INFO: Run Behavior\WriteHtmlCacheBehavior [ RunTime:0.000000s ]
INFO: [ view_filter ] --END-- [ RunTime:0.000000s ]
INFO: [ app_end ] --START--
INFO: Run Behavior\ShowPageTraceBehavior [ RunTime:0.015625s ]
INFO: [ app_end ] --END-- [ RunTime:0.015625s ]

[ 2018-07-08T22:09:42+08:00 ] 111.197.247.207 /index.php
INFO: [ app_init ] --START--
INFO: Run Behavior\BuildLiteBehavior [ RunTime:0.000000s ]
INFO: [ app_init ] --END-- [ RunTime:0.000000s ]
INFO: [ app_begin ] --START--
INFO: Run Behavior\ReadHtmlCacheBehavior [ RunTime:0.000000s ]
INFO: Run Behavior\CheckLangBehavior [ RunTime:0.015625s ]
INFO: [ app_begin ] --END-- [ RunTime:0.015625s ]
SQL: SHOW COLUMNS FROM `dn_banner` [ RunTime:0.0000s ]
SQL: SELECT * FROM `dn_banner` ORDER BY b_pai desc LIMIT 0,5   [ RunTime:0.0156s ]
SQL: SHOW COLUMNS FROM `dn_gaishu` [ RunTime:0.0000s ]
SQL: SELECT * FROM `dn_gaishu`  [ RunTime:0.0000s ]
SQL: select * from dn_product as p join dn_cate as c on c.c_id=p.c_id where c.c_name='检测设备' order by p_pai desc,p_id desc limit 0,8 [ RunTime:0.0156s ]
SQL: select * from dn_product as p join dn_cate as c on c.c_id=p.c_id where c.c_name='生产研发' order by p_pai desc,p_id desc limit 0,8 [ RunTime:0.0000s ]
SQL: SHOW COLUMNS FROM `dn_lianxi` [ RunTime:0.0156s ]
SQL: SELECT * FROM `dn_lianxi` WHERE ( l_id=1 ) LIMIT 1   [ RunTime:0.0156s ]
SQL: SHOW COLUMNS FROM `dn_news` [ RunTime:0.0156s ]
SQL: SELECT * FROM `dn_news` WHERE ( n_cate='公司新闻' ) ORDER BY n_pai desc,n_id desc LIMIT 0,7   [ RunTime:0.0000s ]
SQL: SELECT * FROM `dn_news` WHERE ( n_cate='行业新闻' ) ORDER BY n_pai desc,n_id desc LIMIT 0,7   [ RunTime:0.0000s ]
SQL: SHOW COLUMNS FROM `dn_cooperation` [ RunTime:0.0156s ]
SQL: SELECT * FROM `dn_cooperation` ORDER BY co_pai desc,co_id desc  [ RunTime:0.0000s ]
INFO: [ view_parse ] --START--
INFO: [ template_filter ] --START--
INFO: Run Behavior\ContentReplaceBehavior [ RunTime:0.000000s ]
INFO: [ template_filter ] --END-- [ RunTime:0.000000s ]
NOTIC: [8] Undefined variable: video D:\wwwroot\bjhtx\wwwroot\Application\Runtime\Cache\Home\2a94b8bda04ff446dcedd42276fc99ee.php 第 133 行.
INFO: Run Behavior\ParseTemplateBehavior [ RunTime:1.296875s ]
INFO: [ view_parse ] --END-- [ RunTime:1.296875s ]
INFO: [ view_filter ] --START--
INFO: Run Behavior\WriteHtmlCacheBehavior [ RunTime:0.000000s ]
INFO: [ view_filter ] --END-- [ RunTime:0.000000s ]
INFO: [ app_end ] --START--
INFO: Run Behavior\ShowPageTraceBehavior [ RunTime:0.000000s ]
INFO: [ app_end ] --END-- [ RunTime:0.000000s ]

