[ 2018-07-05T00:37:19+08:00 ] 123.125.143.65 /index.php/Home/Product/index.html
INFO: [ app_init ] --START--
INFO: Run Behavior\BuildLiteBehavior [ RunTime:0.000000s ]
INFO: [ app_init ] --END-- [ RunTime:0.000000s ]
INFO: [ app_begin ] --START--
INFO: Run Behavior\ReadHtmlCacheBehavior [ RunTime:0.000000s ]
INFO: Run Behavior\CheckLangBehavior [ RunTime:0.000000s ]
INFO: [ app_begin ] --END-- [ RunTime:0.000000s ]
SQL: SHOW COLUMNS FROM `dn_news` [ RunTime:0.0156s ]
SQL: SHOW COLUMNS FROM `dn_product` [ RunTime:0.0313s ]
SQL: SHOW COLUMNS FROM `dn_cate` [ RunTime:0.0156s ]
SQL: SELECT * FROM `dn_cate` ORDER BY c_pai desc,c_id desc  [ RunTime:0.0000s ]
SQL: select count(*) as zong from dn_cate as c join dn_product as p on c.c_id=p.c_id where c.c_name='破碎筛分' [ RunTime:0.0000s ]
SQL: select * from dn_cate as c join dn_product as p on c.c_id=p.c_id where c.c_name='无游梁式抽油机' order by p_pai desc,p_id desc limit 0,15 [ RunTime:0.0000s ]
SQL: SHOW COLUMNS FROM `dn_lianxi` [ RunTime:0.0156s ]
SQL: SELECT * FROM `dn_lianxi` WHERE ( l_id=1 ) LIMIT 1   [ RunTime:0.0000s ]
SQL: SELECT * FROM `dn_news` ORDER BY n_click desc LIMIT 0,6   [ RunTime:0.0000s ]
INFO: [ view_parse ] --START--
INFO: [ template_filter ] --START--
INFO: Run Behavior\ContentReplaceBehavior [ RunTime:0.000000s ]
INFO: [ template_filter ] --END-- [ RunTime:0.000000s ]
INFO: Run Behavior\ParseTemplateBehavior [ RunTime:0.062500s ]
INFO: [ view_parse ] --END-- [ RunTime:0.062500s ]
INFO: [ view_filter ] --START--
INFO: Run Behavior\WriteHtmlCacheBehavior [ RunTime:0.000000s ]
INFO: [ view_filter ] --END-- [ RunTime:0.000000s ]
INFO: [ app_end ] --START--
INFO: Run Behavior\ShowPageTraceBehavior [ RunTime:0.000000s ]
INFO: [ app_end ] --END-- [ RunTime:0.000000s ]

[ 2018-07-05T00:38:39+08:00 ] 127.0.0.1 /
INFO: [ app_init ] --START--
INFO: Run Behavior\BuildLiteBehavior [ RunTime:0.000000s ]
INFO: [ app_init ] --END-- [ RunTime:0.000000s ]
INFO: [ app_begin ] --START--
INFO: Run Behavior\ReadHtmlCacheBehavior [ RunTime:0.015625s ]
INFO: Run Behavior\CheckLangBehavior [ RunTime:0.000000s ]
INFO: [ app_begin ] --END-- [ RunTime:0.015625s ]
SQL: SHOW COLUMNS FROM `dn_banner` [ RunTime:0.0313s ]
SQL: SELECT * FROM `dn_banner` ORDER BY b_pai desc LIMIT 0,5   [ RunTime:0.0000s ]
SQL: SHOW COLUMNS FROM `dn_gaishu` [ RunTime:0.0313s ]
SQL: SELECT * FROM `dn_gaishu`  [ RunTime:0.0000s ]
SQL: select * from dn_product as p join dn_cate as c on c.c_id=p.c_id where c.c_name='检测设备' order by p_pai desc,p_id desc limit 0,8 [ RunTime:0.0000s ]
SQL: select * from dn_product as p join dn_cate as c on c.c_id=p.c_id where c.c_name='生产研发' order by p_pai desc,p_id desc limit 0,8 [ RunTime:0.0000s ]
SQL: SHOW COLUMNS FROM `dn_lianxi` [ RunTime:0.0156s ]
SQL: SELECT * FROM `dn_lianxi` WHERE ( l_id=1 ) LIMIT 1   [ RunTime:0.0000s ]
SQL: SHOW COLUMNS FROM `dn_news` [ RunTime:0.0000s ]
SQL: SELECT * FROM `dn_news` WHERE ( n_cate='公司新闻' ) ORDER BY n_pai desc,n_id desc LIMIT 0,7   [ RunTime:0.0000s ]
SQL: SELECT * FROM `dn_news` WHERE ( n_cate='行业新闻' ) ORDER BY n_pai desc,n_id desc LIMIT 0,7   [ RunTime:0.0000s ]
SQL: SHOW COLUMNS FROM `dn_cooperation` [ RunTime:0.0313s ]
SQL: SELECT * FROM `dn_cooperation` ORDER BY co_pai desc,co_id desc  [ RunTime:0.0000s ]
INFO: [ view_parse ] --START--
INFO: [ template_filter ] --START--
INFO: Run Behavior\ContentReplaceBehavior [ RunTime:0.000000s ]
INFO: [ template_filter ] --END-- [ RunTime:0.000000s ]
NOTIC: [8] Undefined variable: v D:\wwwroot\bjhtx\wwwroot\Application\Runtime\Cache\Home\da2245feab9f58b4dceab1f100adff9d.php 第 132 行.
NOTIC: [8] Undefined variable: v D:\wwwroot\bjhtx\wwwroot\Application\Runtime\Cache\Home\da2245feab9f58b4dceab1f100adff9d.php 第 134 行.
INFO: Run Behavior\ParseTemplateBehavior [ RunTime:0.015625s ]
INFO: [ view_parse ] --END-- [ RunTime:0.015625s ]
INFO: [ view_filter ] --START--
INFO: Run Behavior\WriteHtmlCacheBehavior [ RunTime:0.015625s ]
INFO: [ view_filter ] --END-- [ RunTime:0.015625s ]
INFO: [ app_end ] --START--
INFO: Run Behavior\ShowPageTraceBehavior [ RunTime:0.000000s ]
INFO: [ app_end ] --END-- [ RunTime:0.000000s ]

[ 2018-07-05T00:39:31+08:00 ] 123.125.143.158 /index.php/Home/Product/index/cid/12.html
INFO: [ app_init ] --START--
INFO: Run Behavior\BuildLiteBehavior [ RunTime:0.000000s ]
INFO: [ app_init ] --END-- [ RunTime:0.000000s ]
INFO: [ app_begin ] --START--
INFO: Run Behavior\ReadHtmlCacheBehavior [ RunTime:0.000000s ]
INFO: Run Behavior\CheckLangBehavior [ RunTime:0.000000s ]
INFO: [ app_begin ] --END-- [ RunTime:0.000000s ]
SQL: SHOW COLUMNS FROM `dn_news` [ RunTime:0.0000s ]
SQL: SHOW COLUMNS FROM `dn_product` [ RunTime:0.0000s ]
SQL: SHOW COLUMNS FROM `dn_cate` [ RunTime:0.0156s ]
SQL: SELECT * FROM `dn_cate` ORDER BY c_pai desc,c_id desc  [ RunTime:0.0000s ]
SQL: SHOW COLUMNS FROM `dn_product` [ RunTime:0.0000s ]
SQL: SELECT COUNT(*) AS tp_count FROM `dn_product` WHERE ( c_id=12 ) LIMIT 1   [ RunTime:0.0000s ]
SQL: select * from dn_cate as c join dn_product as p on c.c_id=p.c_id where c.c_id=12 order by p_pai desc,p_id desc limit 0,15 [ RunTime:0.0000s ]
SQL: SHOW COLUMNS FROM `dn_lianxi` [ RunTime:0.0156s ]
SQL: SELECT * FROM `dn_lianxi` WHERE ( l_id=1 ) LIMIT 1   [ RunTime:0.0000s ]
SQL: SELECT * FROM `dn_news` ORDER BY n_click desc LIMIT 0,6   [ RunTime:0.0000s ]
INFO: [ view_parse ] --START--
INFO: [ template_filter ] --START--
INFO: Run Behavior\ContentReplaceBehavior [ RunTime:0.000000s ]
INFO: [ template_filter ] --END-- [ RunTime:0.000000s ]
INFO: Run Behavior\ParseTemplateBehavior [ RunTime:0.015625s ]
INFO: [ view_parse ] --END-- [ RunTime:0.015625s ]
INFO: [ view_filter ] --START--
INFO: Run Behavior\WriteHtmlCacheBehavior [ RunTime:0.000000s ]
INFO: [ view_filter ] --END-- [ RunTime:0.000000s ]
INFO: [ app_end ] --START--
INFO: Run Behavior\ShowPageTraceBehavior [ RunTime:0.000000s ]
INFO: [ app_end ] --END-- [ RunTime:0.000000s ]

[ 2018-07-05T00:41:50+08:00 ] 14.215.176.13 /index.php/Home/Company/index.html
INFO: [ app_init ] --START--
INFO: Run Behavior\BuildLiteBehavior [ RunTime:0.000000s ]
INFO: [ app_init ] --END-- [ RunTime:0.000000s ]
INFO: [ app_begin ] --START--
INFO: Run Behavior\ReadHtmlCacheBehavior [ RunTime:0.000000s ]
INFO: Run Behavior\CheckLangBehavior [ RunTime:0.000000s ]
INFO: [ app_begin ] --END-- [ RunTime:0.000000s ]
SQL: SHOW COLUMNS FROM `dn_company` [ RunTime:0.0000s ]
SQL: SELECT * FROM `dn_company` ORDER BY cm_pai desc,cm_id desc  [ RunTime:0.0000s ]
SQL: SHOW COLUMNS FROM `dn_lianxi` [ RunTime:0.0156s ]
SQL: SELECT * FROM `dn_lianxi` WHERE ( l_id=1 ) LIMIT 1   [ RunTime:0.0000s ]
SQL: SHOW COLUMNS FROM `dn_news` [ RunTime:0.0000s ]
SQL: SELECT * FROM `dn_news` ORDER BY n_click desc LIMIT 0,6   [ RunTime:0.0000s ]
SQL: SELECT * FROM `dn_company` WHERE ( cm_name='公司简介' ) LIMIT 1   [ RunTime:0.0000s ]
INFO: [ view_parse ] --START--
INFO: [ template_filter ] --START--
INFO: Run Behavior\ContentReplaceBehavior [ RunTime:0.000000s ]
INFO: [ template_filter ] --END-- [ RunTime:0.000000s ]
INFO: Run Behavior\ParseTemplateBehavior [ RunTime:0.031250s ]
INFO: [ view_parse ] --END-- [ RunTime:0.031250s ]
INFO: [ view_filter ] --START--
INFO: Run Behavior\WriteHtmlCacheBehavior [ RunTime:0.000000s ]
INFO: [ view_filter ] --END-- [ RunTime:0.000000s ]
INFO: [ app_end ] --START--
INFO: Run Behavior\ShowPageTraceBehavior [ RunTime:0.000000s ]
INFO: [ app_end ] --END-- [ RunTime:0.000000s ]

[ 2018-07-05T00:43:53+08:00 ] 115.239.212.193 /index.php/Home/News/index.html
INFO: [ app_init ] --START--
INFO: Run Behavior\BuildLiteBehavior [ RunTime:0.000000s ]
INFO: [ app_init ] --END-- [ RunTime:0.000000s ]
INFO: [ app_begin ] --START--
INFO: Run Behavior\ReadHtmlCacheBehavior [ RunTime:0.000000s ]
INFO: Run Behavior\CheckLangBehavior [ RunTime:0.000000s ]
INFO: [ app_begin ] --END-- [ RunTime:0.015625s ]
SQL: SHOW COLUMNS FROM `dn_news` [ RunTime:0.0000s ]
SQL: SELECT COUNT(*) AS tp_count FROM `dn_news` WHERE ( n_cate='公司新闻' ) LIMIT 1   [ RunTime:0.0000s ]
SQL: SELECT * FROM `dn_news` WHERE ( n_cate='公司新闻' ) ORDER BY n_pai desc,n_id desc LIMIT 0,6   [ RunTime:0.0000s ]
SQL: SHOW COLUMNS FROM `dn_lianxi` [ RunTime:0.0000s ]
SQL: SELECT * FROM `dn_lianxi` WHERE ( l_id=1 ) LIMIT 1   [ RunTime:0.0000s ]
SQL: SELECT * FROM `dn_news` ORDER BY n_click desc LIMIT 0,6   [ RunTime:0.0000s ]
INFO: [ view_parse ] --START--
INFO: [ template_filter ] --START--
INFO: Run Behavior\ContentReplaceBehavior [ RunTime:0.000000s ]
INFO: [ template_filter ] --END-- [ RunTime:0.000000s ]
INFO: Run Behavior\ParseTemplateBehavior [ RunTime:0.015625s ]
INFO: [ view_parse ] --END-- [ RunTime:0.015625s ]
INFO: [ view_filter ] --START--
INFO: Run Behavior\WriteHtmlCacheBehavior [ RunTime:0.000000s ]
INFO: [ view_filter ] --END-- [ RunTime:0.000000s ]
INFO: [ app_end ] --START--
INFO: Run Behavior\ShowPageTraceBehavior [ RunTime:0.000000s ]
INFO: [ app_end ] --END-- [ RunTime:0.000000s ]

[ 2018-07-05T00:48:24+08:00 ] 115.239.212.135 /index.php/Home/Contact/index.html
INFO: [ app_init ] --START--
INFO: Run Behavior\BuildLiteBehavior [ RunTime:0.000000s ]
INFO: [ app_init ] --END-- [ RunTime:0.000000s ]
INFO: [ app_begin ] --START--
INFO: Run Behavior\ReadHtmlCacheBehavior [ RunTime:0.000000s ]
INFO: Run Behavior\CheckLangBehavior [ RunTime:0.000000s ]
INFO: [ app_begin ] --END-- [ RunTime:0.000000s ]
SQL: SHOW COLUMNS FROM `dn_lianxi` [ RunTime:0.0000s ]
SQL: SHOW COLUMNS FROM `dn_news` [ RunTime:0.0000s ]
SQL: SELECT * FROM `dn_lianxi` WHERE ( l_id=1 ) LIMIT 1   [ RunTime:0.0000s ]
SQL: SELECT * FROM `dn_news` ORDER BY n_click desc LIMIT 0,6   [ RunTime:0.0156s ]
INFO: [ view_parse ] --START--
INFO: [ template_filter ] --START--
INFO: Run Behavior\ContentReplaceBehavior [ RunTime:0.000000s ]
INFO: [ template_filter ] --END-- [ RunTime:0.000000s ]
NOTIC: [8] Undefined variable: data D:\wwwroot\bjhtx\wwwroot\Application\Runtime\Cache\Home\3fa0156333fcb4a809ff9c89c422d63c.php 第 135 行.
INFO: Run Behavior\ParseTemplateBehavior [ RunTime:0.015625s ]
INFO: [ view_parse ] --END-- [ RunTime:0.015625s ]
INFO: [ view_filter ] --START--
INFO: Run Behavior\WriteHtmlCacheBehavior [ RunTime:0.000000s ]
INFO: [ view_filter ] --END-- [ RunTime:0.000000s ]
INFO: [ app_end ] --START--
INFO: Run Behavior\ShowPageTraceBehavior [ RunTime:0.000000s ]
INFO: [ app_end ] --END-- [ RunTime:0.000000s ]

[ 2018-07-05T00:50:28+08:00 ] 14.215.176.6 /index.php/Home/Product/prodisplay/pid/102.html
INFO: [ app_init ] --START--
INFO: Run Behavior\BuildLiteBehavior [ RunTime:0.000000s ]
INFO: [ app_init ] --END-- [ RunTime:0.000000s ]
INFO: [ app_begin ] --START--
INFO: Run Behavior\ReadHtmlCacheBehavior [ RunTime:0.000000s ]
INFO: Run Behavior\CheckLangBehavior [ RunTime:0.015625s ]
INFO: [ app_begin ] --END-- [ RunTime:0.015625s ]
SQL: SHOW COLUMNS FROM `dn_cate` [ RunTime:0.0000s ]
SQL: SELECT * FROM `dn_cate` WHERE ( c_cate='列表页' ) ORDER BY c_pai desc,c_id desc  [ RunTime:0.0000s ]
SQL: select * from dn_cate as c join dn_product as p on p.c_id=c.c_id where p.p_id=102 [ RunTime:0.0000s ]
SQL: SHOW COLUMNS FROM `dn_lianxi` [ RunTime:0.0156s ]
SQL: SELECT * FROM `dn_lianxi` WHERE ( l_id=1 ) LIMIT 1   [ RunTime:0.0000s ]
SQL: SHOW COLUMNS FROM `dn_product` [ RunTime:0.0000s ]
SQL: UPDATE `dn_product` SET `p_click`='134' WHERE ( p_id=102 ) [ RunTime:0.0313s ]
SQL: SHOW COLUMNS FROM `dn_news` [ RunTime:0.0156s ]
SQL: SELECT * FROM `dn_news` ORDER BY n_click desc LIMIT 0,6   [ RunTime:0.0000s ]
INFO: [ view_parse ] --START--
INFO: [ template_filter ] --START--
INFO: Run Behavior\ContentReplaceBehavior [ RunTime:0.000000s ]
INFO: [ template_filter ] --END-- [ RunTime:0.000000s ]
NOTIC: [8] Undefined variable: detailnews D:\wwwroot\bjhtx\wwwroot\Application\Runtime\Cache\Home\412435bbdd9706e42fca2d92b27c05ed.php 第 136 行.
INFO: Run Behavior\ParseTemplateBehavior [ RunTime:0.015625s ]
INFO: [ view_parse ] --END-- [ RunTime:0.015625s ]
INFO: [ view_filter ] --START--
INFO: Run Behavior\WriteHtmlCacheBehavior [ RunTime:0.000000s ]
INFO: [ view_filter ] --END-- [ RunTime:0.000000s ]
INFO: [ app_end ] --START--
INFO: Run Behavior\ShowPageTraceBehavior [ RunTime:0.000000s ]
INFO: [ app_end ] --END-- [ RunTime:0.000000s ]

[ 2018-07-05T00:56:26+08:00 ] 14.215.176.144 /index.php/Home/Emyployee/index.html
INFO: [ app_init ] --START--
INFO: Run Behavior\BuildLiteBehavior [ RunTime:0.000000s ]
INFO: [ app_init ] --END-- [ RunTime:0.000000s ]
INFO: [ app_begin ] --START--
INFO: Run Behavior\ReadHtmlCacheBehavior [ RunTime:0.000000s ]
INFO: Run Behavior\CheckLangBehavior [ RunTime:0.000000s ]
INFO: [ app_begin ] --END-- [ RunTime:0.000000s ]
SQL: SHOW COLUMNS FROM `dn_qita` [ RunTime:0.0000s ]
SQL: SELECT * FROM `dn_qita` WHERE ( q_name='人才理念' ) LIMIT 1   [ RunTime:0.0000s ]
SQL: SHOW COLUMNS FROM `dn_lianxi` [ RunTime:0.0156s ]
SQL: SELECT * FROM `dn_lianxi` WHERE ( l_id=1 ) LIMIT 1   [ RunTime:0.0000s ]
SQL: SHOW COLUMNS FROM `dn_job` [ RunTime:0.0000s ]
SQL: SELECT * FROM `dn_job` ORDER BY j_pai desc  [ RunTime:0.0000s ]
SQL: SHOW COLUMNS FROM `dn_news` [ RunTime:0.0000s ]
SQL: SELECT * FROM `dn_news` ORDER BY n_click desc LIMIT 0,6   [ RunTime:0.0000s ]
INFO: [ view_parse ] --START--
INFO: [ template_filter ] --START--
INFO: Run Behavior\ContentReplaceBehavior [ RunTime:0.000000s ]
INFO: [ template_filter ] --END-- [ RunTime:0.000000s ]
INFO: Run Behavior\ParseTemplateBehavior [ RunTime:0.015625s ]
INFO: [ view_parse ] --END-- [ RunTime:0.015625s ]
INFO: [ view_filter ] --START--
INFO: Run Behavior\WriteHtmlCacheBehavior [ RunTime:0.000000s ]
INFO: [ view_filter ] --END-- [ RunTime:0.000000s ]
INFO: [ app_end ] --START--
INFO: Run Behavior\ShowPageTraceBehavior [ RunTime:0.015625s ]
INFO: [ app_end ] --END-- [ RunTime:0.015625s ]

[ 2018-07-05T01:06:32+08:00 ] 127.0.0.1 /
INFO: [ app_init ] --START--
INFO: Run Behavior\BuildLiteBehavior [ RunTime:0.000000s ]
INFO: [ app_init ] --END-- [ RunTime:0.000000s ]
INFO: [ app_begin ] --START--
INFO: Run Behavior\ReadHtmlCacheBehavior [ RunTime:0.000000s ]
INFO: Run Behavior\CheckLangBehavior [ RunTime:0.015625s ]
INFO: [ app_begin ] --END-- [ RunTime:0.015625s ]
SQL: SHOW COLUMNS FROM `dn_banner` [ RunTime:0.0000s ]
SQL: SELECT * FROM `dn_banner` ORDER BY b_pai desc LIMIT 0,5   [ RunTime:0.0000s ]
SQL: SHOW COLUMNS FROM `dn_gaishu` [ RunTime:0.0000s ]
SQL: SELECT * FROM `dn_gaishu`  [ RunTime:0.0000s ]
SQL: select * from dn_product as p join dn_cate as c on c.c_id=p.c_id where c.c_name='检测设备' order by p_pai desc,p_id desc limit 0,8 [ RunTime:0.0156s ]
SQL: select * from dn_product as p join dn_cate as c on c.c_id=p.c_id where c.c_name='生产研发' order by p_pai desc,p_id desc limit 0,8 [ RunTime:0.0000s ]
SQL: SHOW COLUMNS FROM `dn_lianxi` [ RunTime:0.0000s ]
SQL: SELECT * FROM `dn_lianxi` WHERE ( l_id=1 ) LIMIT 1   [ RunTime:0.0000s ]
SQL: SHOW COLUMNS FROM `dn_news` [ RunTime:0.0000s ]
SQL: SELECT * FROM `dn_news` WHERE ( n_cate='公司新闻' ) ORDER BY n_pai desc,n_id desc LIMIT 0,7   [ RunTime:0.0000s ]
SQL: SELECT * FROM `dn_news` WHERE ( n_cate='行业新闻' ) ORDER BY n_pai desc,n_id desc LIMIT 0,7   [ RunTime:0.0000s ]
SQL: SHOW COLUMNS FROM `dn_cooperation` [ RunTime:0.0156s ]
SQL: SELECT * FROM `dn_cooperation` ORDER BY co_pai desc,co_id desc  [ RunTime:0.0000s ]
INFO: [ view_parse ] --START--
INFO: [ template_filter ] --START--
INFO: Run Behavior\ContentReplaceBehavior [ RunTime:0.000000s ]
INFO: [ template_filter ] --END-- [ RunTime:0.000000s ]
NOTIC: [8] Undefined variable: video D:\wwwroot\bjhtx\wwwroot\Application\Runtime\Cache\Home\2a94b8bda04ff446dcedd42276fc99ee.php 第 133 行.
INFO: Run Behavior\ParseTemplateBehavior [ RunTime:0.062500s ]
INFO: [ view_parse ] --END-- [ RunTime:0.062500s ]
INFO: [ view_filter ] --START--
INFO: Run Behavior\WriteHtmlCacheBehavior [ RunTime:0.015625s ]
INFO: [ view_filter ] --END-- [ RunTime:0.015625s ]
INFO: [ app_end ] --START--
INFO: Run Behavior\ShowPageTraceBehavior [ RunTime:0.000000s ]
INFO: [ app_end ] --END-- [ RunTime:0.000000s ]

[ 2018-07-05T02:09:32+08:00 ] 180.76.15.160 /index.php/Home/News/index/n_cate/gongsi.html
INFO: [ app_init ] --START--
INFO: Run Behavior\BuildLiteBehavior [ RunTime:0.000000s ]
INFO: [ app_init ] --END-- [ RunTime:0.000000s ]
INFO: [ app_begin ] --START--
INFO: Run Behavior\ReadHtmlCacheBehavior [ RunTime:0.000000s ]
INFO: Run Behavior\CheckLangBehavior [ RunTime:0.031250s ]
INFO: [ app_begin ] --END-- [ RunTime:0.031250s ]
SQL: SHOW COLUMNS FROM `dn_news` [ RunTime:0.0000s ]
SQL: SELECT COUNT(*) AS tp_count FROM `dn_news` WHERE ( n_cate='公司新闻' ) LIMIT 1   [ RunTime:0.0000s ]
SQL: SELECT * FROM `dn_news` WHERE ( n_cate='公司新闻' ) ORDER BY n_pai desc,n_id desc LIMIT 0,6   [ RunTime:0.0000s ]
SQL: SHOW COLUMNS FROM `dn_lianxi` [ RunTime:0.0156s ]
SQL: SELECT * FROM `dn_lianxi` WHERE ( l_id=1 ) LIMIT 1   [ RunTime:0.0000s ]
SQL: SELECT * FROM `dn_news` ORDER BY n_click desc LIMIT 0,6   [ RunTime:0.0000s ]
INFO: [ view_parse ] --START--
INFO: [ template_filter ] --START--
INFO: Run Behavior\ContentReplaceBehavior [ RunTime:0.000000s ]
INFO: [ template_filter ] --END-- [ RunTime:0.000000s ]
NOTIC: [8] Undefined variable: think D:\wwwroot\bjhtx\wwwroot\Application\Runtime\Cache\Home\3e24b471de08a8366f7660bb176a5e74.php 第 120 行.
INFO: Run Behavior\ParseTemplateBehavior [ RunTime:0.171875s ]
INFO: [ view_parse ] --END-- [ RunTime:0.171875s ]
INFO: [ view_filter ] --START--
INFO: Run Behavior\WriteHtmlCacheBehavior [ RunTime:0.109375s ]
INFO: [ view_filter ] --END-- [ RunTime:0.109375s ]
INFO: [ app_end ] --START--
INFO: Run Behavior\ShowPageTraceBehavior [ RunTime:0.000000s ]
INFO: [ app_end ] --END-- [ RunTime:0.000000s ]

[ 2018-07-05T02:42:52+08:00 ] 127.0.0.1 /
INFO: [ app_init ] --START--
INFO: Run Behavior\BuildLiteBehavior [ RunTime:0.000000s ]
INFO: [ app_init ] --END-- [ RunTime:0.000000s ]
INFO: [ app_begin ] --START--
INFO: Run Behavior\ReadHtmlCacheBehavior [ RunTime:0.000000s ]
INFO: Run Behavior\CheckLangBehavior [ RunTime:0.000000s ]
INFO: [ app_begin ] --END-- [ RunTime:0.000000s ]
SQL: SHOW COLUMNS FROM `dn_banner` [ RunTime:0.0000s ]
SQL: SELECT * FROM `dn_banner` ORDER BY b_pai desc LIMIT 0,5   [ RunTime:0.0000s ]
SQL: SHOW COLUMNS FROM `dn_gaishu` [ RunTime:0.0000s ]
SQL: SELECT * FROM `dn_gaishu`  [ RunTime:0.0000s ]
SQL: select * from dn_product as p join dn_cate as c on c.c_id=p.c_id where c.c_name='检测设备' order by p_pai desc,p_id desc limit 0,8 [ RunTime:0.0156s ]
SQL: select * from dn_product as p join dn_cate as c on c.c_id=p.c_id where c.c_name='生产研发' order by p_pai desc,p_id desc limit 0,8 [ RunTime:0.0000s ]
SQL: SHOW COLUMNS FROM `dn_lianxi` [ RunTime:0.0000s ]
SQL: SELECT * FROM `dn_lianxi` WHERE ( l_id=1 ) LIMIT 1   [ RunTime:0.0156s ]
SQL: SHOW COLUMNS FROM `dn_news` [ RunTime:0.0000s ]
SQL: SELECT * FROM `dn_news` WHERE ( n_cate='公司新闻' ) ORDER BY n_pai desc,n_id desc LIMIT 0,7   [ RunTime:0.0000s ]
SQL: SELECT * FROM `dn_news` WHERE ( n_cate='行业新闻' ) ORDER BY n_pai desc,n_id desc LIMIT 0,7   [ RunTime:0.0000s ]
SQL: SHOW COLUMNS FROM `dn_cooperation` [ RunTime:0.0156s ]
SQL: SELECT * FROM `dn_cooperation` ORDER BY co_pai desc,co_id desc  [ RunTime:0.0000s ]
INFO: [ view_parse ] --START--
INFO: [ template_filter ] --START--
INFO: Run Behavior\ContentReplaceBehavior [ RunTime:0.000000s ]
INFO: [ template_filter ] --END-- [ RunTime:0.000000s ]
NOTIC: [8] Undefined variable: video D:\wwwroot\bjhtx\wwwroot\Application\Runtime\Cache\Home\2a94b8bda04ff446dcedd42276fc99ee.php 第 133 行.
INFO: Run Behavior\ParseTemplateBehavior [ RunTime:0.062500s ]
INFO: [ view_parse ] --END-- [ RunTime:0.062500s ]
INFO: [ view_filter ] --START--
INFO: Run Behavior\WriteHtmlCacheBehavior [ RunTime:0.000000s ]
INFO: [ view_filter ] --END-- [ RunTime:0.000000s ]
INFO: [ app_end ] --START--
INFO: Run Behavior\ShowPageTraceBehavior [ RunTime:0.000000s ]
INFO: [ app_end ] --END-- [ RunTime:0.000000s ]

[ 2018-07-05T03:04:38+08:00 ] 127.0.0.1 /
INFO: [ app_init ] --START--
INFO: Run Behavior\BuildLiteBehavior [ RunTime:0.000000s ]
INFO: [ app_init ] --END-- [ RunTime:0.000000s ]
INFO: [ app_begin ] --START--
INFO: Run Behavior\ReadHtmlCacheBehavior [ RunTime:0.015625s ]
INFO: Run Behavior\CheckLangBehavior [ RunTime:0.000000s ]
INFO: [ app_begin ] --END-- [ RunTime:0.015625s ]
SQL: SHOW COLUMNS FROM `dn_banner` [ RunTime:0.0000s ]
SQL: SELECT * FROM `dn_banner` ORDER BY b_pai desc LIMIT 0,5   [ RunTime:0.0000s ]
SQL: SHOW COLUMNS FROM `dn_gaishu` [ RunTime:0.0156s ]
SQL: SELECT * FROM `dn_gaishu`  [ RunTime:0.0000s ]
SQL: select * from dn_product as p join dn_cate as c on c.c_id=p.c_id where c.c_name='检测设备' order by p_pai desc,p_id desc limit 0,8 [ RunTime:0.0000s ]
SQL: select * from dn_product as p join dn_cate as c on c.c_id=p.c_id where c.c_name='生产研发' order by p_pai desc,p_id desc limit 0,8 [ RunTime:0.0000s ]
SQL: SHOW COLUMNS FROM `dn_lianxi` [ RunTime:0.0000s ]
SQL: SELECT * FROM `dn_lianxi` WHERE ( l_id=1 ) LIMIT 1   [ RunTime:0.0000s ]
SQL: SHOW COLUMNS FROM `dn_news` [ RunTime:0.0156s ]
SQL: SELECT * FROM `dn_news` WHERE ( n_cate='公司新闻' ) ORDER BY n_pai desc,n_id desc LIMIT 0,7   [ RunTime:0.0000s ]
SQL: SELECT * FROM `dn_news` WHERE ( n_cate='行业新闻' ) ORDER BY n_pai desc,n_id desc LIMIT 0,7   [ RunTime:0.0000s ]
SQL: SHOW COLUMNS FROM `dn_cooperation` [ RunTime:0.0000s ]
SQL: SELECT * FROM `dn_cooperation` ORDER BY co_pai desc,co_id desc  [ RunTime:0.0000s ]
INFO: [ view_parse ] --START--
INFO: [ template_filter ] --START--
INFO: Run Behavior\ContentReplaceBehavior [ RunTime:0.000000s ]
INFO: [ template_filter ] --END-- [ RunTime:0.000000s ]
NOTIC: [8] Undefined variable: video D:\wwwroot\bjhtx\wwwroot\Application\Runtime\Cache\Home\2a94b8bda04ff446dcedd42276fc99ee.php 第 133 行.
INFO: Run Behavior\ParseTemplateBehavior [ RunTime:0.031250s ]
INFO: [ view_parse ] --END-- [ RunTime:0.031250s ]
INFO: [ view_filter ] --START--
INFO: Run Behavior\WriteHtmlCacheBehavior [ RunTime:0.000000s ]
INFO: [ view_filter ] --END-- [ RunTime:0.000000s ]
INFO: [ app_end ] --START--
INFO: Run Behavior\ShowPageTraceBehavior [ RunTime:0.000000s ]
INFO: [ app_end ] --END-- [ RunTime:0.000000s ]

[ 2018-07-05T03:29:26+08:00 ] 123.125.143.140 /index.php/home/news/detail/nid/1.html
INFO: [ app_init ] --START--
INFO: Run Behavior\BuildLiteBehavior [ RunTime:0.000000s ]
INFO: [ app_init ] --END-- [ RunTime:0.000000s ]
INFO: [ app_begin ] --START--
INFO: Run Behavior\ReadHtmlCacheBehavior [ RunTime:0.000000s ]
INFO: Run Behavior\CheckLangBehavior [ RunTime:0.000000s ]
INFO: [ app_begin ] --END-- [ RunTime:0.000000s ]
SQL: SHOW COLUMNS FROM `dn_news` [ RunTime:0.0000s ]
SQL: SHOW COLUMNS FROM `dn_lianxi` [ RunTime:0.0156s ]
SQL: SELECT * FROM `dn_lianxi` WHERE ( l_id=1 ) LIMIT 1   [ RunTime:0.0000s ]
SQL: SELECT * FROM `dn_news` WHERE ( n_id=1 ) LIMIT 1   [ RunTime:0.0000s ]
SQL: UPDATE `dn_news` SET `n_click`='710' WHERE ( n_id=1 ) [ RunTime:0.0469s ]
SQL: SELECT * FROM `dn_news` ORDER BY n_click desc LIMIT 0,6   [ RunTime:0.0000s ]
INFO: [ view_parse ] --START--
INFO: [ template_filter ] --START--
INFO: Run Behavior\ContentReplaceBehavior [ RunTime:0.000000s ]
INFO: [ template_filter ] --END-- [ RunTime:0.000000s ]
NOTIC: [8] Undefined index: n_kyes D:\wwwroot\bjhtx\wwwroot\Application\Runtime\Cache\Home\aca8b289ff6c2c7180f304ffd37940b8.php 第 6 行.
INFO: Run Behavior\ParseTemplateBehavior [ RunTime:0.031250s ]
INFO: [ view_parse ] --END-- [ RunTime:0.031250s ]
INFO: [ view_filter ] --START--
INFO: Run Behavior\WriteHtmlCacheBehavior [ RunTime:0.000000s ]
INFO: [ view_filter ] --END-- [ RunTime:0.000000s ]
INFO: [ app_end ] --START--
INFO: Run Behavior\ShowPageTraceBehavior [ RunTime:0.000000s ]
INFO: [ app_end ] --END-- [ RunTime:0.000000s ]

[ 2018-07-05T05:02:42+08:00 ] 180.76.15.18 /index.php/Home/News/index.html
INFO: [ app_init ] --START--
INFO: Run Behavior\BuildLiteBehavior [ RunTime:0.000000s ]
INFO: [ app_init ] --END-- [ RunTime:0.000000s ]
INFO: [ app_begin ] --START--
INFO: Run Behavior\ReadHtmlCacheBehavior [ RunTime:0.000000s ]
INFO: Run Behavior\CheckLangBehavior [ RunTime:0.031250s ]
INFO: [ app_begin ] --END-- [ RunTime:0.031250s ]
SQL: SHOW COLUMNS FROM `dn_news` [ RunTime:0.0000s ]
SQL: SELECT COUNT(*) AS tp_count FROM `dn_news` WHERE ( n_cate='公司新闻' ) LIMIT 1   [ RunTime:0.0000s ]
SQL: SELECT * FROM `dn_news` WHERE ( n_cate='公司新闻' ) ORDER BY n_pai desc,n_id desc LIMIT 0,6   [ RunTime:0.0000s ]
SQL: SHOW COLUMNS FROM `dn_lianxi` [ RunTime:0.0156s ]
SQL: SELECT * FROM `dn_lianxi` WHERE ( l_id=1 ) LIMIT 1   [ RunTime:0.0000s ]
SQL: SELECT * FROM `dn_news` ORDER BY n_click desc LIMIT 0,6   [ RunTime:0.0000s ]
INFO: [ view_parse ] --START--
INFO: [ template_filter ] --START--
INFO: Run Behavior\ContentReplaceBehavior [ RunTime:0.000000s ]
INFO: [ template_filter ] --END-- [ RunTime:0.000000s ]
NOTIC: [8] Undefined variable: think D:\wwwroot\bjhtx\wwwroot\Application\Runtime\Cache\Home\3e24b471de08a8366f7660bb176a5e74.php 第 120 行.
INFO: Run Behavior\ParseTemplateBehavior [ RunTime:0.078125s ]
INFO: [ view_parse ] --END-- [ RunTime:0.078125s ]
INFO: [ view_filter ] --START--
INFO: Run Behavior\WriteHtmlCacheBehavior [ RunTime:0.000000s ]
INFO: [ view_filter ] --END-- [ RunTime:0.000000s ]
INFO: [ app_end ] --START--
INFO: Run Behavior\ShowPageTraceBehavior [ RunTime:0.015625s ]
INFO: [ app_end ] --END-- [ RunTime:0.015625s ]

[ 2018-07-05T05:02:42+08:00 ] 180.76.15.34 /index.php/Home/News/
INFO: [ app_init ] --START--
INFO: Run Behavior\BuildLiteBehavior [ RunTime:0.000000s ]
INFO: [ app_init ] --END-- [ RunTime:0.000000s ]
INFO: [ app_begin ] --START--
INFO: Run Behavior\ReadHtmlCacheBehavior [ RunTime:0.000000s ]
INFO: Run Behavior\CheckLangBehavior [ RunTime:0.000000s ]
INFO: [ app_begin ] --END-- [ RunTime:0.000000s ]
SQL: SHOW COLUMNS FROM `dn_news` [ RunTime:0.0000s ]
SQL: SELECT COUNT(*) AS tp_count FROM `dn_news` WHERE ( n_cate='公司新闻' ) LIMIT 1   [ RunTime:0.0000s ]
SQL: SELECT * FROM `dn_news` WHERE ( n_cate='公司新闻' ) ORDER BY n_pai desc,n_id desc LIMIT 0,6   [ RunTime:0.0000s ]
SQL: SHOW COLUMNS FROM `dn_lianxi` [ RunTime:0.0000s ]
SQL: SELECT * FROM `dn_lianxi` WHERE ( l_id=1 ) LIMIT 1   [ RunTime:0.0000s ]
SQL: SELECT * FROM `dn_news` ORDER BY n_click desc LIMIT 0,6   [ RunTime:0.0000s ]
INFO: [ view_parse ] --START--
INFO: [ template_filter ] --START--
INFO: Run Behavior\ContentReplaceBehavior [ RunTime:0.000000s ]
INFO: [ template_filter ] --END-- [ RunTime:0.000000s ]
NOTIC: [8] Undefined variable: think D:\wwwroot\bjhtx\wwwroot\Application\Runtime\Cache\Home\3e24b471de08a8366f7660bb176a5e74.php 第 120 行.
INFO: Run Behavior\ParseTemplateBehavior [ RunTime:0.015625s ]
INFO: [ view_parse ] --END-- [ RunTime:0.015625s ]
INFO: [ view_filter ] --START--
INFO: Run Behavior\WriteHtmlCacheBehavior [ RunTime:0.000000s ]
INFO: [ view_filter ] --END-- [ RunTime:0.000000s ]
INFO: [ app_end ] --START--
INFO: Run Behavior\ShowPageTraceBehavior [ RunTime:0.000000s ]
INFO: [ app_end ] --END-- [ RunTime:0.000000s ]

[ 2018-07-05T05:06:54+08:00 ] 127.0.0.1 /
INFO: [ app_init ] --START--
INFO: Run Behavior\BuildLiteBehavior [ RunTime:0.000000s ]
INFO: [ app_init ] --END-- [ RunTime:0.000000s ]
INFO: [ app_begin ] --START--
INFO: Run Behavior\ReadHtmlCacheBehavior [ RunTime:0.000000s ]
INFO: Run Behavior\CheckLangBehavior [ RunTime:0.015625s ]
INFO: [ app_begin ] --END-- [ RunTime:0.015625s ]
SQL: SHOW COLUMNS FROM `dn_banner` [ RunTime:0.0000s ]
SQL: SELECT * FROM `dn_banner` ORDER BY b_pai desc LIMIT 0,5   [ RunTime:0.0000s ]
SQL: SHOW COLUMNS FROM `dn_gaishu` [ RunTime:0.0156s ]
SQL: SELECT * FROM `dn_gaishu`  [ RunTime:0.0000s ]
SQL: select * from dn_product as p join dn_cate as c on c.c_id=p.c_id where c.c_name='检测设备' order by p_pai desc,p_id desc limit 0,8 [ RunTime:0.0000s ]
SQL: select * from dn_product as p join dn_cate as c on c.c_id=p.c_id where c.c_name='生产研发' order by p_pai desc,p_id desc limit 0,8 [ RunTime:0.0000s ]
SQL: SHOW COLUMNS FROM `dn_lianxi` [ RunTime:0.0156s ]
SQL: SELECT * FROM `dn_lianxi` WHERE ( l_id=1 ) LIMIT 1   [ RunTime:0.0000s ]
SQL: SHOW COLUMNS FROM `dn_news` [ RunTime:0.0000s ]
SQL: SELECT * FROM `dn_news` WHERE ( n_cate='公司新闻' ) ORDER BY n_pai desc,n_id desc LIMIT 0,7   [ RunTime:0.0000s ]
SQL: SELECT * FROM `dn_news` WHERE ( n_cate='行业新闻' ) ORDER BY n_pai desc,n_id desc LIMIT 0,7   [ RunTime:0.0000s ]
SQL: SHOW COLUMNS FROM `dn_cooperation` [ RunTime:0.0156s ]
SQL: SELECT * FROM `dn_cooperation` ORDER BY co_pai desc,co_id desc  [ RunTime:0.0000s ]
INFO: [ view_parse ] --START--
INFO: [ template_filter ] --START--
INFO: Run Behavior\ContentReplaceBehavior [ RunTime:0.000000s ]
INFO: [ template_filter ] --END-- [ RunTime:0.000000s ]
NOTIC: [8] Undefined variable: v D:\wwwroot\bjhtx\wwwroot\Application\Runtime\Cache\Home\da2245feab9f58b4dceab1f100adff9d.php 第 132 行.
NOTIC: [8] Undefined variable: v D:\wwwroot\bjhtx\wwwroot\Application\Runtime\Cache\Home\da2245feab9f58b4dceab1f100adff9d.php 第 134 行.
INFO: Run Behavior\ParseTemplateBehavior [ RunTime:0.062500s ]
INFO: [ view_parse ] --END-- [ RunTime:0.062500s ]
INFO: [ view_filter ] --START--
INFO: Run Behavior\WriteHtmlCacheBehavior [ RunTime:0.000000s ]
INFO: [ view_filter ] --END-- [ RunTime:0.000000s ]
INFO: [ app_end ] --START--
INFO: Run Behavior\ShowPageTraceBehavior [ RunTime:0.000000s ]
INFO: [ app_end ] --END-- [ RunTime:0.000000s ]

[ 2018-07-05T06:25:07+08:00 ] 127.0.0.1 /
INFO: [ app_init ] --START--
INFO: Run Behavior\BuildLiteBehavior [ RunTime:0.000000s ]
INFO: [ app_init ] --END-- [ RunTime:0.000000s ]
INFO: [ app_begin ] --START--
INFO: Run Behavior\ReadHtmlCacheBehavior [ RunTime:0.000000s ]
INFO: Run Behavior\CheckLangBehavior [ RunTime:0.000000s ]
INFO: [ app_begin ] --END-- [ RunTime:0.000000s ]
SQL: SHOW COLUMNS FROM `dn_banner` [ RunTime:0.0000s ]
SQL: SELECT * FROM `dn_banner` ORDER BY b_pai desc LIMIT 0,5   [ RunTime:0.0000s ]
SQL: SHOW COLUMNS FROM `dn_gaishu` [ RunTime:0.0000s ]
SQL: SELECT * FROM `dn_gaishu`  [ RunTime:0.0000s ]
SQL: select * from dn_product as p join dn_cate as c on c.c_id=p.c_id where c.c_name='检测设备' order by p_pai desc,p_id desc limit 0,8 [ RunTime:0.0156s ]
SQL: select * from dn_product as p join dn_cate as c on c.c_id=p.c_id where c.c_name='生产研发' order by p_pai desc,p_id desc limit 0,8 [ RunTime:0.0000s ]
SQL: SHOW COLUMNS FROM `dn_lianxi` [ RunTime:0.0000s ]
SQL: SELECT * FROM `dn_lianxi` WHERE ( l_id=1 ) LIMIT 1   [ RunTime:0.0000s ]
SQL: SHOW COLUMNS FROM `dn_news` [ RunTime:0.0156s ]
SQL: SELECT * FROM `dn_news` WHERE ( n_cate='公司新闻' ) ORDER BY n_pai desc,n_id desc LIMIT 0,7   [ RunTime:0.0000s ]
SQL: SELECT * FROM `dn_news` WHERE ( n_cate='行业新闻' ) ORDER BY n_pai desc,n_id desc LIMIT 0,7   [ RunTime:0.0000s ]
SQL: SHOW COLUMNS FROM `dn_cooperation` [ RunTime:0.0000s ]
SQL: SELECT * FROM `dn_cooperation` ORDER BY co_pai desc,co_id desc  [ RunTime:0.0000s ]
INFO: [ view_parse ] --START--
INFO: [ template_filter ] --START--
INFO: Run Behavior\ContentReplaceBehavior [ RunTime:0.000000s ]
INFO: [ template_filter ] --END-- [ RunTime:0.000000s ]
NOTIC: [8] Undefined variable: video D:\wwwroot\bjhtx\wwwroot\Application\Runtime\Cache\Home\2a94b8bda04ff446dcedd42276fc99ee.php 第 133 行.
INFO: Run Behavior\ParseTemplateBehavior [ RunTime:0.046875s ]
INFO: [ view_parse ] --END-- [ RunTime:0.046875s ]
INFO: [ view_filter ] --START--
INFO: Run Behavior\WriteHtmlCacheBehavior [ RunTime:0.000000s ]
INFO: [ view_filter ] --END-- [ RunTime:0.000000s ]
INFO: [ app_end ] --START--
INFO: Run Behavior\ShowPageTraceBehavior [ RunTime:0.000000s ]
INFO: [ app_end ] --END-- [ RunTime:0.000000s ]

[ 2018-07-05T07:20:16+08:00 ] 127.0.0.1 /
INFO: [ app_init ] --START--
INFO: Run Behavior\BuildLiteBehavior [ RunTime:0.000000s ]
INFO: [ app_init ] --END-- [ RunTime:0.000000s ]
INFO: [ app_begin ] --START--
INFO: Run Behavior\ReadHtmlCacheBehavior [ RunTime:0.000000s ]
INFO: Run Behavior\CheckLangBehavior [ RunTime:0.000000s ]
INFO: [ app_begin ] --END-- [ RunTime:0.000000s ]
SQL: SHOW COLUMNS FROM `dn_banner` [ RunTime:0.0000s ]
SQL: SELECT * FROM `dn_banner` ORDER BY b_pai desc LIMIT 0,5   [ RunTime:0.0000s ]
SQL: SHOW COLUMNS FROM `dn_gaishu` [ RunTime:0.0000s ]
SQL: SELECT * FROM `dn_gaishu`  [ RunTime:0.0000s ]
SQL: select * from dn_product as p join dn_cate as c on c.c_id=p.c_id where c.c_name='检测设备' order by p_pai desc,p_id desc limit 0,8 [ RunTime:0.0000s ]
SQL: select * from dn_product as p join dn_cate as c on c.c_id=p.c_id where c.c_name='生产研发' order by p_pai desc,p_id desc limit 0,8 [ RunTime:0.0156s ]
SQL: SHOW COLUMNS FROM `dn_lianxi` [ RunTime:0.0000s ]
SQL: SELECT * FROM `dn_lianxi` WHERE ( l_id=1 ) LIMIT 1   [ RunTime:0.0000s ]
SQL: SHOW COLUMNS FROM `dn_news` [ RunTime:0.0156s ]
SQL: SELECT * FROM `dn_news` WHERE ( n_cate='公司新闻' ) ORDER BY n_pai desc,n_id desc LIMIT 0,7   [ RunTime:0.0000s ]
SQL: SELECT * FROM `dn_news` WHERE ( n_cate='行业新闻' ) ORDER BY n_pai desc,n_id desc LIMIT 0,7   [ RunTime:0.0000s ]
SQL: SHOW COLUMNS FROM `dn_cooperation` [ RunTime:0.0000s ]
SQL: SELECT * FROM `dn_cooperation` ORDER BY co_pai desc,co_id desc  [ RunTime:0.0000s ]
INFO: [ view_parse ] --START--
INFO: [ template_filter ] --START--
INFO: Run Behavior\ContentReplaceBehavior [ RunTime:0.000000s ]
INFO: [ template_filter ] --END-- [ RunTime:0.000000s ]
NOTIC: [8] Undefined variable: video D:\wwwroot\bjhtx\wwwroot\Application\Runtime\Cache\Home\2a94b8bda04ff446dcedd42276fc99ee.php 第 133 行.
INFO: Run Behavior\ParseTemplateBehavior [ RunTime:0.031250s ]
INFO: [ view_parse ] --END-- [ RunTime:0.031250s ]
INFO: [ view_filter ] --START--
INFO: Run Behavior\WriteHtmlCacheBehavior [ RunTime:0.000000s ]
INFO: [ view_filter ] --END-- [ RunTime:0.000000s ]
INFO: [ app_end ] --START--
INFO: Run Behavior\ShowPageTraceBehavior [ RunTime:0.000000s ]
INFO: [ app_end ] --END-- [ RunTime:0.000000s ]

[ 2018-07-05T07:24:49+08:00 ] 127.0.0.1 /
INFO: [ app_init ] --START--
INFO: Run Behavior\BuildLiteBehavior [ RunTime:0.000000s ]
INFO: [ app_init ] --END-- [ RunTime:0.000000s ]
INFO: [ app_begin ] --START--
INFO: Run Behavior\ReadHtmlCacheBehavior [ RunTime:0.000000s ]
INFO: Run Behavior\CheckLangBehavior [ RunTime:0.000000s ]
INFO: [ app_begin ] --END-- [ RunTime:0.000000s ]
SQL: SHOW COLUMNS FROM `dn_banner` [ RunTime:0.0000s ]
SQL: SELECT * FROM `dn_banner` ORDER BY b_pai desc LIMIT 0,5   [ RunTime:0.0000s ]
SQL: SHOW COLUMNS FROM `dn_gaishu` [ RunTime:0.0000s ]
SQL: SELECT * FROM `dn_gaishu`  [ RunTime:0.0000s ]
SQL: select * from dn_product as p join dn_cate as c on c.c_id=p.c_id where c.c_name='检测设备' order by p_pai desc,p_id desc limit 0,8 [ RunTime:0.0000s ]
SQL: select * from dn_product as p join dn_cate as c on c.c_id=p.c_id where c.c_name='生产研发' order by p_pai desc,p_id desc limit 0,8 [ RunTime:0.0000s ]
SQL: SHOW COLUMNS FROM `dn_lianxi` [ RunTime:0.0000s ]
SQL: SELECT * FROM `dn_lianxi` WHERE ( l_id=1 ) LIMIT 1   [ RunTime:0.0000s ]
SQL: SHOW COLUMNS FROM `dn_news` [ RunTime:0.0000s ]
SQL: SELECT * FROM `dn_news` WHERE ( n_cate='公司新闻' ) ORDER BY n_pai desc,n_id desc LIMIT 0,7   [ RunTime:0.0156s ]
SQL: SELECT * FROM `dn_news` WHERE ( n_cate='行业新闻' ) ORDER BY n_pai desc,n_id desc LIMIT 0,7   [ RunTime:0.0000s ]
SQL: SHOW COLUMNS FROM `dn_cooperation` [ RunTime:0.0000s ]
SQL: SELECT * FROM `dn_cooperation` ORDER BY co_pai desc,co_id desc  [ RunTime:0.0000s ]
INFO: [ view_parse ] --START--
INFO: [ template_filter ] --START--
INFO: Run Behavior\ContentReplaceBehavior [ RunTime:0.000000s ]
INFO: [ template_filter ] --END-- [ RunTime:0.000000s ]
NOTIC: [8] Undefined variable: video D:\wwwroot\bjhtx\wwwroot\Application\Runtime\Cache\Home\2a94b8bda04ff446dcedd42276fc99ee.php 第 133 行.
INFO: Run Behavior\ParseTemplateBehavior [ RunTime:0.031250s ]
INFO: [ view_parse ] --END-- [ RunTime:0.031250s ]
INFO: [ view_filter ] --START--
INFO: Run Behavior\WriteHtmlCacheBehavior [ RunTime:0.000000s ]
INFO: [ view_filter ] --END-- [ RunTime:0.000000s ]
INFO: [ app_end ] --START--
INFO: Run Behavior\ShowPageTraceBehavior [ RunTime:0.000000s ]
INFO: [ app_end ] --END-- [ RunTime:0.000000s ]

[ 2018-07-05T12:17:28+08:00 ] 111.201.226.235 /index.php
INFO: [ app_init ] --START--
INFO: Run Behavior\BuildLiteBehavior [ RunTime:0.000000s ]
INFO: [ app_init ] --END-- [ RunTime:0.000000s ]
INFO: [ app_begin ] --START--
INFO: Run Behavior\ReadHtmlCacheBehavior [ RunTime:0.000000s ]
INFO: Run Behavior\CheckLangBehavior [ RunTime:0.015625s ]
INFO: [ app_begin ] --END-- [ RunTime:0.015625s ]
SQL: SHOW COLUMNS FROM `dn_banner` [ RunTime:0.0156s ]
SQL: SELECT * FROM `dn_banner` ORDER BY b_pai desc LIMIT 0,5   [ RunTime:0.0000s ]
SQL: SHOW COLUMNS FROM `dn_gaishu` [ RunTime:0.0000s ]
SQL: SELECT * FROM `dn_gaishu`  [ RunTime:0.0000s ]
SQL: select * from dn_product as p join dn_cate as c on c.c_id=p.c_id where c.c_name='检测设备' order by p_pai desc,p_id desc limit 0,8 [ RunTime:0.0000s ]
SQL: select * from dn_product as p join dn_cate as c on c.c_id=p.c_id where c.c_name='生产研发' order by p_pai desc,p_id desc limit 0,8 [ RunTime:0.0000s ]
SQL: SHOW COLUMNS FROM `dn_lianxi` [ RunTime:0.0000s ]
SQL: SELECT * FROM `dn_lianxi` WHERE ( l_id=1 ) LIMIT 1   [ RunTime:0.0000s ]
SQL: SHOW COLUMNS FROM `dn_news` [ RunTime:0.0156s ]
SQL: SELECT * FROM `dn_news` WHERE ( n_cate='公司新闻' ) ORDER BY n_pai desc,n_id desc LIMIT 0,7   [ RunTime:0.0156s ]
SQL: SELECT * FROM `dn_news` WHERE ( n_cate='行业新闻' ) ORDER BY n_pai desc,n_id desc LIMIT 0,7   [ RunTime:0.0000s ]
SQL: SHOW COLUMNS FROM `dn_cooperation` [ RunTime:0.0156s ]
SQL: SELECT * FROM `dn_cooperation` ORDER BY co_pai desc,co_id desc  [ RunTime:0.0156s ]
INFO: [ view_parse ] --START--
INFO: [ template_filter ] --START--
INFO: Run Behavior\ContentReplaceBehavior [ RunTime:0.000000s ]
INFO: [ template_filter ] --END-- [ RunTime:0.000000s ]
NOTIC: [8] Undefined variable: video D:\wwwroot\bjhtx\wwwroot\Application\Runtime\Cache\Home\2a94b8bda04ff446dcedd42276fc99ee.php 第 133 行.
INFO: Run Behavior\ParseTemplateBehavior [ RunTime:0.093750s ]
INFO: [ view_parse ] --END-- [ RunTime:0.093750s ]
INFO: [ view_filter ] --START--
INFO: Run Behavior\WriteHtmlCacheBehavior [ RunTime:0.000000s ]
INFO: [ view_filter ] --END-- [ RunTime:0.000000s ]
INFO: [ app_end ] --START--
INFO: Run Behavior\ShowPageTraceBehavior [ RunTime:0.015625s ]
INFO: [ app_end ] --END-- [ RunTime:0.015625s ]

[ 2018-07-05T13:50:31+08:00 ] 180.76.15.137 /index.php/Home/News/index/n_cate/hangye.html
INFO: [ app_init ] --START--
INFO: Run Behavior\BuildLiteBehavior [ RunTime:0.000000s ]
INFO: [ app_init ] --END-- [ RunTime:0.000000s ]
INFO: [ app_begin ] --START--
INFO: Run Behavior\ReadHtmlCacheBehavior [ RunTime:0.000000s ]
INFO: Run Behavior\CheckLangBehavior [ RunTime:0.031250s ]
INFO: [ app_begin ] --END-- [ RunTime:0.031250s ]
SQL: SHOW COLUMNS FROM `dn_news` [ RunTime:0.0000s ]
SQL: SELECT COUNT(*) AS tp_count FROM `dn_news` WHERE ( n_cate='行业新闻' ) LIMIT 1   [ RunTime:0.0000s ]
SQL: SELECT * FROM `dn_news` WHERE ( n_cate='行业新闻' ) ORDER BY n_pai desc,n_id desc LIMIT 0,6   [ RunTime:0.0000s ]
SQL: SHOW COLUMNS FROM `dn_lianxi` [ RunTime:0.0000s ]
SQL: SELECT * FROM `dn_lianxi` WHERE ( l_id=1 ) LIMIT 1   [ RunTime:0.0000s ]
SQL: SELECT * FROM `dn_news` ORDER BY n_click desc LIMIT 0,6   [ RunTime:0.0156s ]
INFO: [ view_parse ] --START--
INFO: [ template_filter ] --START--
INFO: Run Behavior\ContentReplaceBehavior [ RunTime:0.000000s ]
INFO: [ template_filter ] --END-- [ RunTime:0.000000s ]
NOTIC: [8] Undefined variable: think D:\wwwroot\bjhtx\wwwroot\Application\Runtime\Cache\Home\3e24b471de08a8366f7660bb176a5e74.php 第 120 行.
INFO: Run Behavior\ParseTemplateBehavior [ RunTime:0.031250s ]
INFO: [ view_parse ] --END-- [ RunTime:0.031250s ]
INFO: [ view_filter ] --START--
INFO: Run Behavior\WriteHtmlCacheBehavior [ RunTime:0.000000s ]
INFO: [ view_filter ] --END-- [ RunTime:0.000000s ]
INFO: [ app_end ] --START--
INFO: Run Behavior\ShowPageTraceBehavior [ RunTime:0.015625s ]
INFO: [ app_end ] --END-- [ RunTime:0.015625s ]

[ 2018-07-05T15:23:36+08:00 ] 115.239.212.69 /index.php/Home/Product/prodisplay/pid/102.html?User-Agent=Mozilla%2F5.0+%28Linux%3B+U%3B+Android+4.0.3%3B+zh-cn%3B+M032+Build%2FIML74K%29+AppleWebKit%2F534.30+%28KHTML%2C+like+Gecko%29+Version%2F4.0+Mobile+Safari%2F534.30%0A
INFO: [ app_init ] --START--
INFO: Run Behavior\BuildLiteBehavior [ RunTime:0.000000s ]
INFO: [ app_init ] --END-- [ RunTime:0.000000s ]
INFO: [ app_begin ] --START--
INFO: Run Behavior\ReadHtmlCacheBehavior [ RunTime:0.000000s ]
INFO: Run Behavior\CheckLangBehavior [ RunTime:0.000000s ]
INFO: [ app_begin ] --END-- [ RunTime:0.000000s ]
SQL: SHOW COLUMNS FROM `dn_cate` [ RunTime:0.0000s ]
SQL: SELECT * FROM `dn_cate` WHERE ( c_cate='列表页' ) ORDER BY c_pai desc,c_id desc  [ RunTime:0.0000s ]
SQL: select * from dn_cate as c join dn_product as p on p.c_id=c.c_id where p.p_id=102 [ RunTime:0.0000s ]
SQL: SHOW COLUMNS FROM `dn_lianxi` [ RunTime:0.0156s ]
SQL: SELECT * FROM `dn_lianxi` WHERE ( l_id=1 ) LIMIT 1   [ RunTime:0.0000s ]
SQL: SHOW COLUMNS FROM `dn_product` [ RunTime:0.0000s ]
SQL: UPDATE `dn_product` SET `p_click`='135' WHERE ( p_id=102 ) [ RunTime:0.1250s ]
SQL: SHOW COLUMNS FROM `dn_news` [ RunTime:0.0156s ]
SQL: SELECT * FROM `dn_news` ORDER BY n_click desc LIMIT 0,6   [ RunTime:0.0000s ]
INFO: [ view_parse ] --START--
INFO: [ template_filter ] --START--
INFO: Run Behavior\ContentReplaceBehavior [ RunTime:0.000000s ]
INFO: [ template_filter ] --END-- [ RunTime:0.000000s ]
INFO: Run Behavior\ParseTemplateBehavior [ RunTime:0.078125s ]
INFO: [ view_parse ] --END-- [ RunTime:0.078125s ]
INFO: [ view_filter ] --START--
INFO: Run Behavior\WriteHtmlCacheBehavior [ RunTime:0.000000s ]
INFO: [ view_filter ] --END-- [ RunTime:0.000000s ]
INFO: [ app_end ] --START--
INFO: Run Behavior\ShowPageTraceBehavior [ RunTime:0.000000s ]
INFO: [ app_end ] --END-- [ RunTime:0.000000s ]

[ 2018-07-05T15:23:40+08:00 ] 115.239.212.71 /index.php/Home/Product/prodisplay/pid/102.html
INFO: [ app_init ] --START--
INFO: Run Behavior\BuildLiteBehavior [ RunTime:0.000000s ]
INFO: [ app_init ] --END-- [ RunTime:0.015625s ]
INFO: [ app_begin ] --START--
INFO: Run Behavior\ReadHtmlCacheBehavior [ RunTime:0.000000s ]
INFO: Run Behavior\CheckLangBehavior [ RunTime:0.000000s ]
INFO: [ app_begin ] --END-- [ RunTime:0.000000s ]
SQL: SHOW COLUMNS FROM `dn_cate` [ RunTime:0.0000s ]
SQL: SELECT * FROM `dn_cate` WHERE ( c_cate='列表页' ) ORDER BY c_pai desc,c_id desc  [ RunTime:0.0000s ]
SQL: select * from dn_cate as c join dn_product as p on p.c_id=c.c_id where p.p_id=102 [ RunTime:0.0000s ]
SQL: SHOW COLUMNS FROM `dn_lianxi` [ RunTime:0.0156s ]
SQL: SELECT * FROM `dn_lianxi` WHERE ( l_id=1 ) LIMIT 1   [ RunTime:0.0000s ]
SQL: SHOW COLUMNS FROM `dn_product` [ RunTime:0.0000s ]
SQL: UPDATE `dn_product` SET `p_click`='136' WHERE ( p_id=102 ) [ RunTime:0.0156s ]
SQL: SHOW COLUMNS FROM `dn_news` [ RunTime:0.0000s ]
SQL: SELECT * FROM `dn_news` ORDER BY n_click desc LIMIT 0,6   [ RunTime:0.0000s ]
INFO: [ view_parse ] --START--
INFO: [ template_filter ] --START--
INFO: Run Behavior\ContentReplaceBehavior [ RunTime:0.000000s ]
INFO: [ template_filter ] --END-- [ RunTime:0.000000s ]
NOTIC: [8] Undefined variable: detailnews D:\wwwroot\bjhtx\wwwroot\Application\Runtime\Cache\Home\412435bbdd9706e42fca2d92b27c05ed.php 第 136 行.
INFO: Run Behavior\ParseTemplateBehavior [ RunTime:0.046875s ]
INFO: [ view_parse ] --END-- [ RunTime:0.046875s ]
INFO: [ view_filter ] --START--
INFO: Run Behavior\WriteHtmlCacheBehavior [ RunTime:0.000000s ]
INFO: [ view_filter ] --END-- [ RunTime:0.000000s ]
INFO: [ app_end ] --START--
INFO: Run Behavior\ShowPageTraceBehavior [ RunTime:0.000000s ]
INFO: [ app_end ] --END-- [ RunTime:0.000000s ]

[ 2018-07-05T15:28:47+08:00 ] 127.0.0.1 /
INFO: [ app_init ] --START--
INFO: Run Behavior\BuildLiteBehavior [ RunTime:0.000000s ]
INFO: [ app_init ] --END-- [ RunTime:0.015625s ]
INFO: [ app_begin ] --START--
INFO: Run Behavior\ReadHtmlCacheBehavior [ RunTime:0.000000s ]
INFO: Run Behavior\CheckLangBehavior [ RunTime:0.000000s ]
INFO: [ app_begin ] --END-- [ RunTime:0.000000s ]
SQL: SHOW COLUMNS FROM `dn_banner` [ RunTime:0.0000s ]
SQL: SELECT * FROM `dn_banner` ORDER BY b_pai desc LIMIT 0,5   [ RunTime:0.0000s ]
SQL: SHOW COLUMNS FROM `dn_gaishu` [ RunTime:0.0156s ]
SQL: SELECT * FROM `dn_gaishu`  [ RunTime:0.0000s ]
SQL: select * from dn_product as p join dn_cate as c on c.c_id=p.c_id where c.c_name='检测设备' order by p_pai desc,p_id desc limit 0,8 [ RunTime:0.0156s ]
SQL: select * from dn_product as p join dn_cate as c on c.c_id=p.c_id where c.c_name='生产研发' order by p_pai desc,p_id desc limit 0,8 [ RunTime:0.0000s ]
SQL: SHOW COLUMNS FROM `dn_lianxi` [ RunTime:0.0000s ]
SQL: SELECT * FROM `dn_lianxi` WHERE ( l_id=1 ) LIMIT 1   [ RunTime:0.0000s ]
SQL: SHOW COLUMNS FROM `dn_news` [ RunTime:0.0000s ]
SQL: SELECT * FROM `dn_news` WHERE ( n_cate='公司新闻' ) ORDER BY n_pai desc,n_id desc LIMIT 0,7   [ RunTime:0.0000s ]
SQL: SELECT * FROM `dn_news` WHERE ( n_cate='行业新闻' ) ORDER BY n_pai desc,n_id desc LIMIT 0,7   [ RunTime:0.0000s ]
SQL: SHOW COLUMNS FROM `dn_cooperation` [ RunTime:0.0313s ]
SQL: SELECT * FROM `dn_cooperation` ORDER BY co_pai desc,co_id desc  [ RunTime:0.0000s ]
INFO: [ view_parse ] --START--
INFO: [ template_filter ] --START--
INFO: Run Behavior\ContentReplaceBehavior [ RunTime:0.000000s ]
INFO: [ template_filter ] --END-- [ RunTime:0.015625s ]
NOTIC: [8] Undefined variable: video D:\wwwroot\bjhtx\wwwroot\Application\Runtime\Cache\Home\2a94b8bda04ff446dcedd42276fc99ee.php 第 133 行.
INFO: Run Behavior\ParseTemplateBehavior [ RunTime:0.046875s ]
INFO: [ view_parse ] --END-- [ RunTime:0.046875s ]
INFO: [ view_filter ] --START--
INFO: Run Behavior\WriteHtmlCacheBehavior [ RunTime:0.000000s ]
INFO: [ view_filter ] --END-- [ RunTime:0.000000s ]
INFO: [ app_end ] --START--
INFO: Run Behavior\ShowPageTraceBehavior [ RunTime:0.000000s ]
INFO: [ app_end ] --END-- [ RunTime:0.000000s ]

[ 2018-07-05T18:31:31+08:00 ] 220.181.108.162 /index.php/Home/Product/prodisplay/pid/21.html
INFO: [ app_init ] --START--
INFO: Run Behavior\BuildLiteBehavior [ RunTime:0.000000s ]
INFO: [ app_init ] --END-- [ RunTime:0.000000s ]
INFO: [ app_begin ] --START--
INFO: Run Behavior\ReadHtmlCacheBehavior [ RunTime:0.015625s ]
INFO: Run Behavior\CheckLangBehavior [ RunTime:0.015625s ]
INFO: [ app_begin ] --END-- [ RunTime:0.031250s ]
SQL: SHOW COLUMNS FROM `dn_cate` [ RunTime:0.0000s ]
SQL: SELECT * FROM `dn_cate` WHERE ( c_cate='列表页' ) ORDER BY c_pai desc,c_id desc  [ RunTime:0.0000s ]
SQL: select * from dn_cate as c join dn_product as p on p.c_id=c.c_id where p.p_id=21 [ RunTime:0.0156s ]
NOTIC: [8] Undefined offset: 0 D:\wwwroot\bjhtx\wwwroot\Application\Home\Controller\ProductController.class.php 第 103 行.
SQL: SHOW COLUMNS FROM `dn_lianxi` [ RunTime:0.0000s ]
SQL: SELECT * FROM `dn_lianxi` WHERE ( l_id=1 ) LIMIT 1   [ RunTime:0.0000s ]
SQL: SHOW COLUMNS FROM `dn_product` [ RunTime:0.0156s ]
SQL: UPDATE `dn_product` SET `p_click`='1' WHERE ( p_id=21 ) [ RunTime:0.0000s ]
SQL: SHOW COLUMNS FROM `dn_news` [ RunTime:0.0000s ]
SQL: SELECT * FROM `dn_news` ORDER BY n_click desc LIMIT 0,6   [ RunTime:0.0000s ]
INFO: [ view_parse ] --START--
INFO: [ template_filter ] --START--
INFO: Run Behavior\ContentReplaceBehavior [ RunTime:0.000000s ]
INFO: [ template_filter ] --END-- [ RunTime:0.000000s ]
INFO: Run Behavior\ParseTemplateBehavior [ RunTime:0.046875s ]
INFO: [ view_parse ] --END-- [ RunTime:0.046875s ]
INFO: [ view_filter ] --START--
INFO: Run Behavior\WriteHtmlCacheBehavior [ RunTime:0.015625s ]
INFO: [ view_filter ] --END-- [ RunTime:0.015625s ]
INFO: [ app_end ] --START--
INFO: Run Behavior\ShowPageTraceBehavior [ RunTime:0.000000s ]
INFO: [ app_end ] --END-- [ RunTime:0.000000s ]

