[ 2018-07-27T03:26:40+08:00 ] 180.76.15.154 /index.php/Home/Sale/
INFO: [ app_init ] --START--
INFO: Run Behavior\BuildLiteBehavior [ RunTime:0.000000s ]
INFO: [ app_init ] --END-- [ RunTime:0.015625s ]
INFO: [ app_begin ] --START--
INFO: Run Behavior\ReadHtmlCacheBehavior [ RunTime:0.015625s ]
INFO: Run Behavior\CheckLangBehavior [ RunTime:0.015625s ]
INFO: [ app_begin ] --END-- [ RunTime:0.031250s ]
SQL: SHOW COLUMNS FROM `dn_cate` [ RunTime:0.0000s ]
SQL: SELECT * FROM `dn_cate` ORDER BY c_pai desc,c_id desc  [ RunTime:0.0000s ]
SQL: SHOW COLUMNS FROM `dn_lianxi` [ RunTime:0.0000s ]
SQL: SELECT * FROM `dn_lianxi` WHERE ( l_id=1 ) LIMIT 1   [ RunTime:0.0156s ]
SQL: SHOW COLUMNS FROM `dn_qita` [ RunTime:0.0156s ]
SQL: SELECT * FROM `dn_qita` WHERE ( q_name='销售网络' ) LIMIT 1   [ RunTime:0.0000s ]
SQL: SHOW COLUMNS FROM `dn_news` [ RunTime:0.0000s ]
SQL: SELECT * FROM `dn_news` ORDER BY n_click desc LIMIT 0,6   [ RunTime:0.0156s ]
INFO: [ view_parse ] --START--
INFO: [ template_filter ] --START--
INFO: Run Behavior\ContentReplaceBehavior [ RunTime:0.000000s ]
INFO: [ template_filter ] --END-- [ RunTime:0.000000s ]
INFO: Run Behavior\ParseTemplateBehavior [ RunTime:0.093750s ]
INFO: [ view_parse ] --END-- [ RunTime:0.093750s ]
INFO: [ view_filter ] --START--
INFO: Run Behavior\WriteHtmlCacheBehavior [ RunTime:0.015625s ]
INFO: [ view_filter ] --END-- [ RunTime:0.015625s ]
INFO: [ app_end ] --START--
INFO: Run Behavior\ShowPageTraceBehavior [ RunTime:0.000000s ]
INFO: [ app_end ] --END-- [ RunTime:0.000000s ]

[ 2018-07-27T05:38:55+08:00 ] 127.0.0.1 /
INFO: [ app_init ] --START--
INFO: Run Behavior\BuildLiteBehavior [ RunTime:0.000000s ]
INFO: [ app_init ] --END-- [ RunTime:0.015625s ]
INFO: [ app_begin ] --START--
INFO: Run Behavior\ReadHtmlCacheBehavior [ RunTime:0.015625s ]
INFO: Run Behavior\CheckLangBehavior [ RunTime:0.000000s ]
INFO: [ app_begin ] --END-- [ RunTime:0.015625s ]
SQL: SHOW COLUMNS FROM `dn_banner` [ RunTime:0.0313s ]
SQL: SELECT * FROM `dn_banner` ORDER BY b_pai desc LIMIT 0,5   [ RunTime:0.0000s ]
SQL: SHOW COLUMNS FROM `dn_gaishu` [ RunTime:0.0156s ]
SQL: SELECT * FROM `dn_gaishu`  [ RunTime:0.0000s ]
SQL: select * from dn_product as p join dn_cate as c on c.c_id=p.c_id where c.c_name='检测设备' order by p_pai desc,p_id desc limit 0,8 [ RunTime:0.0156s ]
SQL: select * from dn_product as p join dn_cate as c on c.c_id=p.c_id where c.c_name='生产研发' order by p_pai desc,p_id desc limit 0,8 [ RunTime:0.0000s ]
SQL: SHOW COLUMNS FROM `dn_lianxi` [ RunTime:0.0000s ]
SQL: SELECT * FROM `dn_lianxi` WHERE ( l_id=1 ) LIMIT 1   [ RunTime:0.0156s ]
SQL: SHOW COLUMNS FROM `dn_news` [ RunTime:0.0000s ]
SQL: SELECT * FROM `dn_news` WHERE ( n_cate='公司新闻' ) ORDER BY n_pai desc,n_id desc LIMIT 0,7   [ RunTime:0.0156s ]
SQL: SELECT * FROM `dn_news` WHERE ( n_cate='行业新闻' ) ORDER BY n_pai desc,n_id desc LIMIT 0,7   [ RunTime:0.0000s ]
SQL: SHOW COLUMNS FROM `dn_cooperation` [ RunTime:0.0156s ]
SQL: SELECT * FROM `dn_cooperation` ORDER BY co_pai desc,co_id desc  [ RunTime:0.0000s ]
INFO: [ view_parse ] --START--
INFO: [ template_filter ] --START--
INFO: Run Behavior\ContentReplaceBehavior [ RunTime:0.000000s ]
INFO: [ template_filter ] --END-- [ RunTime:0.000000s ]
NOTIC: [8] Undefined variable: video D:\wwwroot\bjhtx\wwwroot\Application\Runtime\Cache\Home\2a94b8bda04ff446dcedd42276fc99ee.php 第 133 行.
INFO: Run Behavior\ParseTemplateBehavior [ RunTime:0.062500s ]
INFO: [ view_parse ] --END-- [ RunTime:0.062500s ]
INFO: [ view_filter ] --START--
INFO: Run Behavior\WriteHtmlCacheBehavior [ RunTime:0.000000s ]
INFO: [ view_filter ] --END-- [ RunTime:0.000000s ]
INFO: [ app_end ] --START--
INFO: Run Behavior\ShowPageTraceBehavior [ RunTime:0.015625s ]
INFO: [ app_end ] --END-- [ RunTime:0.015625s ]

[ 2018-07-27T08:36:23+08:00 ] 127.0.0.1 /
INFO: [ app_init ] --START--
INFO: Run Behavior\BuildLiteBehavior [ RunTime:0.000000s ]
INFO: [ app_init ] --END-- [ RunTime:0.000000s ]
INFO: [ app_begin ] --START--
INFO: Run Behavior\ReadHtmlCacheBehavior [ RunTime:0.015625s ]
INFO: Run Behavior\CheckLangBehavior [ RunTime:0.000000s ]
INFO: [ app_begin ] --END-- [ RunTime:0.015625s ]
SQL: SHOW COLUMNS FROM `dn_banner` [ RunTime:0.0156s ]
SQL: SELECT * FROM `dn_banner` ORDER BY b_pai desc LIMIT 0,5   [ RunTime:0.0000s ]
SQL: SHOW COLUMNS FROM `dn_gaishu` [ RunTime:0.0000s ]
SQL: SELECT * FROM `dn_gaishu`  [ RunTime:0.0000s ]
SQL: select * from dn_product as p join dn_cate as c on c.c_id=p.c_id where c.c_name='检测设备' order by p_pai desc,p_id desc limit 0,8 [ RunTime:0.0156s ]
SQL: select * from dn_product as p join dn_cate as c on c.c_id=p.c_id where c.c_name='生产研发' order by p_pai desc,p_id desc limit 0,8 [ RunTime:0.0000s ]
SQL: SHOW COLUMNS FROM `dn_lianxi` [ RunTime:0.0156s ]
SQL: SELECT * FROM `dn_lianxi` WHERE ( l_id=1 ) LIMIT 1   [ RunTime:0.0000s ]
SQL: SHOW COLUMNS FROM `dn_news` [ RunTime:0.0000s ]
SQL: SELECT * FROM `dn_news` WHERE ( n_cate='公司新闻' ) ORDER BY n_pai desc,n_id desc LIMIT 0,7   [ RunTime:0.0000s ]
SQL: SELECT * FROM `dn_news` WHERE ( n_cate='行业新闻' ) ORDER BY n_pai desc,n_id desc LIMIT 0,7   [ RunTime:0.0000s ]
SQL: SHOW COLUMNS FROM `dn_cooperation` [ RunTime:0.0156s ]
SQL: SELECT * FROM `dn_cooperation` ORDER BY co_pai desc,co_id desc  [ RunTime:0.0000s ]
INFO: [ view_parse ] --START--
INFO: [ template_filter ] --START--
INFO: Run Behavior\ContentReplaceBehavior [ RunTime:0.000000s ]
INFO: [ template_filter ] --END-- [ RunTime:0.000000s ]
NOTIC: [8] Undefined variable: video D:\wwwroot\bjhtx\wwwroot\Application\Runtime\Cache\Home\2a94b8bda04ff446dcedd42276fc99ee.php 第 133 行.
INFO: Run Behavior\ParseTemplateBehavior [ RunTime:0.078125s ]
INFO: [ view_parse ] --END-- [ RunTime:0.078125s ]
INFO: [ view_filter ] --START--
INFO: Run Behavior\WriteHtmlCacheBehavior [ RunTime:0.000000s ]
INFO: [ view_filter ] --END-- [ RunTime:0.000000s ]
INFO: [ app_end ] --START--
INFO: Run Behavior\ShowPageTraceBehavior [ RunTime:0.000000s ]
INFO: [ app_end ] --END-- [ RunTime:0.000000s ]

[ 2018-07-27T09:18:33+08:00 ] 127.0.0.1 /
INFO: [ app_init ] --START--
INFO: Run Behavior\BuildLiteBehavior [ RunTime:0.000000s ]
INFO: [ app_init ] --END-- [ RunTime:0.000000s ]
INFO: [ app_begin ] --START--
INFO: Run Behavior\ReadHtmlCacheBehavior [ RunTime:0.000000s ]
INFO: Run Behavior\CheckLangBehavior [ RunTime:0.000000s ]
INFO: [ app_begin ] --END-- [ RunTime:0.000000s ]
SQL: SHOW COLUMNS FROM `dn_banner` [ RunTime:0.0000s ]
SQL: SELECT * FROM `dn_banner` ORDER BY b_pai desc LIMIT 0,5   [ RunTime:0.0000s ]
SQL: SHOW COLUMNS FROM `dn_gaishu` [ RunTime:0.0000s ]
SQL: SELECT * FROM `dn_gaishu`  [ RunTime:0.0000s ]
SQL: select * from dn_product as p join dn_cate as c on c.c_id=p.c_id where c.c_name='检测设备' order by p_pai desc,p_id desc limit 0,8 [ RunTime:0.0000s ]
SQL: select * from dn_product as p join dn_cate as c on c.c_id=p.c_id where c.c_name='生产研发' order by p_pai desc,p_id desc limit 0,8 [ RunTime:0.0000s ]
SQL: SHOW COLUMNS FROM `dn_lianxi` [ RunTime:0.0156s ]
SQL: SELECT * FROM `dn_lianxi` WHERE ( l_id=1 ) LIMIT 1   [ RunTime:0.0000s ]
SQL: SHOW COLUMNS FROM `dn_news` [ RunTime:0.0000s ]
SQL: SELECT * FROM `dn_news` WHERE ( n_cate='公司新闻' ) ORDER BY n_pai desc,n_id desc LIMIT 0,7   [ RunTime:0.0000s ]
SQL: SELECT * FROM `dn_news` WHERE ( n_cate='行业新闻' ) ORDER BY n_pai desc,n_id desc LIMIT 0,7   [ RunTime:0.0000s ]
SQL: SHOW COLUMNS FROM `dn_cooperation` [ RunTime:0.0156s ]
SQL: SELECT * FROM `dn_cooperation` ORDER BY co_pai desc,co_id desc  [ RunTime:0.0000s ]
INFO: [ view_parse ] --START--
INFO: [ template_filter ] --START--
INFO: Run Behavior\ContentReplaceBehavior [ RunTime:0.000000s ]
INFO: [ template_filter ] --END-- [ RunTime:0.000000s ]
NOTIC: [8] Undefined variable: video D:\wwwroot\bjhtx\wwwroot\Application\Runtime\Cache\Home\2a94b8bda04ff446dcedd42276fc99ee.php 第 133 行.
INFO: Run Behavior\ParseTemplateBehavior [ RunTime:0.031250s ]
INFO: [ view_parse ] --END-- [ RunTime:0.031250s ]
INFO: [ view_filter ] --START--
INFO: Run Behavior\WriteHtmlCacheBehavior [ RunTime:0.000000s ]
INFO: [ view_filter ] --END-- [ RunTime:0.000000s ]
INFO: [ app_end ] --START--
INFO: Run Behavior\ShowPageTraceBehavior [ RunTime:0.000000s ]
INFO: [ app_end ] --END-- [ RunTime:0.000000s ]

[ 2018-07-27T09:18:48+08:00 ] 222.128.127.232 /index.php/Home/Company/index.html
INFO: [ app_init ] --START--
INFO: Run Behavior\BuildLiteBehavior [ RunTime:0.000000s ]
INFO: [ app_init ] --END-- [ RunTime:0.015625s ]
INFO: [ app_begin ] --START--
INFO: Run Behavior\ReadHtmlCacheBehavior [ RunTime:0.000000s ]
INFO: Run Behavior\CheckLangBehavior [ RunTime:0.000000s ]
INFO: [ app_begin ] --END-- [ RunTime:0.000000s ]
SQL: SHOW COLUMNS FROM `dn_company` [ RunTime:0.0156s ]
SQL: SELECT * FROM `dn_company` ORDER BY cm_pai desc,cm_id desc  [ RunTime:0.0000s ]
SQL: SHOW COLUMNS FROM `dn_lianxi` [ RunTime:0.0000s ]
SQL: SELECT * FROM `dn_lianxi` WHERE ( l_id=1 ) LIMIT 1   [ RunTime:0.0000s ]
SQL: SHOW COLUMNS FROM `dn_news` [ RunTime:0.0000s ]
SQL: SELECT * FROM `dn_news` ORDER BY n_click desc LIMIT 0,6   [ RunTime:0.0000s ]
SQL: SELECT * FROM `dn_company` WHERE ( cm_name='公司简介' ) LIMIT 1   [ RunTime:0.0000s ]
INFO: [ view_parse ] --START--
INFO: [ template_filter ] --START--
INFO: Run Behavior\ContentReplaceBehavior [ RunTime:0.000000s ]
INFO: [ template_filter ] --END-- [ RunTime:0.000000s ]
INFO: Run Behavior\ParseTemplateBehavior [ RunTime:0.031250s ]
INFO: [ view_parse ] --END-- [ RunTime:0.031250s ]
INFO: [ view_filter ] --START--
INFO: Run Behavior\WriteHtmlCacheBehavior [ RunTime:0.000000s ]
INFO: [ view_filter ] --END-- [ RunTime:0.000000s ]
INFO: [ app_end ] --START--
INFO: Run Behavior\ShowPageTraceBehavior [ RunTime:0.000000s ]
INFO: [ app_end ] --END-- [ RunTime:0.000000s ]

[ 2018-07-27T09:18:59+08:00 ] 222.128.127.232 /index.php/Home/Index/index.html
INFO: [ app_init ] --START--
INFO: Run Behavior\BuildLiteBehavior [ RunTime:0.000000s ]
INFO: [ app_init ] --END-- [ RunTime:0.000000s ]
INFO: [ app_begin ] --START--
INFO: Run Behavior\ReadHtmlCacheBehavior [ RunTime:0.000000s ]
INFO: Run Behavior\CheckLangBehavior [ RunTime:0.000000s ]
INFO: [ app_begin ] --END-- [ RunTime:0.000000s ]
SQL: SHOW COLUMNS FROM `dn_banner` [ RunTime:0.0000s ]
SQL: SELECT * FROM `dn_banner` ORDER BY b_pai desc LIMIT 0,5   [ RunTime:0.0000s ]
SQL: SHOW COLUMNS FROM `dn_gaishu` [ RunTime:0.0000s ]
SQL: SELECT * FROM `dn_gaishu`  [ RunTime:0.0000s ]
SQL: select * from dn_product as p join dn_cate as c on c.c_id=p.c_id where c.c_name='检测设备' order by p_pai desc,p_id desc limit 0,8 [ RunTime:0.0156s ]
SQL: select * from dn_product as p join dn_cate as c on c.c_id=p.c_id where c.c_name='生产研发' order by p_pai desc,p_id desc limit 0,8 [ RunTime:0.0000s ]
SQL: SHOW COLUMNS FROM `dn_lianxi` [ RunTime:0.0000s ]
SQL: SELECT * FROM `dn_lianxi` WHERE ( l_id=1 ) LIMIT 1   [ RunTime:0.0000s ]
SQL: SHOW COLUMNS FROM `dn_news` [ RunTime:0.0000s ]
SQL: SELECT * FROM `dn_news` WHERE ( n_cate='公司新闻' ) ORDER BY n_pai desc,n_id desc LIMIT 0,7   [ RunTime:0.0156s ]
SQL: SELECT * FROM `dn_news` WHERE ( n_cate='行业新闻' ) ORDER BY n_pai desc,n_id desc LIMIT 0,7   [ RunTime:0.0000s ]
SQL: SHOW COLUMNS FROM `dn_cooperation` [ RunTime:0.0000s ]
SQL: SELECT * FROM `dn_cooperation` ORDER BY co_pai desc,co_id desc  [ RunTime:0.0000s ]
INFO: [ view_parse ] --START--
INFO: [ template_filter ] --START--
INFO: Run Behavior\ContentReplaceBehavior [ RunTime:0.000000s ]
INFO: [ template_filter ] --END-- [ RunTime:0.000000s ]
NOTIC: [8] Undefined variable: video D:\wwwroot\bjhtx\wwwroot\Application\Runtime\Cache\Home\2a94b8bda04ff446dcedd42276fc99ee.php 第 133 行.
INFO: Run Behavior\ParseTemplateBehavior [ RunTime:0.031250s ]
INFO: [ view_parse ] --END-- [ RunTime:0.031250s ]
INFO: [ view_filter ] --START--
INFO: Run Behavior\WriteHtmlCacheBehavior [ RunTime:0.000000s ]
INFO: [ view_filter ] --END-- [ RunTime:0.000000s ]
INFO: [ app_end ] --START--
INFO: Run Behavior\ShowPageTraceBehavior [ RunTime:0.000000s ]
INFO: [ app_end ] --END-- [ RunTime:0.000000s ]

[ 2018-07-27T09:47:38+08:00 ] 220.181.132.194 /index.php/Home/Index/index.html
INFO: [ app_init ] --START--
INFO: Run Behavior\BuildLiteBehavior [ RunTime:0.000000s ]
INFO: [ app_init ] --END-- [ RunTime:0.000000s ]
INFO: [ app_begin ] --START--
INFO: Run Behavior\ReadHtmlCacheBehavior [ RunTime:0.000000s ]
INFO: Run Behavior\CheckLangBehavior [ RunTime:0.015625s ]
INFO: [ app_begin ] --END-- [ RunTime:0.015625s ]
SQL: SHOW COLUMNS FROM `dn_banner` [ RunTime:0.0000s ]
SQL: SELECT * FROM `dn_banner` ORDER BY b_pai desc LIMIT 0,5   [ RunTime:0.0000s ]
SQL: SHOW COLUMNS FROM `dn_gaishu` [ RunTime:0.0156s ]
SQL: SELECT * FROM `dn_gaishu`  [ RunTime:0.0000s ]
SQL: select * from dn_product as p join dn_cate as c on c.c_id=p.c_id where c.c_name='检测设备' order by p_pai desc,p_id desc limit 0,8 [ RunTime:0.0000s ]
SQL: select * from dn_product as p join dn_cate as c on c.c_id=p.c_id where c.c_name='生产研发' order by p_pai desc,p_id desc limit 0,8 [ RunTime:0.0000s ]
SQL: SHOW COLUMNS FROM `dn_lianxi` [ RunTime:0.0156s ]
SQL: SELECT * FROM `dn_lianxi` WHERE ( l_id=1 ) LIMIT 1   [ RunTime:0.0000s ]
SQL: SHOW COLUMNS FROM `dn_news` [ RunTime:0.0156s ]
SQL: SELECT * FROM `dn_news` WHERE ( n_cate='公司新闻' ) ORDER BY n_pai desc,n_id desc LIMIT 0,7   [ RunTime:0.0000s ]
SQL: SELECT * FROM `dn_news` WHERE ( n_cate='行业新闻' ) ORDER BY n_pai desc,n_id desc LIMIT 0,7   [ RunTime:0.0000s ]
SQL: SHOW COLUMNS FROM `dn_cooperation` [ RunTime:0.0000s ]
SQL: SELECT * FROM `dn_cooperation` ORDER BY co_pai desc,co_id desc  [ RunTime:0.0000s ]
INFO: [ view_parse ] --START--
INFO: [ template_filter ] --START--
INFO: Run Behavior\ContentReplaceBehavior [ RunTime:0.000000s ]
INFO: [ template_filter ] --END-- [ RunTime:0.000000s ]
NOTIC: [8] Undefined variable: video D:\wwwroot\bjhtx\wwwroot\Application\Runtime\Cache\Home\2a94b8bda04ff446dcedd42276fc99ee.php 第 133 行.
INFO: Run Behavior\ParseTemplateBehavior [ RunTime:0.062500s ]
INFO: [ view_parse ] --END-- [ RunTime:0.062500s ]
INFO: [ view_filter ] --START--
INFO: Run Behavior\WriteHtmlCacheBehavior [ RunTime:0.000000s ]
INFO: [ view_filter ] --END-- [ RunTime:0.000000s ]
INFO: [ app_end ] --START--
INFO: Run Behavior\ShowPageTraceBehavior [ RunTime:0.000000s ]
INFO: [ app_end ] --END-- [ RunTime:0.000000s ]

[ 2018-07-27T11:20:05+08:00 ] 220.181.108.86 /index.php/Home/News/detail/nid/29.html
INFO: [ app_init ] --START--
INFO: Run Behavior\BuildLiteBehavior [ RunTime:0.000000s ]
INFO: [ app_init ] --END-- [ RunTime:0.000000s ]
INFO: [ app_begin ] --START--
INFO: Run Behavior\ReadHtmlCacheBehavior [ RunTime:0.000000s ]
INFO: Run Behavior\CheckLangBehavior [ RunTime:0.000000s ]
INFO: [ app_begin ] --END-- [ RunTime:0.000000s ]
SQL: SHOW COLUMNS FROM `dn_news` [ RunTime:0.0000s ]
SQL: SHOW COLUMNS FROM `dn_lianxi` [ RunTime:0.0156s ]
SQL: SELECT * FROM `dn_lianxi` WHERE ( l_id=1 ) LIMIT 1   [ RunTime:0.0000s ]
SQL: SELECT * FROM `dn_news` WHERE ( n_id=29 ) LIMIT 1   [ RunTime:0.0000s ]
SQL: UPDATE `dn_news` SET `n_click`='730' WHERE ( n_id=29 ) [ RunTime:0.0000s ]
SQL: SELECT * FROM `dn_news` ORDER BY n_click desc LIMIT 0,6   [ RunTime:0.0156s ]
INFO: [ view_parse ] --START--
INFO: [ template_filter ] --START--
INFO: Run Behavior\ContentReplaceBehavior [ RunTime:0.000000s ]
INFO: [ template_filter ] --END-- [ RunTime:0.000000s ]
NOTIC: [8] Undefined index: n_kyes D:\wwwroot\bjhtx\wwwroot\Application\Runtime\Cache\Home\aca8b289ff6c2c7180f304ffd37940b8.php 第 6 行.
INFO: Run Behavior\ParseTemplateBehavior [ RunTime:0.046875s ]
INFO: [ view_parse ] --END-- [ RunTime:0.046875s ]
INFO: [ view_filter ] --START--
INFO: Run Behavior\WriteHtmlCacheBehavior [ RunTime:0.000000s ]
INFO: [ view_filter ] --END-- [ RunTime:0.015625s ]
INFO: [ app_end ] --START--
INFO: Run Behavior\ShowPageTraceBehavior [ RunTime:0.000000s ]
INFO: [ app_end ] --END-- [ RunTime:0.000000s ]

[ 2018-07-27T11:53:24+08:00 ] 220.181.108.180 /index.php/Home/News/index/n_cate/gongsi.html
INFO: [ app_init ] --START--
INFO: Run Behavior\BuildLiteBehavior [ RunTime:0.000000s ]
INFO: [ app_init ] --END-- [ RunTime:0.000000s ]
INFO: [ app_begin ] --START--
INFO: Run Behavior\ReadHtmlCacheBehavior [ RunTime:0.000000s ]
INFO: Run Behavior\CheckLangBehavior [ RunTime:0.000000s ]
INFO: [ app_begin ] --END-- [ RunTime:0.000000s ]
SQL: SHOW COLUMNS FROM `dn_news` [ RunTime:0.0000s ]
SQL: SELECT COUNT(*) AS tp_count FROM `dn_news` WHERE ( n_cate='公司新闻' ) LIMIT 1   [ RunTime:0.0000s ]
SQL: SELECT * FROM `dn_news` WHERE ( n_cate='公司新闻' ) ORDER BY n_pai desc,n_id desc LIMIT 0,6   [ RunTime:0.0000s ]
SQL: SHOW COLUMNS FROM `dn_lianxi` [ RunTime:0.0000s ]
SQL: SELECT * FROM `dn_lianxi` WHERE ( l_id=1 ) LIMIT 1   [ RunTime:0.0000s ]
SQL: SELECT * FROM `dn_news` ORDER BY n_click desc LIMIT 0,6   [ RunTime:0.0000s ]
INFO: [ view_parse ] --START--
INFO: [ template_filter ] --START--
INFO: Run Behavior\ContentReplaceBehavior [ RunTime:0.000000s ]
INFO: [ template_filter ] --END-- [ RunTime:0.000000s ]
NOTIC: [8] Undefined variable: think D:\wwwroot\bjhtx\wwwroot\Application\Runtime\Cache\Home\3e24b471de08a8366f7660bb176a5e74.php 第 120 行.
INFO: Run Behavior\ParseTemplateBehavior [ RunTime:0.031250s ]
INFO: [ view_parse ] --END-- [ RunTime:0.031250s ]
INFO: [ view_filter ] --START--
INFO: Run Behavior\WriteHtmlCacheBehavior [ RunTime:0.000000s ]
INFO: [ view_filter ] --END-- [ RunTime:0.000000s ]
INFO: [ app_end ] --START--
INFO: Run Behavior\ShowPageTraceBehavior [ RunTime:0.000000s ]
INFO: [ app_end ] --END-- [ RunTime:0.000000s ]

[ 2018-07-27T12:26:45+08:00 ] 220.181.108.121 /index.php/Home/News/index/n_cate/hangye.html
INFO: [ app_init ] --START--
INFO: Run Behavior\BuildLiteBehavior [ RunTime:0.000000s ]
INFO: [ app_init ] --END-- [ RunTime:0.000000s ]
INFO: [ app_begin ] --START--
INFO: Run Behavior\ReadHtmlCacheBehavior [ RunTime:0.000000s ]
INFO: Run Behavior\CheckLangBehavior [ RunTime:0.000000s ]
INFO: [ app_begin ] --END-- [ RunTime:0.000000s ]
SQL: SHOW COLUMNS FROM `dn_news` [ RunTime:0.0156s ]
SQL: SELECT COUNT(*) AS tp_count FROM `dn_news` WHERE ( n_cate='行业新闻' ) LIMIT 1   [ RunTime:0.0000s ]
SQL: SELECT * FROM `dn_news` WHERE ( n_cate='行业新闻' ) ORDER BY n_pai desc,n_id desc LIMIT 0,6   [ RunTime:0.0000s ]
SQL: SHOW COLUMNS FROM `dn_lianxi` [ RunTime:0.0156s ]
SQL: SELECT * FROM `dn_lianxi` WHERE ( l_id=1 ) LIMIT 1   [ RunTime:0.0000s ]
SQL: SELECT * FROM `dn_news` ORDER BY n_click desc LIMIT 0,6   [ RunTime:0.0156s ]
INFO: [ view_parse ] --START--
INFO: [ template_filter ] --START--
INFO: Run Behavior\ContentReplaceBehavior [ RunTime:0.000000s ]
INFO: [ template_filter ] --END-- [ RunTime:0.000000s ]
NOTIC: [8] Undefined variable: think D:\wwwroot\bjhtx\wwwroot\Application\Runtime\Cache\Home\3e24b471de08a8366f7660bb176a5e74.php 第 120 行.
INFO: Run Behavior\ParseTemplateBehavior [ RunTime:0.015625s ]
INFO: [ view_parse ] --END-- [ RunTime:0.015625s ]
INFO: [ view_filter ] --START--
INFO: Run Behavior\WriteHtmlCacheBehavior [ RunTime:0.000000s ]
INFO: [ view_filter ] --END-- [ RunTime:0.000000s ]
INFO: [ app_end ] --START--
INFO: Run Behavior\ShowPageTraceBehavior [ RunTime:0.015625s ]
INFO: [ app_end ] --END-- [ RunTime:0.015625s ]

[ 2018-07-27T13:11:10+08:00 ] 180.76.15.135 /index.php/Home/Product/index/cid/13.html
INFO: [ app_init ] --START--
INFO: Run Behavior\BuildLiteBehavior [ RunTime:0.000000s ]
INFO: [ app_init ] --END-- [ RunTime:0.000000s ]
INFO: [ app_begin ] --START--
INFO: Run Behavior\ReadHtmlCacheBehavior [ RunTime:0.000000s ]
INFO: Run Behavior\CheckLangBehavior [ RunTime:0.015625s ]
INFO: [ app_begin ] --END-- [ RunTime:0.015625s ]
SQL: SHOW COLUMNS FROM `dn_news` [ RunTime:0.0000s ]
SQL: SHOW COLUMNS FROM `dn_product` [ RunTime:0.0156s ]
SQL: SHOW COLUMNS FROM `dn_cate` [ RunTime:0.0156s ]
SQL: SELECT * FROM `dn_cate` ORDER BY c_pai desc,c_id desc  [ RunTime:0.0000s ]
SQL: SHOW COLUMNS FROM `dn_product` [ RunTime:0.0156s ]
SQL: SELECT COUNT(*) AS tp_count FROM `dn_product` WHERE ( c_id=13 ) LIMIT 1   [ RunTime:0.0000s ]
SQL: select * from dn_cate as c join dn_product as p on c.c_id=p.c_id where c.c_id=13 order by p_pai desc,p_id desc limit 0,15 [ RunTime:0.0000s ]
SQL: SHOW COLUMNS FROM `dn_lianxi` [ RunTime:0.0000s ]
SQL: SELECT * FROM `dn_lianxi` WHERE ( l_id=1 ) LIMIT 1   [ RunTime:0.0000s ]
SQL: SELECT * FROM `dn_news` ORDER BY n_click desc LIMIT 0,6   [ RunTime:0.0156s ]
INFO: [ view_parse ] --START--
INFO: [ template_filter ] --START--
INFO: Run Behavior\ContentReplaceBehavior [ RunTime:0.000000s ]
INFO: [ template_filter ] --END-- [ RunTime:0.000000s ]
INFO: Run Behavior\ParseTemplateBehavior [ RunTime:0.031250s ]
INFO: [ view_parse ] --END-- [ RunTime:0.031250s ]
INFO: [ view_filter ] --START--
INFO: Run Behavior\WriteHtmlCacheBehavior [ RunTime:0.000000s ]
INFO: [ view_filter ] --END-- [ RunTime:0.000000s ]
INFO: [ app_end ] --START--
INFO: Run Behavior\ShowPageTraceBehavior [ RunTime:0.000000s ]
INFO: [ app_end ] --END-- [ RunTime:0.000000s ]

[ 2018-07-27T13:44:30+08:00 ] 180.76.15.139 /index.php/Home/Product/prodisplay/pid/48.html
INFO: [ app_init ] --START--
INFO: Run Behavior\BuildLiteBehavior [ RunTime:0.000000s ]
INFO: [ app_init ] --END-- [ RunTime:0.000000s ]
INFO: [ app_begin ] --START--
INFO: Run Behavior\ReadHtmlCacheBehavior [ RunTime:0.000000s ]
INFO: Run Behavior\CheckLangBehavior [ RunTime:0.000000s ]
INFO: [ app_begin ] --END-- [ RunTime:0.000000s ]
SQL: SHOW COLUMNS FROM `dn_cate` [ RunTime:0.0000s ]
SQL: SELECT * FROM `dn_cate` WHERE ( c_cate='列表页' ) ORDER BY c_pai desc,c_id desc  [ RunTime:0.0000s ]
SQL: select * from dn_cate as c join dn_product as p on p.c_id=c.c_id where p.p_id=48 [ RunTime:0.0000s ]
SQL: SHOW COLUMNS FROM `dn_lianxi` [ RunTime:0.0156s ]
SQL: SELECT * FROM `dn_lianxi` WHERE ( l_id=1 ) LIMIT 1   [ RunTime:0.0000s ]
SQL: SHOW COLUMNS FROM `dn_product` [ RunTime:0.0000s ]
SQL: UPDATE `dn_product` SET `p_click`='260' WHERE ( p_id=48 ) [ RunTime:0.0156s ]
SQL: SHOW COLUMNS FROM `dn_news` [ RunTime:0.0000s ]
SQL: SELECT * FROM `dn_news` ORDER BY n_click desc LIMIT 0,6   [ RunTime:0.0000s ]
INFO: [ view_parse ] --START--
INFO: [ template_filter ] --START--
INFO: Run Behavior\ContentReplaceBehavior [ RunTime:0.000000s ]
INFO: [ template_filter ] --END-- [ RunTime:0.000000s ]
INFO: Run Behavior\ParseTemplateBehavior [ RunTime:0.031250s ]
INFO: [ view_parse ] --END-- [ RunTime:0.031250s ]
INFO: [ view_filter ] --START--
INFO: Run Behavior\WriteHtmlCacheBehavior [ RunTime:0.000000s ]
INFO: [ view_filter ] --END-- [ RunTime:0.000000s ]
INFO: [ app_end ] --START--
INFO: Run Behavior\ShowPageTraceBehavior [ RunTime:0.000000s ]
INFO: [ app_end ] --END-- [ RunTime:0.000000s ]

[ 2018-07-27T16:54:39+08:00 ] 127.0.0.1 /
INFO: [ app_init ] --START--
INFO: Run Behavior\BuildLiteBehavior [ RunTime:0.000000s ]
INFO: [ app_init ] --END-- [ RunTime:0.000000s ]
INFO: [ app_begin ] --START--
INFO: Run Behavior\ReadHtmlCacheBehavior [ RunTime:0.000000s ]
INFO: Run Behavior\CheckLangBehavior [ RunTime:0.015625s ]
INFO: [ app_begin ] --END-- [ RunTime:0.015625s ]
SQL: SHOW COLUMNS FROM `dn_banner` [ RunTime:0.0313s ]
SQL: SELECT * FROM `dn_banner` ORDER BY b_pai desc LIMIT 0,5   [ RunTime:0.0000s ]
SQL: SHOW COLUMNS FROM `dn_gaishu` [ RunTime:0.0313s ]
SQL: SELECT * FROM `dn_gaishu`  [ RunTime:0.0000s ]
SQL: select * from dn_product as p join dn_cate as c on c.c_id=p.c_id where c.c_name='检测设备' order by p_pai desc,p_id desc limit 0,8 [ RunTime:0.0313s ]
SQL: select * from dn_product as p join dn_cate as c on c.c_id=p.c_id where c.c_name='生产研发' order by p_pai desc,p_id desc limit 0,8 [ RunTime:0.0156s ]
SQL: SHOW COLUMNS FROM `dn_lianxi` [ RunTime:0.0313s ]
SQL: SELECT * FROM `dn_lianxi` WHERE ( l_id=1 ) LIMIT 1   [ RunTime:0.0000s ]
SQL: SHOW COLUMNS FROM `dn_news` [ RunTime:0.0313s ]
SQL: SELECT * FROM `dn_news` WHERE ( n_cate='公司新闻' ) ORDER BY n_pai desc,n_id desc LIMIT 0,7   [ RunTime:0.0156s ]
SQL: SELECT * FROM `dn_news` WHERE ( n_cate='行业新闻' ) ORDER BY n_pai desc,n_id desc LIMIT 0,7   [ RunTime:0.0000s ]
SQL: SHOW COLUMNS FROM `dn_cooperation` [ RunTime:0.0313s ]
SQL: SELECT * FROM `dn_cooperation` ORDER BY co_pai desc,co_id desc  [ RunTime:0.0000s ]
INFO: [ view_parse ] --START--
INFO: [ template_filter ] --START--
INFO: Run Behavior\ContentReplaceBehavior [ RunTime:0.000000s ]
INFO: [ template_filter ] --END-- [ RunTime:0.000000s ]
NOTIC: [8] Undefined variable: video D:\wwwroot\bjhtx\wwwroot\Application\Runtime\Cache\Home\2a94b8bda04ff446dcedd42276fc99ee.php 第 133 行.
INFO: Run Behavior\ParseTemplateBehavior [ RunTime:0.125000s ]
INFO: [ view_parse ] --END-- [ RunTime:0.125000s ]
INFO: [ view_filter ] --START--
INFO: Run Behavior\WriteHtmlCacheBehavior [ RunTime:0.015625s ]
INFO: [ view_filter ] --END-- [ RunTime:0.015625s ]

[ 2018-07-27T21:32:56+08:00 ] 203.208.60.194 /index.php/Home/Product/index/cid/8.html
INFO: [ app_init ] --START--
INFO: Run Behavior\BuildLiteBehavior [ RunTime:0.000000s ]
INFO: [ app_init ] --END-- [ RunTime:0.015625s ]
INFO: [ app_begin ] --START--
INFO: Run Behavior\ReadHtmlCacheBehavior [ RunTime:0.000000s ]
INFO: Run Behavior\CheckLangBehavior [ RunTime:0.000000s ]
INFO: [ app_begin ] --END-- [ RunTime:0.000000s ]
SQL: SHOW COLUMNS FROM `dn_news` [ RunTime:0.0000s ]
SQL: SHOW COLUMNS FROM `dn_product` [ RunTime:0.0156s ]
SQL: SHOW COLUMNS FROM `dn_cate` [ RunTime:0.0000s ]
SQL: SELECT * FROM `dn_cate` ORDER BY c_pai desc,c_id desc  [ RunTime:0.0000s ]
SQL: SHOW COLUMNS FROM `dn_product` [ RunTime:0.0000s ]
SQL: SELECT COUNT(*) AS tp_count FROM `dn_product` WHERE ( c_id=8 ) LIMIT 1   [ RunTime:0.0000s ]
SQL: select * from dn_cate as c join dn_product as p on c.c_id=p.c_id where c.c_id=8 order by p_pai desc,p_id desc limit 0,15 [ RunTime:0.0156s ]
SQL: SHOW COLUMNS FROM `dn_lianxi` [ RunTime:0.0156s ]
SQL: SELECT * FROM `dn_lianxi` WHERE ( l_id=1 ) LIMIT 1   [ RunTime:0.0000s ]
SQL: SELECT * FROM `dn_news` ORDER BY n_click desc LIMIT 0,6   [ RunTime:0.0000s ]
INFO: [ view_parse ] --START--
INFO: [ template_filter ] --START--
INFO: Run Behavior\ContentReplaceBehavior [ RunTime:0.000000s ]
INFO: [ template_filter ] --END-- [ RunTime:0.000000s ]
INFO: Run Behavior\ParseTemplateBehavior [ RunTime:0.062500s ]
INFO: [ view_parse ] --END-- [ RunTime:0.062500s ]
INFO: [ view_filter ] --START--
INFO: Run Behavior\WriteHtmlCacheBehavior [ RunTime:0.015625s ]
INFO: [ view_filter ] --END-- [ RunTime:0.015625s ]
INFO: [ app_end ] --START--
INFO: Run Behavior\ShowPageTraceBehavior [ RunTime:0.000000s ]
INFO: [ app_end ] --END-- [ RunTime:0.000000s ]

